<?xml version="1.0" encoding="UTF-8"?>
<robot generator="Robot 4.0 (Python 3.9.4 on darwin)" generated="20210503 11:04:28.505" rpa="false" schemaversion="2">
<suite id="s1" name="A Tests" source="/Users/apple/workspace/VestedFinanceAutomation/VestedFinance/Tests/Android/A_Tests.robot">
<kw name="Open App On Browserstack" library="A_Common" type="SETUP">
<kw name="Open Application" library="AppiumLibrary">
<arg>${remote_URL}</arg>
<arg>app="bs://691e806da04c31df1138e84cbb5d377050bff8e3"</arg>
<arg>name=ML02_Tests</arg>
<arg>build=RobotFramework</arg>
<arg>platformName=Android</arg>
<arg>os_version=9.0</arg>
<arg>device=Google Pixel 3</arg>
<doc>Opens a new application to given Appium server.
Capabilities of appium server, Android and iOS,
Please check https://github.com/appium/appium/blob/master/docs/en/writing-running-appium/server-args.md
| *Option*            | *Man.* | *Description*     |
| remote_url          | Yes    | Appium server url |
| alias               | no     | alias             |</doc>
<status status="PASS" starttime="20210503 11:04:29.134" endtime="20210503 11:05:00.554"/>
</kw>
<kw name="Landing Page Is Loaded Completely" library="A_LandingPage">
<kw name="Wait For Element Visibility On Android" library="A_Common">
<arg>${vf_A_startInvestingBtn}</arg>
<kw name="Wait Until Element Is Visible" library="AppiumLibrary">
<arg>${element}</arg>
<arg>timeout=20</arg>
<doc>Waits until element specified with `locator` is visible.</doc>
<status status="PASS" starttime="20210503 11:05:00.555" endtime="20210503 11:05:04.653"/>
</kw>
<status status="PASS" starttime="20210503 11:05:00.555" endtime="20210503 11:05:04.653"/>
</kw>
<kw name="Log To Console" library="BuiltIn">
<arg>Landing page is displayed</arg>
<doc>Logs the given message to the console.</doc>
<status status="PASS" starttime="20210503 11:05:04.654" endtime="20210503 11:05:04.654"/>
</kw>
<status status="PASS" starttime="20210503 11:05:00.555" endtime="20210503 11:05:04.654"/>
</kw>
<status status="PASS" starttime="20210503 11:04:29.133" endtime="20210503 11:05:04.655"/>
</kw>
<test id="s1-t1" name="KYC: Aadhaar Front &amp; Back- POI">
<kw name="Signup And Signin For KYC" library="A_KYC">
<kw name="User Navigates To Signup Screen" library="A_SignUp">
<kw name="Click On Start Investing Button" library="A_LandingPage">
<kw name="Sleep" library="BuiltIn">
<arg>5s</arg>
<doc>Pauses the test executed for the given time.</doc>
<msg timestamp="20210503 11:05:09.660" level="INFO">Slept 5 seconds</msg>
<status status="PASS" starttime="20210503 11:05:04.657" endtime="20210503 11:05:09.660"/>
</kw>
<kw name="Swipe By Percent" library="AppiumLibrary">
<arg>80</arg>
<arg>70</arg>
<arg>20</arg>
<arg>20</arg>
<arg>5000</arg>
<doc>Swipe from one percent of the screen to another percent, for an optional duration.
Normal swipe fails to scale for different screen resolutions, this can be avoided using percent.</doc>
<status status="PASS" starttime="20210503 11:05:09.660" endtime="20210503 11:05:14.254"/>
</kw>
<kw name="Click On Element If Visibile" library="A_Common">
<arg>${vf_A_startInvestingBtn}</arg>
<kw name="Run Keyword And Return Status" library="BuiltIn">
<var>${isElementVisible}</var>
<arg>Verify Element Visibility</arg>
<arg>${element}</arg>
<doc>Runs the given keyword with given arguments and returns the status as a Boolean value.</doc>
<kw name="Verify Element Visibility" library="A_Common">
<arg>${element}</arg>
<kw name="Wait For Element Visibility On Android" library="A_Common">
<arg>${element}</arg>
<kw name="Wait Until Element Is Visible" library="AppiumLibrary">
<arg>${element}</arg>
<arg>timeout=20</arg>
<doc>Waits until element specified with `locator` is visible.</doc>
<status status="PASS" starttime="20210503 11:05:14.258" endtime="20210503 11:05:15.483"/>
</kw>
<status status="PASS" starttime="20210503 11:05:14.257" endtime="20210503 11:05:15.483"/>
</kw>
<kw name="Element Should Be Visible" library="AppiumLibrary">
<arg>${element}</arg>
<doc>Verifies that element identified with locator is visible.</doc>
<status status="PASS" starttime="20210503 11:05:15.484" endtime="20210503 11:05:16.494"/>
</kw>
<status status="PASS" starttime="20210503 11:05:14.256" endtime="20210503 11:05:16.494"/>
</kw>
<msg timestamp="20210503 11:05:16.495" level="INFO">${isElementVisible} = True</msg>
<status status="PASS" starttime="20210503 11:05:14.256" endtime="20210503 11:05:16.495"/>
</kw>
<if>
<branch type="IF" condition="${isElementVisible}">
<kw name="Wait And Click Element On Android" library="A_Common">
<arg>${element}</arg>
<kw name="Wait For Element Visibility On Android" library="A_Common">
<arg>${element}</arg>
<kw name="Wait Until Element Is Visible" library="AppiumLibrary">
<arg>${element}</arg>
<arg>timeout=20</arg>
<doc>Waits until element specified with `locator` is visible.</doc>
<status status="PASS" starttime="20210503 11:05:16.496" endtime="20210503 11:05:17.130"/>
</kw>
<status status="PASS" starttime="20210503 11:05:16.496" endtime="20210503 11:05:17.130"/>
</kw>
<kw name="Click Element" library="AppiumLibrary">
<arg>${element}</arg>
<doc>Click element identified by `locator`.</doc>
<msg timestamp="20210503 11:05:17.151" level="INFO">Clicking element 'xpath=//*[@text='Start Investing']'.</msg>
<status status="PASS" starttime="20210503 11:05:17.131" endtime="20210503 11:05:18.010"/>
</kw>
<status status="PASS" starttime="20210503 11:05:16.495" endtime="20210503 11:05:18.011"/>
</kw>
<status status="PASS" starttime="20210503 11:05:16.495" endtime="20210503 11:05:18.011"/>
</branch>
<branch type="ELSE">
<kw name="Log To Console" library="BuiltIn">
<arg>Continuing without element click</arg>
<doc>Logs the given message to the console.</doc>
<status status="NOT RUN" starttime="20210503 11:05:18.011" endtime="20210503 11:05:18.011"/>
</kw>
<status status="NOT RUN" starttime="20210503 11:05:18.011" endtime="20210503 11:05:18.012"/>
</branch>
<status status="PASS" starttime="20210503 11:05:16.495" endtime="20210503 11:05:18.012"/>
</if>
<status status="PASS" starttime="20210503 11:05:14.255" endtime="20210503 11:05:18.012"/>
</kw>
<kw name="Run Keyword And Return Status" library="BuiltIn">
<var>${isElementVisible}</var>
<arg>Verify Element Visibility</arg>
<arg>${vf_A_chromeOption}</arg>
<doc>Runs the given keyword with given arguments and returns the status as a Boolean value.</doc>
<kw name="Verify Element Visibility" library="A_Common">
<arg>${vf_A_chromeOption}</arg>
<kw name="Wait For Element Visibility On Android" library="A_Common">
<arg>${element}</arg>
<kw name="Wait Until Element Is Visible" library="AppiumLibrary">
<arg>${element}</arg>
<arg>timeout=20</arg>
<doc>Waits until element specified with `locator` is visible.</doc>
<status status="PASS" starttime="20210503 11:05:18.014" endtime="20210503 11:05:19.502"/>
</kw>
<status status="PASS" starttime="20210503 11:05:18.013" endtime="20210503 11:05:19.502"/>
</kw>
<kw name="Element Should Be Visible" library="AppiumLibrary">
<arg>${element}</arg>
<doc>Verifies that element identified with locator is visible.</doc>
<status status="PASS" starttime="20210503 11:05:19.503" endtime="20210503 11:05:20.372"/>
</kw>
<status status="PASS" starttime="20210503 11:05:18.013" endtime="20210503 11:05:20.372"/>
</kw>
<msg timestamp="20210503 11:05:20.372" level="INFO">${isElementVisible} = True</msg>
<status status="PASS" starttime="20210503 11:05:18.012" endtime="20210503 11:05:20.372"/>
</kw>
<if>
<branch type="IF" condition="${isElementVisible}">
<kw name="Choose Chrome Browser" library="A_Common">
<kw name="Wait And Click Element On Android" library="A_Common">
<arg>${vf_A_chromeOption}</arg>
<kw name="Wait For Element Visibility On Android" library="A_Common">
<arg>${element}</arg>
<kw name="Wait Until Element Is Visible" library="AppiumLibrary">
<arg>${element}</arg>
<arg>timeout=20</arg>
<doc>Waits until element specified with `locator` is visible.</doc>
<status status="PASS" starttime="20210503 11:05:20.374" endtime="20210503 11:05:21.037"/>
</kw>
<status status="PASS" starttime="20210503 11:05:20.373" endtime="20210503 11:05:21.037"/>
</kw>
<kw name="Click Element" library="AppiumLibrary">
<arg>${element}</arg>
<doc>Click element identified by `locator`.</doc>
<msg timestamp="20210503 11:05:21.057" level="INFO">Clicking element 'xpath=//*[@text='Chrome']'.</msg>
<status status="PASS" starttime="20210503 11:05:21.037" endtime="20210503 11:05:21.698"/>
</kw>
<status status="PASS" starttime="20210503 11:05:20.373" endtime="20210503 11:05:21.699"/>
</kw>
<kw name="Wait And Click Element On Android" library="A_Common">
<arg>${vf_A_alwaysBtn}</arg>
<kw name="Wait For Element Visibility On Android" library="A_Common">
<arg>${element}</arg>
<kw name="Wait Until Element Is Visible" library="AppiumLibrary">
<arg>${element}</arg>
<arg>timeout=20</arg>
<doc>Waits until element specified with `locator` is visible.</doc>
<status status="PASS" starttime="20210503 11:05:21.700" endtime="20210503 11:05:22.709"/>
</kw>
<status status="PASS" starttime="20210503 11:05:21.699" endtime="20210503 11:05:22.709"/>
</kw>
<kw name="Click Element" library="AppiumLibrary">
<arg>${element}</arg>
<doc>Click element identified by `locator`.</doc>
<msg timestamp="20210503 11:05:22.728" level="INFO">Clicking element 'xpath=//*[@text='Always']'.</msg>
<status status="PASS" starttime="20210503 11:05:22.710" endtime="20210503 11:05:23.244"/>
</kw>
<status status="PASS" starttime="20210503 11:05:21.699" endtime="20210503 11:05:23.245"/>
</kw>
<status status="PASS" starttime="20210503 11:05:20.373" endtime="20210503 11:05:23.245"/>
</kw>
<status status="PASS" starttime="20210503 11:05:20.372" endtime="20210503 11:05:23.245"/>
</branch>
<branch type="ELSE">
<kw name="Log To Console" library="BuiltIn">
<arg>Running on Real/Emulator Device</arg>
<doc>Logs the given message to the console.</doc>
<status status="NOT RUN" starttime="20210503 11:05:23.245" endtime="20210503 11:05:23.245"/>
</kw>
<status status="NOT RUN" starttime="20210503 11:05:23.245" endtime="20210503 11:05:23.246"/>
</branch>
<status status="PASS" starttime="20210503 11:05:20.372" endtime="20210503 11:05:23.246"/>
</if>
<status status="PASS" starttime="20210503 11:05:04.657" endtime="20210503 11:05:23.246"/>
</kw>
<kw name="Click On Element If Visibile" library="A_Common">
<arg>${vf_A_signInAsDiffUser}</arg>
<kw name="Run Keyword And Return Status" library="BuiltIn">
<var>${isElementVisible}</var>
<arg>Verify Element Visibility</arg>
<arg>${element}</arg>
<doc>Runs the given keyword with given arguments and returns the status as a Boolean value.</doc>
<kw name="Verify Element Visibility" library="A_Common">
<arg>${element}</arg>
<kw name="Wait For Element Visibility On Android" library="A_Common">
<arg>${element}</arg>
<kw name="Wait Until Element Is Visible" library="AppiumLibrary">
<arg>${element}</arg>
<arg>timeout=20</arg>
<doc>Waits until element specified with `locator` is visible.</doc>
<kw name="Capture Page Screenshot" library="AppiumLibrary">
<doc>Takes a screenshot of the current page and embeds it into the log.</doc>
<msg timestamp="20210503 11:05:47.168" level="INFO" html="true">&lt;/td&gt;&lt;/tr&gt;&lt;tr&gt;&lt;td colspan="3"&gt;&lt;a href="appium-screenshot-1.png"&gt;&lt;img src="appium-screenshot-1.png" width="800px"&gt;&lt;/a&gt;</msg>
<status status="PASS" starttime="20210503 11:05:43.567" endtime="20210503 11:05:47.168"/>
</kw>
<msg timestamp="20210503 11:05:47.169" level="FAIL">Element locator 'xpath=//*[@text='Sign in as a different user?']' did not match any elements after 20 seconds</msg>
<status status="FAIL" starttime="20210503 11:05:23.248" endtime="20210503 11:05:47.169"/>
</kw>
<status status="FAIL" starttime="20210503 11:05:23.248" endtime="20210503 11:05:47.170"/>
</kw>
<kw name="Element Should Be Visible" library="AppiumLibrary">
<arg>${element}</arg>
<doc>Verifies that element identified with locator is visible.</doc>
<status status="NOT RUN" starttime="20210503 11:05:47.170" endtime="20210503 11:05:47.170"/>
</kw>
<status status="FAIL" starttime="20210503 11:05:23.247" endtime="20210503 11:05:47.170"/>
</kw>
<msg timestamp="20210503 11:05:47.170" level="INFO">${isElementVisible} = False</msg>
<status status="PASS" starttime="20210503 11:05:23.247" endtime="20210503 11:05:47.170"/>
</kw>
<if>
<branch type="IF" condition="${isElementVisible}">
<kw name="Wait And Click Element On Android" library="A_Common">
<arg>${element}</arg>
<status status="NOT RUN" starttime="20210503 11:05:47.171" endtime="20210503 11:05:47.171"/>
</kw>
<status status="NOT RUN" starttime="20210503 11:05:47.170" endtime="20210503 11:05:47.171"/>
</branch>
<branch type="ELSE">
<kw name="Log To Console" library="BuiltIn">
<arg>Continuing without element click</arg>
<doc>Logs the given message to the console.</doc>
<status status="PASS" starttime="20210503 11:05:47.171" endtime="20210503 11:05:47.171"/>
</kw>
<status status="PASS" starttime="20210503 11:05:47.171" endtime="20210503 11:05:47.171"/>
</branch>
<status status="PASS" starttime="20210503 11:05:47.170" endtime="20210503 11:05:47.171"/>
</if>
<status status="PASS" starttime="20210503 11:05:23.246" endtime="20210503 11:05:47.171"/>
</kw>
<kw name="User Clicks On Signup Link" library="A_SignIn">
<kw name="Swipe By Percent" library="AppiumLibrary">
<arg>70</arg>
<arg>70</arg>
<arg>20</arg>
<arg>20</arg>
<arg>5000</arg>
<doc>Swipe from one percent of the screen to another percent, for an optional duration.
Normal swipe fails to scale for different screen resolutions, this can be avoided using percent.</doc>
<status status="PASS" starttime="20210503 11:05:47.172" endtime="20210503 11:05:49.737"/>
</kw>
<kw name="Wait And Click Element On Android" library="A_Common">
<arg>${vf_A_signUpLink}</arg>
<kw name="Wait For Element Visibility On Android" library="A_Common">
<arg>${element}</arg>
<kw name="Wait Until Element Is Visible" library="AppiumLibrary">
<arg>${element}</arg>
<arg>timeout=20</arg>
<doc>Waits until element specified with `locator` is visible.</doc>
<status status="PASS" starttime="20210503 11:05:49.740" endtime="20210503 11:05:50.358"/>
</kw>
<status status="PASS" starttime="20210503 11:05:49.739" endtime="20210503 11:05:50.358"/>
</kw>
<kw name="Click Element" library="AppiumLibrary">
<arg>${element}</arg>
<doc>Click element identified by `locator`.</doc>
<msg timestamp="20210503 11:05:50.389" level="INFO">Clicking element 'xpath=//*[@text='Sign up']'.</msg>
<status status="PASS" starttime="20210503 11:05:50.359" endtime="20210503 11:05:50.991"/>
</kw>
<status status="PASS" starttime="20210503 11:05:49.738" endtime="20210503 11:05:50.991"/>
</kw>
<kw name="Log To Console" library="BuiltIn">
<arg>Clicked on Signup Link</arg>
<doc>Logs the given message to the console.</doc>
<status status="PASS" starttime="20210503 11:05:50.991" endtime="20210503 11:05:50.992"/>
</kw>
<status status="PASS" starttime="20210503 11:05:47.172" endtime="20210503 11:05:50.992"/>
</kw>
<status status="PASS" starttime="20210503 11:05:04.656" endtime="20210503 11:05:50.992"/>
</kw>
<kw name="User Enters New Email Password &amp; Signups" library="A_SignUp">
<kw name="Generate Email ID" library="A_Common">
<var>${emailIDGenerated}</var>
<kw name="Generate Random Number" library="A_Common">
<var>${randomNum}</var>
<arg>0</arg>
<arg>99999</arg>
<kw name="Evaluate" library="BuiltIn">
<var>${randomNum}</var>
<arg>random.randint(${startingrange}, ${endingrange})</arg>
<doc>Evaluates the given expression in Python and returns the result.</doc>
<msg timestamp="20210503 11:05:50.995" level="INFO">${randomNum} = 73392</msg>
<status status="PASS" starttime="20210503 11:05:50.994" endtime="20210503 11:05:50.995"/>
</kw>
<msg timestamp="20210503 11:05:50.996" level="INFO">${randomNum} = 73392</msg>
<status status="PASS" starttime="20210503 11:05:50.993" endtime="20210503 11:05:50.996"/>
</kw>
<kw name="Catenate" library="BuiltIn">
<var>${newEmail}</var>
<arg>${e_emailPrefix}+${randomNum}${e_emailDomain}</arg>
<doc>Catenates the given items together and returns the resulted string.</doc>
<msg timestamp="20210503 11:05:50.997" level="INFO">${newEmail} = moolya+auto_+73392@moolya.com</msg>
<status status="PASS" starttime="20210503 11:05:50.996" endtime="20210503 11:05:50.997"/>
</kw>
<kw name="Log To Console" library="BuiltIn">
<arg>New Email ID Generated - ${newEmail}</arg>
<doc>Logs the given message to the console.</doc>
<status status="PASS" starttime="20210503 11:05:50.997" endtime="20210503 11:05:50.998"/>
</kw>
<msg timestamp="20210503 11:05:50.998" level="INFO">${emailIDGenerated} = moolya+auto_+73392@moolya.com</msg>
<status status="PASS" starttime="20210503 11:05:50.993" endtime="20210503 11:05:50.998"/>
</kw>
<kw name="Set Global Variable" library="BuiltIn">
<arg>${emailIDGenerated}</arg>
<doc>Makes a variable available globally in all tests and suites.</doc>
<msg timestamp="20210503 11:05:50.999" level="INFO">${emailIDGenerated} = moolya+auto_+73392@moolya.com</msg>
<status status="PASS" starttime="20210503 11:05:50.998" endtime="20210503 11:05:50.999"/>
</kw>
<kw name="Enter Email" library="A_SignIn">
<arg>${emailIDGenerated}</arg>
<kw name="Navigate Back To Signin Screen If Element Visible" library="A_Common">
<arg>${vf_A_googleChooseAccPage}</arg>
<kw name="Run Keyword And Return Status" library="BuiltIn">
<var>${isElementVisible}</var>
<arg>Verify Element Visibility</arg>
<arg>${element}</arg>
<doc>Runs the given keyword with given arguments and returns the status as a Boolean value.</doc>
<kw name="Verify Element Visibility" library="A_Common">
<arg>${element}</arg>
<kw name="Wait For Element Visibility On Android" library="A_Common">
<arg>${element}</arg>
<kw name="Wait Until Element Is Visible" library="AppiumLibrary">
<arg>${element}</arg>
<arg>timeout=20</arg>
<doc>Waits until element specified with `locator` is visible.</doc>
<kw name="Capture Page Screenshot" library="AppiumLibrary">
<doc>Takes a screenshot of the current page and embeds it into the log.</doc>
<msg timestamp="20210503 11:06:14.100" level="INFO" html="true">&lt;/td&gt;&lt;/tr&gt;&lt;tr&gt;&lt;td colspan="3"&gt;&lt;a href="appium-screenshot-2.png"&gt;&lt;img src="appium-screenshot-2.png" width="800px"&gt;&lt;/a&gt;</msg>
<status status="PASS" starttime="20210503 11:06:11.546" endtime="20210503 11:06:14.100"/>
</kw>
<msg timestamp="20210503 11:06:14.100" level="FAIL">Element locator 'xpath=//*[@text='Choose an account']' did not match any elements after 20 seconds</msg>
<status status="FAIL" starttime="20210503 11:05:51.005" endtime="20210503 11:06:14.100"/>
</kw>
<status status="FAIL" starttime="20210503 11:05:51.003" endtime="20210503 11:06:14.100"/>
</kw>
<kw name="Element Should Be Visible" library="AppiumLibrary">
<arg>${element}</arg>
<doc>Verifies that element identified with locator is visible.</doc>
<status status="NOT RUN" starttime="20210503 11:06:14.101" endtime="20210503 11:06:14.101"/>
</kw>
<status status="FAIL" starttime="20210503 11:05:51.002" endtime="20210503 11:06:14.101"/>
</kw>
<msg timestamp="20210503 11:06:14.101" level="INFO">${isElementVisible} = False</msg>
<status status="PASS" starttime="20210503 11:05:51.000" endtime="20210503 11:06:14.101"/>
</kw>
<if>
<branch type="IF" condition="${isElementVisible}">
<kw name="Go Back" library="AppiumLibrary">
<doc>Goes one step backward in the browser history.</doc>
<status status="NOT RUN" starttime="20210503 11:06:14.101" endtime="20210503 11:06:14.101"/>
</kw>
<kw name="Log To Console" library="BuiltIn">
<arg>Came back to previous screen</arg>
<doc>Logs the given message to the console.</doc>
<status status="NOT RUN" starttime="20210503 11:06:14.101" endtime="20210503 11:06:14.102"/>
</kw>
<status status="NOT RUN" starttime="20210503 11:06:14.101" endtime="20210503 11:06:14.102"/>
</branch>
<branch type="ELSE">
<kw name="Log To Console" library="BuiltIn">
<arg>Continuing without any action</arg>
<doc>Logs the given message to the console.</doc>
<status status="PASS" starttime="20210503 11:06:14.102" endtime="20210503 11:06:14.102"/>
</kw>
<status status="PASS" starttime="20210503 11:06:14.102" endtime="20210503 11:06:14.102"/>
</branch>
<status status="PASS" starttime="20210503 11:06:14.101" endtime="20210503 11:06:14.102"/>
</if>
<status status="PASS" starttime="20210503 11:05:51.000" endtime="20210503 11:06:14.102"/>
</kw>
<kw name="Verify Element Visibility" library="A_Common">
<arg>${vf_A_userName}</arg>
<kw name="Wait For Element Visibility On Android" library="A_Common">
<arg>${element}</arg>
<kw name="Wait Until Element Is Visible" library="AppiumLibrary">
<arg>${element}</arg>
<arg>timeout=20</arg>
<doc>Waits until element specified with `locator` is visible.</doc>
<status status="PASS" starttime="20210503 11:06:14.103" endtime="20210503 11:06:14.685"/>
</kw>
<status status="PASS" starttime="20210503 11:06:14.103" endtime="20210503 11:06:14.685"/>
</kw>
<kw name="Element Should Be Visible" library="AppiumLibrary">
<arg>${element}</arg>
<doc>Verifies that element identified with locator is visible.</doc>
<status status="PASS" starttime="20210503 11:06:14.686" endtime="20210503 11:06:15.641"/>
</kw>
<status status="PASS" starttime="20210503 11:06:14.102" endtime="20210503 11:06:15.642"/>
</kw>
<kw name="Clear Text" library="AppiumLibrary">
<arg>${vf_A_userName}</arg>
<doc>Clears the text field identified by `locator`.</doc>
<msg timestamp="20210503 11:06:15.662" level="INFO">Clear text field 'xpath=//*[@class='android.widget.EditText']'</msg>
<status status="PASS" starttime="20210503 11:06:15.642" endtime="20210503 11:06:16.325"/>
</kw>
<kw name="Input Text" library="AppiumLibrary">
<arg>${vf_A_userName}</arg>
<arg>${email}</arg>
<doc>Types the given `text` into text field identified by `locator`.</doc>
<msg timestamp="20210503 11:06:16.344" level="INFO">Typing text 'moolya+auto_+73392@moolya.com' into text field 'xpath=//*[@class='android.widget.EditText']'</msg>
<status status="PASS" starttime="20210503 11:06:16.325" endtime="20210503 11:06:17.577"/>
</kw>
<kw name="Log To Console" library="BuiltIn">
<arg>Email entered - ${email}</arg>
<doc>Logs the given message to the console.</doc>
<status status="PASS" starttime="20210503 11:06:17.577" endtime="20210503 11:06:17.577"/>
</kw>
<status status="PASS" starttime="20210503 11:05:50.999" endtime="20210503 11:06:17.578"/>
</kw>
<kw name="Enter Password" library="A_SignIn">
<arg>${e_validPassword}</arg>
<kw name="Wait For Element Visibility On Android" library="A_Common">
<arg>${vf_A_password}</arg>
<kw name="Wait Until Element Is Visible" library="AppiumLibrary">
<arg>${element}</arg>
<arg>timeout=20</arg>
<doc>Waits until element specified with `locator` is visible.</doc>
<status status="PASS" starttime="20210503 11:06:17.579" endtime="20210503 11:06:18.741"/>
</kw>
<status status="PASS" starttime="20210503 11:06:17.578" endtime="20210503 11:06:18.741"/>
</kw>
<kw name="Verify Element Visibility" library="A_Common">
<arg>${vf_A_password}</arg>
<kw name="Wait For Element Visibility On Android" library="A_Common">
<arg>${element}</arg>
<kw name="Wait Until Element Is Visible" library="AppiumLibrary">
<arg>${element}</arg>
<arg>timeout=20</arg>
<doc>Waits until element specified with `locator` is visible.</doc>
<status status="PASS" starttime="20210503 11:06:18.743" endtime="20210503 11:06:19.282"/>
</kw>
<status status="PASS" starttime="20210503 11:06:18.742" endtime="20210503 11:06:19.282"/>
</kw>
<kw name="Element Should Be Visible" library="AppiumLibrary">
<arg>${element}</arg>
<doc>Verifies that element identified with locator is visible.</doc>
<status status="PASS" starttime="20210503 11:06:19.283" endtime="20210503 11:06:20.198"/>
</kw>
<status status="PASS" starttime="20210503 11:06:18.741" endtime="20210503 11:06:20.199"/>
</kw>
<kw name="Clear Text" library="AppiumLibrary">
<arg>${vf_A_password}</arg>
<doc>Clears the text field identified by `locator`.</doc>
<msg timestamp="20210503 11:06:20.220" level="INFO">Clear text field 'xpath=//*[@class='android.widget.EditText'][2]'</msg>
<status status="PASS" starttime="20210503 11:06:20.199" endtime="20210503 11:06:20.880"/>
</kw>
<kw name="Input Text" library="AppiumLibrary">
<arg>${vf_A_password}</arg>
<arg>${password}</arg>
<doc>Types the given `text` into text field identified by `locator`.</doc>
<msg timestamp="20210503 11:06:20.901" level="INFO">Typing text 'Test@123' into text field 'xpath=//*[@class='android.widget.EditText'][2]'</msg>
<status status="PASS" starttime="20210503 11:06:20.880" endtime="20210503 11:06:21.811"/>
</kw>
<kw name="Log To Console" library="BuiltIn">
<arg>Password entered - ${password}</arg>
<doc>Logs the given message to the console.</doc>
<status status="PASS" starttime="20210503 11:06:21.811" endtime="20210503 11:06:21.812"/>
</kw>
<status status="PASS" starttime="20210503 11:06:17.578" endtime="20210503 11:06:21.813"/>
</kw>
<kw name="Click Element" library="AppiumLibrary">
<arg>${vf_A_signUpLink}</arg>
<doc>Click element identified by `locator`.</doc>
<msg timestamp="20210503 11:06:21.838" level="INFO">Clicking element 'xpath=//*[@text='Sign up']'.</msg>
<status status="PASS" starttime="20210503 11:06:21.813" endtime="20210503 11:06:22.737"/>
</kw>
<status status="PASS" starttime="20210503 11:05:50.993" endtime="20210503 11:06:22.738"/>
</kw>
<kw name="User Lands On Verficiation Code Screen" library="A_SignUp">
<kw name="Click On Element If Visibile" library="A_Common">
<arg>${vf_A_SavePwdNeverBtn}</arg>
<kw name="Run Keyword And Return Status" library="BuiltIn">
<var>${isElementVisible}</var>
<arg>Verify Element Visibility</arg>
<arg>${element}</arg>
<doc>Runs the given keyword with given arguments and returns the status as a Boolean value.</doc>
<kw name="Verify Element Visibility" library="A_Common">
<arg>${element}</arg>
<kw name="Wait For Element Visibility On Android" library="A_Common">
<arg>${element}</arg>
<kw name="Wait Until Element Is Visible" library="AppiumLibrary">
<arg>${element}</arg>
<arg>timeout=20</arg>
<doc>Waits until element specified with `locator` is visible.</doc>
<status status="PASS" starttime="20210503 11:06:22.741" endtime="20210503 11:06:26.917"/>
</kw>
<status status="PASS" starttime="20210503 11:06:22.740" endtime="20210503 11:06:26.918"/>
</kw>
<kw name="Element Should Be Visible" library="AppiumLibrary">
<arg>${element}</arg>
<doc>Verifies that element identified with locator is visible.</doc>
<status status="PASS" starttime="20210503 11:06:26.918" endtime="20210503 11:06:27.468"/>
</kw>
<status status="PASS" starttime="20210503 11:06:22.740" endtime="20210503 11:06:27.468"/>
</kw>
<msg timestamp="20210503 11:06:27.469" level="INFO">${isElementVisible} = True</msg>
<status status="PASS" starttime="20210503 11:06:22.740" endtime="20210503 11:06:27.469"/>
</kw>
<if>
<branch type="IF" condition="${isElementVisible}">
<kw name="Wait And Click Element On Android" library="A_Common">
<arg>${element}</arg>
<kw name="Wait For Element Visibility On Android" library="A_Common">
<arg>${element}</arg>
<kw name="Wait Until Element Is Visible" library="AppiumLibrary">
<arg>${element}</arg>
<arg>timeout=20</arg>
<doc>Waits until element specified with `locator` is visible.</doc>
<status status="PASS" starttime="20210503 11:06:27.471" endtime="20210503 11:06:28.391"/>
</kw>
<status status="PASS" starttime="20210503 11:06:27.470" endtime="20210503 11:06:28.391"/>
</kw>
<kw name="Click Element" library="AppiumLibrary">
<arg>${element}</arg>
<doc>Click element identified by `locator`.</doc>
<msg timestamp="20210503 11:06:28.412" level="INFO">Clicking element 'xpath=//*[@text='Never']'.</msg>
<status status="PASS" starttime="20210503 11:06:28.391" endtime="20210503 11:06:29.043"/>
</kw>
<status status="PASS" starttime="20210503 11:06:27.469" endtime="20210503 11:06:29.044"/>
</kw>
<status status="PASS" starttime="20210503 11:06:27.469" endtime="20210503 11:06:29.044"/>
</branch>
<branch type="ELSE">
<kw name="Log To Console" library="BuiltIn">
<arg>Continuing without element click</arg>
<doc>Logs the given message to the console.</doc>
<status status="NOT RUN" starttime="20210503 11:06:29.044" endtime="20210503 11:06:29.044"/>
</kw>
<status status="NOT RUN" starttime="20210503 11:06:29.044" endtime="20210503 11:06:29.044"/>
</branch>
<status status="PASS" starttime="20210503 11:06:27.469" endtime="20210503 11:06:29.044"/>
</if>
<status status="PASS" starttime="20210503 11:06:22.739" endtime="20210503 11:06:29.045"/>
</kw>
<kw name="Wait For Element Visibility On Android" library="A_Common">
<arg>${vf_A_verficationCodeLabel}</arg>
<kw name="Wait Until Element Is Visible" library="AppiumLibrary">
<arg>${element}</arg>
<arg>timeout=20</arg>
<doc>Waits until element specified with `locator` is visible.</doc>
<status status="PASS" starttime="20210503 11:06:29.046" endtime="20210503 11:06:30.476"/>
</kw>
<status status="PASS" starttime="20210503 11:06:29.045" endtime="20210503 11:06:30.476"/>
</kw>
<kw name="Verify Element Visibility" library="A_Common">
<arg>${vf_A_verficationCodeLabel}</arg>
<kw name="Wait For Element Visibility On Android" library="A_Common">
<arg>${element}</arg>
<kw name="Wait Until Element Is Visible" library="AppiumLibrary">
<arg>${element}</arg>
<arg>timeout=20</arg>
<doc>Waits until element specified with `locator` is visible.</doc>
<status status="PASS" starttime="20210503 11:06:30.478" endtime="20210503 11:06:31.053"/>
</kw>
<status status="PASS" starttime="20210503 11:06:30.477" endtime="20210503 11:06:31.054"/>
</kw>
<kw name="Element Should Be Visible" library="AppiumLibrary">
<arg>${element}</arg>
<doc>Verifies that element identified with locator is visible.</doc>
<status status="PASS" starttime="20210503 11:06:31.054" endtime="20210503 11:06:31.600"/>
</kw>
<status status="PASS" starttime="20210503 11:06:30.476" endtime="20210503 11:06:31.601"/>
</kw>
<kw name="Wait For Element Visibility On Android" library="A_Common">
<arg>${vf_A_CloseBtn}</arg>
<kw name="Wait Until Element Is Visible" library="AppiumLibrary">
<arg>${element}</arg>
<arg>timeout=20</arg>
<doc>Waits until element specified with `locator` is visible.</doc>
<status status="PASS" starttime="20210503 11:06:31.602" endtime="20210503 11:06:32.150"/>
</kw>
<status status="PASS" starttime="20210503 11:06:31.601" endtime="20210503 11:06:32.150"/>
</kw>
<kw name="Click Element" library="AppiumLibrary">
<arg>${vf_A_CloseBtn}</arg>
<doc>Click element identified by `locator`.</doc>
<msg timestamp="20210503 11:06:32.171" level="INFO">Clicking element 'xpath=//*[@resource-id='com.android.chrome:id/close_button']'.</msg>
<status status="PASS" starttime="20210503 11:06:32.151" endtime="20210503 11:06:32.800"/>
</kw>
<status status="PASS" starttime="20210503 11:06:22.738" endtime="20210503 11:06:32.800"/>
</kw>
<kw name="Landing Page Is Loaded Completely" library="A_LandingPage">
<kw name="Wait For Element Visibility On Android" library="A_Common">
<arg>${vf_A_startInvestingBtn}</arg>
<kw name="Wait Until Element Is Visible" library="AppiumLibrary">
<arg>${element}</arg>
<arg>timeout=20</arg>
<doc>Waits until element specified with `locator` is visible.</doc>
<status status="PASS" starttime="20210503 11:06:32.802" endtime="20210503 11:06:34.329"/>
</kw>
<status status="PASS" starttime="20210503 11:06:32.801" endtime="20210503 11:06:34.330"/>
</kw>
<kw name="Log To Console" library="BuiltIn">
<arg>Landing page is displayed</arg>
<doc>Logs the given message to the console.</doc>
<status status="PASS" starttime="20210503 11:06:34.330" endtime="20210503 11:06:34.331"/>
</kw>
<status status="PASS" starttime="20210503 11:06:32.800" endtime="20210503 11:06:34.331"/>
</kw>
<kw name="User Navigates To Signin Screen" library="A_SignIn">
<kw name="Click On Start Investing Button" library="A_LandingPage">
<kw name="Sleep" library="BuiltIn">
<arg>5s</arg>
<doc>Pauses the test executed for the given time.</doc>
<msg timestamp="20210503 11:06:39.335" level="INFO">Slept 5 seconds</msg>
<status status="PASS" starttime="20210503 11:06:34.333" endtime="20210503 11:06:39.336"/>
</kw>
<kw name="Swipe By Percent" library="AppiumLibrary">
<arg>80</arg>
<arg>70</arg>
<arg>20</arg>
<arg>20</arg>
<arg>5000</arg>
<doc>Swipe from one percent of the screen to another percent, for an optional duration.
Normal swipe fails to scale for different screen resolutions, this can be avoided using percent.</doc>
<status status="PASS" starttime="20210503 11:06:39.336" endtime="20210503 11:06:43.750"/>
</kw>
<kw name="Click On Element If Visibile" library="A_Common">
<arg>${vf_A_startInvestingBtn}</arg>
<kw name="Run Keyword And Return Status" library="BuiltIn">
<var>${isElementVisible}</var>
<arg>Verify Element Visibility</arg>
<arg>${element}</arg>
<doc>Runs the given keyword with given arguments and returns the status as a Boolean value.</doc>
<kw name="Verify Element Visibility" library="A_Common">
<arg>${element}</arg>
<kw name="Wait For Element Visibility On Android" library="A_Common">
<arg>${element}</arg>
<kw name="Wait Until Element Is Visible" library="AppiumLibrary">
<arg>${element}</arg>
<arg>timeout=20</arg>
<doc>Waits until element specified with `locator` is visible.</doc>
<status status="PASS" starttime="20210503 11:06:43.754" endtime="20210503 11:06:44.594"/>
</kw>
<status status="PASS" starttime="20210503 11:06:43.754" endtime="20210503 11:06:44.594"/>
</kw>
<kw name="Element Should Be Visible" library="AppiumLibrary">
<arg>${element}</arg>
<doc>Verifies that element identified with locator is visible.</doc>
<status status="PASS" starttime="20210503 11:06:44.594" endtime="20210503 11:06:45.183"/>
</kw>
<status status="PASS" starttime="20210503 11:06:43.753" endtime="20210503 11:06:45.183"/>
</kw>
<msg timestamp="20210503 11:06:45.184" level="INFO">${isElementVisible} = True</msg>
<status status="PASS" starttime="20210503 11:06:43.752" endtime="20210503 11:06:45.184"/>
</kw>
<if>
<branch type="IF" condition="${isElementVisible}">
<kw name="Wait And Click Element On Android" library="A_Common">
<arg>${element}</arg>
<kw name="Wait For Element Visibility On Android" library="A_Common">
<arg>${element}</arg>
<kw name="Wait Until Element Is Visible" library="AppiumLibrary">
<arg>${element}</arg>
<arg>timeout=20</arg>
<doc>Waits until element specified with `locator` is visible.</doc>
<status status="PASS" starttime="20210503 11:06:45.185" endtime="20210503 11:06:45.813"/>
</kw>
<status status="PASS" starttime="20210503 11:06:45.185" endtime="20210503 11:06:45.813"/>
</kw>
<kw name="Click Element" library="AppiumLibrary">
<arg>${element}</arg>
<doc>Click element identified by `locator`.</doc>
<msg timestamp="20210503 11:06:45.834" level="INFO">Clicking element 'xpath=//*[@text='Start Investing']'.</msg>
<status status="PASS" starttime="20210503 11:06:45.814" endtime="20210503 11:06:46.690"/>
</kw>
<status status="PASS" starttime="20210503 11:06:45.184" endtime="20210503 11:06:46.690"/>
</kw>
<status status="PASS" starttime="20210503 11:06:45.184" endtime="20210503 11:06:46.690"/>
</branch>
<branch type="ELSE">
<kw name="Log To Console" library="BuiltIn">
<arg>Continuing without element click</arg>
<doc>Logs the given message to the console.</doc>
<status status="NOT RUN" starttime="20210503 11:06:46.690" endtime="20210503 11:06:46.691"/>
</kw>
<status status="NOT RUN" starttime="20210503 11:06:46.690" endtime="20210503 11:06:46.691"/>
</branch>
<status status="PASS" starttime="20210503 11:06:45.184" endtime="20210503 11:06:46.691"/>
</if>
<status status="PASS" starttime="20210503 11:06:43.751" endtime="20210503 11:06:46.691"/>
</kw>
<kw name="Run Keyword And Return Status" library="BuiltIn">
<var>${isElementVisible}</var>
<arg>Verify Element Visibility</arg>
<arg>${vf_A_chromeOption}</arg>
<doc>Runs the given keyword with given arguments and returns the status as a Boolean value.</doc>
<kw name="Verify Element Visibility" library="A_Common">
<arg>${vf_A_chromeOption}</arg>
<kw name="Wait For Element Visibility On Android" library="A_Common">
<arg>${element}</arg>
<kw name="Wait Until Element Is Visible" library="AppiumLibrary">
<arg>${element}</arg>
<arg>timeout=20</arg>
<doc>Waits until element specified with `locator` is visible.</doc>
<kw name="Capture Page Screenshot" library="AppiumLibrary">
<doc>Takes a screenshot of the current page and embeds it into the log.</doc>
<msg timestamp="20210503 11:07:11.104" level="INFO" html="true">&lt;/td&gt;&lt;/tr&gt;&lt;tr&gt;&lt;td colspan="3"&gt;&lt;a href="appium-screenshot-3.png"&gt;&lt;img src="appium-screenshot-3.png" width="800px"&gt;&lt;/a&gt;</msg>
<status status="PASS" starttime="20210503 11:07:06.899" endtime="20210503 11:07:11.104"/>
</kw>
<msg timestamp="20210503 11:07:11.104" level="FAIL">Element locator 'xpath=//*[@text='Chrome']' did not match any elements after 20 seconds</msg>
<status status="FAIL" starttime="20210503 11:06:46.693" endtime="20210503 11:07:11.105"/>
</kw>
<status status="FAIL" starttime="20210503 11:06:46.692" endtime="20210503 11:07:11.105"/>
</kw>
<kw name="Element Should Be Visible" library="AppiumLibrary">
<arg>${element}</arg>
<doc>Verifies that element identified with locator is visible.</doc>
<status status="NOT RUN" starttime="20210503 11:07:11.105" endtime="20210503 11:07:11.105"/>
</kw>
<status status="FAIL" starttime="20210503 11:06:46.692" endtime="20210503 11:07:11.105"/>
</kw>
<msg timestamp="20210503 11:07:11.105" level="INFO">${isElementVisible} = False</msg>
<status status="PASS" starttime="20210503 11:06:46.691" endtime="20210503 11:07:11.105"/>
</kw>
<if>
<branch type="IF" condition="${isElementVisible}">
<kw name="Choose Chrome Browser" library="A_Common">
<status status="NOT RUN" starttime="20210503 11:07:11.106" endtime="20210503 11:07:11.106"/>
</kw>
<status status="NOT RUN" starttime="20210503 11:07:11.105" endtime="20210503 11:07:11.106"/>
</branch>
<branch type="ELSE">
<kw name="Log To Console" library="BuiltIn">
<arg>Running on Real/Emulator Device</arg>
<doc>Logs the given message to the console.</doc>
<status status="PASS" starttime="20210503 11:07:11.106" endtime="20210503 11:07:11.106"/>
</kw>
<status status="PASS" starttime="20210503 11:07:11.106" endtime="20210503 11:07:11.106"/>
</branch>
<status status="PASS" starttime="20210503 11:07:11.105" endtime="20210503 11:07:11.106"/>
</if>
<status status="PASS" starttime="20210503 11:06:34.332" endtime="20210503 11:07:11.106"/>
</kw>
<kw name="Click On Element If Visibile" library="A_Common">
<arg>${vf_A_signInAsDiffUser}</arg>
<kw name="Run Keyword And Return Status" library="BuiltIn">
<var>${isElementVisible}</var>
<arg>Verify Element Visibility</arg>
<arg>${element}</arg>
<doc>Runs the given keyword with given arguments and returns the status as a Boolean value.</doc>
<kw name="Verify Element Visibility" library="A_Common">
<arg>${element}</arg>
<kw name="Wait For Element Visibility On Android" library="A_Common">
<arg>${element}</arg>
<kw name="Wait Until Element Is Visible" library="AppiumLibrary">
<arg>${element}</arg>
<arg>timeout=20</arg>
<doc>Waits until element specified with `locator` is visible.</doc>
<kw name="Capture Page Screenshot" library="AppiumLibrary">
<doc>Takes a screenshot of the current page and embeds it into the log.</doc>
<msg timestamp="20210503 11:07:34.083" level="INFO" html="true">&lt;/td&gt;&lt;/tr&gt;&lt;tr&gt;&lt;td colspan="3"&gt;&lt;a href="appium-screenshot-4.png"&gt;&lt;img src="appium-screenshot-4.png" width="800px"&gt;&lt;/a&gt;</msg>
<status status="PASS" starttime="20210503 11:07:31.377" endtime="20210503 11:07:34.083"/>
</kw>
<msg timestamp="20210503 11:07:34.084" level="FAIL">Element locator 'xpath=//*[@text='Sign in as a different user?']' did not match any elements after 20 seconds</msg>
<status status="FAIL" starttime="20210503 11:07:11.109" endtime="20210503 11:07:34.084"/>
</kw>
<status status="FAIL" starttime="20210503 11:07:11.108" endtime="20210503 11:07:34.084"/>
</kw>
<kw name="Element Should Be Visible" library="AppiumLibrary">
<arg>${element}</arg>
<doc>Verifies that element identified with locator is visible.</doc>
<status status="NOT RUN" starttime="20210503 11:07:34.084" endtime="20210503 11:07:34.084"/>
</kw>
<status status="FAIL" starttime="20210503 11:07:11.108" endtime="20210503 11:07:34.084"/>
</kw>
<msg timestamp="20210503 11:07:34.085" level="INFO">${isElementVisible} = False</msg>
<status status="PASS" starttime="20210503 11:07:11.107" endtime="20210503 11:07:34.085"/>
</kw>
<if>
<branch type="IF" condition="${isElementVisible}">
<kw name="Wait And Click Element On Android" library="A_Common">
<arg>${element}</arg>
<status status="NOT RUN" starttime="20210503 11:07:34.085" endtime="20210503 11:07:34.085"/>
</kw>
<status status="NOT RUN" starttime="20210503 11:07:34.085" endtime="20210503 11:07:34.085"/>
</branch>
<branch type="ELSE">
<kw name="Log To Console" library="BuiltIn">
<arg>Continuing without element click</arg>
<doc>Logs the given message to the console.</doc>
<status status="PASS" starttime="20210503 11:07:34.085" endtime="20210503 11:07:34.086"/>
</kw>
<status status="PASS" starttime="20210503 11:07:34.085" endtime="20210503 11:07:34.086"/>
</branch>
<status status="PASS" starttime="20210503 11:07:34.085" endtime="20210503 11:07:34.086"/>
</if>
<status status="PASS" starttime="20210503 11:07:11.107" endtime="20210503 11:07:34.086"/>
</kw>
<status status="PASS" starttime="20210503 11:06:34.332" endtime="20210503 11:07:34.086"/>
</kw>
<kw name="Signin With Non KYC Completed Account" library="A_KYC">
<kw name="Swipe By Percent" library="AppiumLibrary">
<arg>80</arg>
<arg>70</arg>
<arg>20</arg>
<arg>20</arg>
<arg>5000</arg>
<doc>Swipe from one percent of the screen to another percent, for an optional duration.
Normal swipe fails to scale for different screen resolutions, this can be avoided using percent.</doc>
<status status="PASS" starttime="20210503 11:07:34.087" endtime="20210503 11:07:36.794"/>
</kw>
<kw name="Enter Email" library="A_SignIn">
<arg>${emailIDGenerated}</arg>
<kw name="Navigate Back To Signin Screen If Element Visible" library="A_Common">
<arg>${vf_A_googleChooseAccPage}</arg>
<kw name="Run Keyword And Return Status" library="BuiltIn">
<var>${isElementVisible}</var>
<arg>Verify Element Visibility</arg>
<arg>${element}</arg>
<doc>Runs the given keyword with given arguments and returns the status as a Boolean value.</doc>
<kw name="Verify Element Visibility" library="A_Common">
<arg>${element}</arg>
<kw name="Wait For Element Visibility On Android" library="A_Common">
<arg>${element}</arg>
<kw name="Wait Until Element Is Visible" library="AppiumLibrary">
<arg>${element}</arg>
<arg>timeout=20</arg>
<doc>Waits until element specified with `locator` is visible.</doc>
<kw name="Capture Page Screenshot" library="AppiumLibrary">
<doc>Takes a screenshot of the current page and embeds it into the log.</doc>
<msg timestamp="20210503 11:07:59.482" level="INFO" html="true">&lt;/td&gt;&lt;/tr&gt;&lt;tr&gt;&lt;td colspan="3"&gt;&lt;a href="appium-screenshot-5.png"&gt;&lt;img src="appium-screenshot-5.png" width="800px"&gt;&lt;/a&gt;</msg>
<status status="PASS" starttime="20210503 11:07:57.229" endtime="20210503 11:07:59.483"/>
</kw>
<msg timestamp="20210503 11:07:59.484" level="FAIL">Element locator 'xpath=//*[@text='Choose an account']' did not match any elements after 20 seconds</msg>
<status status="FAIL" starttime="20210503 11:07:36.797" endtime="20210503 11:07:59.484"/>
</kw>
<status status="FAIL" starttime="20210503 11:07:36.796" endtime="20210503 11:07:59.484"/>
</kw>
<kw name="Element Should Be Visible" library="AppiumLibrary">
<arg>${element}</arg>
<doc>Verifies that element identified with locator is visible.</doc>
<status status="NOT RUN" starttime="20210503 11:07:59.484" endtime="20210503 11:07:59.484"/>
</kw>
<status status="FAIL" starttime="20210503 11:07:36.796" endtime="20210503 11:07:59.485"/>
</kw>
<msg timestamp="20210503 11:07:59.485" level="INFO">${isElementVisible} = False</msg>
<status status="PASS" starttime="20210503 11:07:36.796" endtime="20210503 11:07:59.485"/>
</kw>
<if>
<branch type="IF" condition="${isElementVisible}">
<kw name="Go Back" library="AppiumLibrary">
<doc>Goes one step backward in the browser history.</doc>
<status status="NOT RUN" starttime="20210503 11:07:59.485" endtime="20210503 11:07:59.485"/>
</kw>
<kw name="Log To Console" library="BuiltIn">
<arg>Came back to previous screen</arg>
<doc>Logs the given message to the console.</doc>
<status status="NOT RUN" starttime="20210503 11:07:59.485" endtime="20210503 11:07:59.485"/>
</kw>
<status status="NOT RUN" starttime="20210503 11:07:59.485" endtime="20210503 11:07:59.485"/>
</branch>
<branch type="ELSE">
<kw name="Log To Console" library="BuiltIn">
<arg>Continuing without any action</arg>
<doc>Logs the given message to the console.</doc>
<status status="PASS" starttime="20210503 11:07:59.486" endtime="20210503 11:07:59.486"/>
</kw>
<status status="PASS" starttime="20210503 11:07:59.485" endtime="20210503 11:07:59.486"/>
</branch>
<status status="PASS" starttime="20210503 11:07:59.485" endtime="20210503 11:07:59.486"/>
</if>
<status status="PASS" starttime="20210503 11:07:36.795" endtime="20210503 11:07:59.486"/>
</kw>
<kw name="Verify Element Visibility" library="A_Common">
<arg>${vf_A_userName}</arg>
<kw name="Wait For Element Visibility On Android" library="A_Common">
<arg>${element}</arg>
<kw name="Wait Until Element Is Visible" library="AppiumLibrary">
<arg>${element}</arg>
<arg>timeout=20</arg>
<doc>Waits until element specified with `locator` is visible.</doc>
<status status="PASS" starttime="20210503 11:07:59.488" endtime="20210503 11:08:00.090"/>
</kw>
<status status="PASS" starttime="20210503 11:07:59.487" endtime="20210503 11:08:00.090"/>
</kw>
<kw name="Element Should Be Visible" library="AppiumLibrary">
<arg>${element}</arg>
<doc>Verifies that element identified with locator is visible.</doc>
<status status="PASS" starttime="20210503 11:08:00.090" endtime="20210503 11:08:00.631"/>
</kw>
<status status="PASS" starttime="20210503 11:07:59.486" endtime="20210503 11:08:00.632"/>
</kw>
<kw name="Clear Text" library="AppiumLibrary">
<arg>${vf_A_userName}</arg>
<doc>Clears the text field identified by `locator`.</doc>
<msg timestamp="20210503 11:08:00.652" level="INFO">Clear text field 'xpath=//*[@class='android.widget.EditText']'</msg>
<status status="PASS" starttime="20210503 11:08:00.632" endtime="20210503 11:08:01.194"/>
</kw>
<kw name="Input Text" library="AppiumLibrary">
<arg>${vf_A_userName}</arg>
<arg>${email}</arg>
<doc>Types the given `text` into text field identified by `locator`.</doc>
<msg timestamp="20210503 11:08:01.215" level="INFO">Typing text 'moolya+auto_+73392@moolya.com' into text field 'xpath=//*[@class='android.widget.EditText']'</msg>
<status status="PASS" starttime="20210503 11:08:01.195" endtime="20210503 11:08:02.172"/>
</kw>
<kw name="Log To Console" library="BuiltIn">
<arg>Email entered - ${email}</arg>
<doc>Logs the given message to the console.</doc>
<status status="PASS" starttime="20210503 11:08:02.173" endtime="20210503 11:08:02.173"/>
</kw>
<status status="PASS" starttime="20210503 11:07:36.794" endtime="20210503 11:08:02.174"/>
</kw>
<kw name="Enter Password" library="A_SignIn">
<arg>${e_validPassword}</arg>
<kw name="Wait For Element Visibility On Android" library="A_Common">
<arg>${vf_A_password}</arg>
<kw name="Wait Until Element Is Visible" library="AppiumLibrary">
<arg>${element}</arg>
<arg>timeout=20</arg>
<doc>Waits until element specified with `locator` is visible.</doc>
<status status="PASS" starttime="20210503 11:08:02.176" endtime="20210503 11:08:03.212"/>
</kw>
<status status="PASS" starttime="20210503 11:08:02.175" endtime="20210503 11:08:03.212"/>
</kw>
<kw name="Verify Element Visibility" library="A_Common">
<arg>${vf_A_password}</arg>
<kw name="Wait For Element Visibility On Android" library="A_Common">
<arg>${element}</arg>
<kw name="Wait Until Element Is Visible" library="AppiumLibrary">
<arg>${element}</arg>
<arg>timeout=20</arg>
<doc>Waits until element specified with `locator` is visible.</doc>
<status status="PASS" starttime="20210503 11:08:03.215" endtime="20210503 11:08:03.983"/>
</kw>
<status status="PASS" starttime="20210503 11:08:03.214" endtime="20210503 11:08:03.983"/>
</kw>
<kw name="Element Should Be Visible" library="AppiumLibrary">
<arg>${element}</arg>
<doc>Verifies that element identified with locator is visible.</doc>
<status status="PASS" starttime="20210503 11:08:03.983" endtime="20210503 11:08:04.770"/>
</kw>
<status status="PASS" starttime="20210503 11:08:03.213" endtime="20210503 11:08:04.770"/>
</kw>
<kw name="Clear Text" library="AppiumLibrary">
<arg>${vf_A_password}</arg>
<doc>Clears the text field identified by `locator`.</doc>
<msg timestamp="20210503 11:08:04.790" level="INFO">Clear text field 'xpath=//*[@class='android.widget.EditText'][2]'</msg>
<status status="PASS" starttime="20210503 11:08:04.770" endtime="20210503 11:08:05.676"/>
</kw>
<kw name="Input Text" library="AppiumLibrary">
<arg>${vf_A_password}</arg>
<arg>${password}</arg>
<doc>Types the given `text` into text field identified by `locator`.</doc>
<msg timestamp="20210503 11:08:05.699" level="INFO">Typing text 'Test@123' into text field 'xpath=//*[@class='android.widget.EditText'][2]'</msg>
<status status="PASS" starttime="20210503 11:08:05.677" endtime="20210503 11:08:06.572"/>
</kw>
<kw name="Log To Console" library="BuiltIn">
<arg>Password entered - ${password}</arg>
<doc>Logs the given message to the console.</doc>
<status status="PASS" starttime="20210503 11:08:06.572" endtime="20210503 11:08:06.573"/>
</kw>
<status status="PASS" starttime="20210503 11:08:02.174" endtime="20210503 11:08:06.573"/>
</kw>
<kw name="Click On Signin Button" library="A_SignIn">
<kw name="Swipe By Percent" library="AppiumLibrary">
<arg>70</arg>
<arg>70</arg>
<arg>20</arg>
<arg>20</arg>
<arg>5000</arg>
<doc>Swipe from one percent of the screen to another percent, for an optional duration.
Normal swipe fails to scale for different screen resolutions, this can be avoided using percent.</doc>
<status status="PASS" starttime="20210503 11:08:06.574" endtime="20210503 11:08:09.356"/>
</kw>
<kw name="Verify Element Visibility" library="A_Common">
<arg>${vf_A_submitBtn}</arg>
<kw name="Wait For Element Visibility On Android" library="A_Common">
<arg>${element}</arg>
<kw name="Wait Until Element Is Visible" library="AppiumLibrary">
<arg>${element}</arg>
<arg>timeout=20</arg>
<doc>Waits until element specified with `locator` is visible.</doc>
<status status="PASS" starttime="20210503 11:08:09.360" endtime="20210503 11:08:09.916"/>
</kw>
<status status="PASS" starttime="20210503 11:08:09.358" endtime="20210503 11:08:09.916"/>
</kw>
<kw name="Element Should Be Visible" library="AppiumLibrary">
<arg>${element}</arg>
<doc>Verifies that element identified with locator is visible.</doc>
<status status="PASS" starttime="20210503 11:08:09.916" endtime="20210503 11:08:10.702"/>
</kw>
<status status="PASS" starttime="20210503 11:08:09.356" endtime="20210503 11:08:10.703"/>
</kw>
<kw name="Wait And Click Element On Android" library="A_Common">
<arg>${vf_A_submitBtn}</arg>
<kw name="Wait For Element Visibility On Android" library="A_Common">
<arg>${element}</arg>
<kw name="Wait Until Element Is Visible" library="AppiumLibrary">
<arg>${element}</arg>
<arg>timeout=20</arg>
<doc>Waits until element specified with `locator` is visible.</doc>
<status status="PASS" starttime="20210503 11:08:10.705" endtime="20210503 11:08:11.225"/>
</kw>
<status status="PASS" starttime="20210503 11:08:10.704" endtime="20210503 11:08:11.226"/>
</kw>
<kw name="Click Element" library="AppiumLibrary">
<arg>${element}</arg>
<doc>Click element identified by `locator`.</doc>
<msg timestamp="20210503 11:08:11.247" level="INFO">Clicking element 'xpath=//*[@text='submit']'.</msg>
<status status="PASS" starttime="20210503 11:08:11.226" endtime="20210503 11:08:11.871"/>
</kw>
<status status="PASS" starttime="20210503 11:08:10.703" endtime="20210503 11:08:11.871"/>
</kw>
<kw name="Log To Console" library="BuiltIn">
<arg>Clicked Signin Button</arg>
<doc>Logs the given message to the console.</doc>
<status status="PASS" starttime="20210503 11:08:11.872" endtime="20210503 11:08:11.872"/>
</kw>
<status status="PASS" starttime="20210503 11:08:06.573" endtime="20210503 11:08:11.872"/>
</kw>
<kw name="Verify Dashboard Screen" library="A_SignIn">
<kw name="Wait For Element Visibility On Android" library="A_Common">
<arg>${vf_A_home}</arg>
<kw name="Wait Until Element Is Visible" library="AppiumLibrary">
<arg>${element}</arg>
<arg>timeout=20</arg>
<doc>Waits until element specified with `locator` is visible.</doc>
<status status="PASS" starttime="20210503 11:08:11.874" endtime="20210503 11:08:15.704"/>
</kw>
<status status="PASS" starttime="20210503 11:08:11.874" endtime="20210503 11:08:15.704"/>
</kw>
<kw name="Verify Page Contains Element On Android" library="A_Common">
<arg>${vf_A_home}</arg>
<kw name="Wait For Element Visibility On Android" library="A_Common">
<arg>${element}</arg>
<kw name="Wait Until Element Is Visible" library="AppiumLibrary">
<arg>${element}</arg>
<arg>timeout=20</arg>
<doc>Waits until element specified with `locator` is visible.</doc>
<status status="PASS" starttime="20210503 11:08:15.706" endtime="20210503 11:08:18.131"/>
</kw>
<status status="PASS" starttime="20210503 11:08:15.705" endtime="20210503 11:08:18.132"/>
</kw>
<kw name="Run Keyword And Continue On Failure" library="BuiltIn">
<arg>Page Should Contain Element</arg>
<arg>${element}</arg>
<doc>Runs the keyword and continues execution even if a failure occurs.</doc>
<kw name="Page Should Contain Element" library="AppiumLibrary">
<arg>${element}</arg>
<doc>Verifies that current page contains `locator` element.</doc>
<msg timestamp="20210503 11:08:18.939" level="INFO">Current page contains element 'xpath=//*[@text='Home']'.</msg>
<status status="PASS" starttime="20210503 11:08:18.132" endtime="20210503 11:08:18.939"/>
</kw>
<status status="PASS" starttime="20210503 11:08:18.132" endtime="20210503 11:08:18.940"/>
</kw>
<status status="PASS" starttime="20210503 11:08:15.704" endtime="20210503 11:08:18.940"/>
</kw>
<kw name="Log To Console" library="BuiltIn">
<arg>User is directed to Dashboard screen</arg>
<doc>Logs the given message to the console.</doc>
<status status="PASS" starttime="20210503 11:08:18.940" endtime="20210503 11:08:18.940"/>
</kw>
<status status="PASS" starttime="20210503 11:08:11.873" endtime="20210503 11:08:18.940"/>
</kw>
<status status="PASS" starttime="20210503 11:07:34.087" endtime="20210503 11:08:18.940"/>
</kw>
<status status="PASS" starttime="20210503 11:05:04.656" endtime="20210503 11:08:18.941"/>
</kw>
<kw name="Verify Account Status Screen" library="A_KYC">
<kw name="Wait And Click Element On Android" library="A_Common">
<arg>${vf_A_awesomeLink}</arg>
<kw name="Wait For Element Visibility On Android" library="A_Common">
<arg>${element}</arg>
<kw name="Wait Until Element Is Visible" library="AppiumLibrary">
<arg>${element}</arg>
<arg>timeout=20</arg>
<doc>Waits until element specified with `locator` is visible.</doc>
<status status="PASS" starttime="20210503 11:08:18.943" endtime="20210503 11:08:20.403"/>
</kw>
<status status="PASS" starttime="20210503 11:08:18.942" endtime="20210503 11:08:20.403"/>
</kw>
<kw name="Click Element" library="AppiumLibrary">
<arg>${element}</arg>
<doc>Click element identified by `locator`.</doc>
<msg timestamp="20210503 11:08:20.423" level="INFO">Clicking element 'xpath=//*[@text='AWESOME!']'.</msg>
<status status="PASS" starttime="20210503 11:08:20.403" endtime="20210503 11:08:21.798"/>
</kw>
<status status="PASS" starttime="20210503 11:08:18.942" endtime="20210503 11:08:21.799"/>
</kw>
<kw name="Verify Element Visibility" library="A_Common">
<arg>${vf_A_viewAllStepsLink}</arg>
<kw name="Wait For Element Visibility On Android" library="A_Common">
<arg>${element}</arg>
<kw name="Wait Until Element Is Visible" library="AppiumLibrary">
<arg>${element}</arg>
<arg>timeout=20</arg>
<doc>Waits until element specified with `locator` is visible.</doc>
<status status="PASS" starttime="20210503 11:08:21.801" endtime="20210503 11:08:22.739"/>
</kw>
<status status="PASS" starttime="20210503 11:08:21.800" endtime="20210503 11:08:22.740"/>
</kw>
<kw name="Element Should Be Visible" library="AppiumLibrary">
<arg>${element}</arg>
<doc>Verifies that element identified with locator is visible.</doc>
<status status="PASS" starttime="20210503 11:08:22.740" endtime="20210503 11:08:24.041"/>
</kw>
<status status="PASS" starttime="20210503 11:08:21.799" endtime="20210503 11:08:24.041"/>
</kw>
<kw name="Wait And Click Element On Android" library="A_Common">
<arg>${vf_A_viewAllStepsLink}</arg>
<kw name="Wait For Element Visibility On Android" library="A_Common">
<arg>${element}</arg>
<kw name="Wait Until Element Is Visible" library="AppiumLibrary">
<arg>${element}</arg>
<arg>timeout=20</arg>
<doc>Waits until element specified with `locator` is visible.</doc>
<status status="PASS" starttime="20210503 11:08:24.043" endtime="20210503 11:08:25.862"/>
</kw>
<status status="PASS" starttime="20210503 11:08:24.042" endtime="20210503 11:08:25.862"/>
</kw>
<kw name="Click Element" library="AppiumLibrary">
<arg>${element}</arg>
<doc>Click element identified by `locator`.</doc>
<msg timestamp="20210503 11:08:25.900" level="INFO">Clicking element 'xpath=//*[@text='View all steps']'.</msg>
<status status="PASS" starttime="20210503 11:08:25.862" endtime="20210503 11:08:26.907"/>
</kw>
<status status="PASS" starttime="20210503 11:08:24.041" endtime="20210503 11:08:26.907"/>
</kw>
<kw name="Log To Console" library="BuiltIn">
<arg>Clicked on View All Steps Link</arg>
<doc>Logs the given message to the console.</doc>
<status status="PASS" starttime="20210503 11:08:26.907" endtime="20210503 11:08:26.908"/>
</kw>
<kw name="Verify All Steps Under Account Status Screen Before KYC" library="A_KYC">
<kw name="Verify Page Conatin Text" library="A_Common">
<arg>${e_stepsHeading}</arg>
<kw name="Sleep" library="BuiltIn">
<arg>2s</arg>
<doc>Pauses the test executed for the given time.</doc>
<msg timestamp="20210503 11:08:28.912" level="INFO">Slept 2 seconds</msg>
<status status="PASS" starttime="20210503 11:08:26.910" endtime="20210503 11:08:28.912"/>
</kw>
<kw name="Page Should Contain Text" library="AppiumLibrary">
<arg>${text}</arg>
<doc>Verifies that current page contains `text`.</doc>
<msg timestamp="20210503 11:08:30.032" level="INFO">Current page contains text 'Complete 3 simple steps to start investing in US stocks and ETFs'.</msg>
<status status="PASS" starttime="20210503 11:08:28.912" endtime="20210503 11:08:30.032"/>
</kw>
<status status="PASS" starttime="20210503 11:08:26.909" endtime="20210503 11:08:30.032"/>
</kw>
<kw name="Verify Page Conatin Text" library="A_Common">
<arg>${e_step1Submit}</arg>
<kw name="Sleep" library="BuiltIn">
<arg>2s</arg>
<doc>Pauses the test executed for the given time.</doc>
<msg timestamp="20210503 11:08:32.033" level="INFO">Slept 2 seconds</msg>
<status status="PASS" starttime="20210503 11:08:30.033" endtime="20210503 11:08:32.034"/>
</kw>
<kw name="Page Should Contain Text" library="AppiumLibrary">
<arg>${text}</arg>
<doc>Verifies that current page contains `text`.</doc>
<msg timestamp="20210503 11:08:32.985" level="INFO">Current page contains text 'Submit your KYC'.</msg>
<status status="PASS" starttime="20210503 11:08:32.034" endtime="20210503 11:08:32.986"/>
</kw>
<status status="PASS" starttime="20210503 11:08:30.032" endtime="20210503 11:08:32.986"/>
</kw>
<kw name="Verify Page Conatin Text" library="A_Common">
<arg>${e_step1SubmitTxtBeforeKYC}</arg>
<kw name="Sleep" library="BuiltIn">
<arg>2s</arg>
<doc>Pauses the test executed for the given time.</doc>
<msg timestamp="20210503 11:08:34.987" level="INFO">Slept 2 seconds</msg>
<status status="PASS" starttime="20210503 11:08:32.986" endtime="20210503 11:08:34.988"/>
</kw>
<kw name="Page Should Contain Text" library="AppiumLibrary">
<arg>${text}</arg>
<doc>Verifies that current page contains `text`.</doc>
<msg timestamp="20210503 11:08:35.876" level="INFO">Current page contains text 'Have your government ID and proof of address accessible.'.</msg>
<status status="PASS" starttime="20210503 11:08:34.988" endtime="20210503 11:08:35.876"/>
</kw>
<status status="PASS" starttime="20210503 11:08:32.986" endtime="20210503 11:08:35.876"/>
</kw>
<kw name="Verify Page Conatin Text" library="A_Common">
<arg>${e_step2Approve}</arg>
<kw name="Sleep" library="BuiltIn">
<arg>2s</arg>
<doc>Pauses the test executed for the given time.</doc>
<msg timestamp="20210503 11:08:37.878" level="INFO">Slept 2 seconds</msg>
<status status="PASS" starttime="20210503 11:08:35.877" endtime="20210503 11:08:37.878"/>
</kw>
<kw name="Page Should Contain Text" library="AppiumLibrary">
<arg>${text}</arg>
<doc>Verifies that current page contains `text`.</doc>
<msg timestamp="20210503 11:08:38.810" level="INFO">Current page contains text 'KYC Approved'.</msg>
<status status="PASS" starttime="20210503 11:08:37.879" endtime="20210503 11:08:38.810"/>
</kw>
<status status="PASS" starttime="20210503 11:08:35.876" endtime="20210503 11:08:38.810"/>
</kw>
<kw name="Verify Page Conatin Text" library="A_Common">
<arg>${e_step2ApproveTxtBeforeKYC}</arg>
<kw name="Sleep" library="BuiltIn">
<arg>2s</arg>
<doc>Pauses the test executed for the given time.</doc>
<msg timestamp="20210503 11:08:40.813" level="INFO">Slept 2 seconds</msg>
<status status="PASS" starttime="20210503 11:08:38.811" endtime="20210503 11:08:40.813"/>
</kw>
<kw name="Page Should Contain Text" library="AppiumLibrary">
<arg>${text}</arg>
<doc>Verifies that current page contains `text`.</doc>
<msg timestamp="20210503 11:08:41.582" level="INFO">Current page contains text 'It takes 1-3 business days to review.'.</msg>
<status status="PASS" starttime="20210503 11:08:40.813" endtime="20210503 11:08:41.582"/>
</kw>
<status status="PASS" starttime="20210503 11:08:38.810" endtime="20210503 11:08:41.583"/>
</kw>
<kw name="Verify Page Conatin Text" library="A_Common">
<arg>${e_step3FundAcc}</arg>
<kw name="Sleep" library="BuiltIn">
<arg>2s</arg>
<doc>Pauses the test executed for the given time.</doc>
<msg timestamp="20210503 11:08:43.585" level="INFO">Slept 2 seconds</msg>
<status status="PASS" starttime="20210503 11:08:41.583" endtime="20210503 11:08:43.585"/>
</kw>
<kw name="Page Should Contain Text" library="AppiumLibrary">
<arg>${text}</arg>
<doc>Verifies that current page contains `text`.</doc>
<msg timestamp="20210503 11:08:44.985" level="INFO">Current page contains text 'Fund your account'.</msg>
<status status="PASS" starttime="20210503 11:08:43.585" endtime="20210503 11:08:44.985"/>
</kw>
<status status="PASS" starttime="20210503 11:08:41.583" endtime="20210503 11:08:44.985"/>
</kw>
<kw name="Log To Console" library="BuiltIn">
<arg>Verified all sections under Account Status screen Before KYC!</arg>
<doc>Logs the given message to the console.</doc>
<status status="PASS" starttime="20210503 11:08:44.985" endtime="20210503 11:08:44.985"/>
</kw>
<status status="PASS" starttime="20210503 11:08:26.908" endtime="20210503 11:08:44.986"/>
</kw>
<kw name="Click On Done Button And Verify Screen" library="A_KYC">
<kw name="Wait And Click Element On Android" library="A_Common">
<arg>${vf_A_doneButton}</arg>
<kw name="Wait For Element Visibility On Android" library="A_Common">
<arg>${element}</arg>
<kw name="Wait Until Element Is Visible" library="AppiumLibrary">
<arg>${element}</arg>
<arg>timeout=20</arg>
<doc>Waits until element specified with `locator` is visible.</doc>
<status status="PASS" starttime="20210503 11:08:44.987" endtime="20210503 11:08:46.423"/>
</kw>
<status status="PASS" starttime="20210503 11:08:44.987" endtime="20210503 11:08:46.423"/>
</kw>
<kw name="Click Element" library="AppiumLibrary">
<arg>${element}</arg>
<doc>Click element identified by `locator`.</doc>
<msg timestamp="20210503 11:08:46.444" level="INFO">Clicking element 'xpath=//*[@text='DONE']'.</msg>
<status status="PASS" starttime="20210503 11:08:46.424" endtime="20210503 11:08:47.503"/>
</kw>
<status status="PASS" starttime="20210503 11:08:44.986" endtime="20210503 11:08:47.503"/>
</kw>
<kw name="Log To Console" library="BuiltIn">
<arg>Clicked on Done Button</arg>
<doc>Logs the given message to the console.</doc>
<status status="PASS" starttime="20210503 11:08:47.503" endtime="20210503 11:08:47.504"/>
</kw>
<kw name="Verify Dashboard Screen" library="A_SignIn">
<kw name="Wait For Element Visibility On Android" library="A_Common">
<arg>${vf_A_home}</arg>
<kw name="Wait Until Element Is Visible" library="AppiumLibrary">
<arg>${element}</arg>
<arg>timeout=20</arg>
<doc>Waits until element specified with `locator` is visible.</doc>
<status status="PASS" starttime="20210503 11:08:47.506" endtime="20210503 11:08:50.314"/>
</kw>
<status status="PASS" starttime="20210503 11:08:47.505" endtime="20210503 11:08:50.315"/>
</kw>
<kw name="Verify Page Contains Element On Android" library="A_Common">
<arg>${vf_A_home}</arg>
<kw name="Wait For Element Visibility On Android" library="A_Common">
<arg>${element}</arg>
<kw name="Wait Until Element Is Visible" library="AppiumLibrary">
<arg>${element}</arg>
<arg>timeout=20</arg>
<doc>Waits until element specified with `locator` is visible.</doc>
<status status="PASS" starttime="20210503 11:08:50.317" endtime="20210503 11:08:51.749"/>
</kw>
<status status="PASS" starttime="20210503 11:08:50.316" endtime="20210503 11:08:51.750"/>
</kw>
<kw name="Run Keyword And Continue On Failure" library="BuiltIn">
<arg>Page Should Contain Element</arg>
<arg>${element}</arg>
<doc>Runs the keyword and continues execution even if a failure occurs.</doc>
<kw name="Page Should Contain Element" library="AppiumLibrary">
<arg>${element}</arg>
<doc>Verifies that current page contains `locator` element.</doc>
<msg timestamp="20210503 11:08:52.600" level="INFO">Current page contains element 'xpath=//*[@text='Home']'.</msg>
<status status="PASS" starttime="20210503 11:08:51.752" endtime="20210503 11:08:52.600"/>
</kw>
<status status="PASS" starttime="20210503 11:08:51.751" endtime="20210503 11:08:52.601"/>
</kw>
<status status="PASS" starttime="20210503 11:08:50.315" endtime="20210503 11:08:52.601"/>
</kw>
<kw name="Log To Console" library="BuiltIn">
<arg>User is directed to Dashboard screen</arg>
<doc>Logs the given message to the console.</doc>
<status status="PASS" starttime="20210503 11:08:52.601" endtime="20210503 11:08:52.601"/>
</kw>
<status status="PASS" starttime="20210503 11:08:47.504" endtime="20210503 11:08:52.601"/>
</kw>
<status status="PASS" starttime="20210503 11:08:44.986" endtime="20210503 11:08:52.601"/>
</kw>
<kw name="Wait And Click Element On Android" library="A_Common">
<arg>${vf_A_viewAllStepsLink}</arg>
<kw name="Wait For Element Visibility On Android" library="A_Common">
<arg>${element}</arg>
<kw name="Wait Until Element Is Visible" library="AppiumLibrary">
<arg>${element}</arg>
<arg>timeout=20</arg>
<doc>Waits until element specified with `locator` is visible.</doc>
<status status="PASS" starttime="20210503 11:08:52.603" endtime="20210503 11:08:54.323"/>
</kw>
<status status="PASS" starttime="20210503 11:08:52.602" endtime="20210503 11:08:54.323"/>
</kw>
<kw name="Click Element" library="AppiumLibrary">
<arg>${element}</arg>
<doc>Click element identified by `locator`.</doc>
<msg timestamp="20210503 11:08:54.344" level="INFO">Clicking element 'xpath=//*[@text='View all steps']'.</msg>
<status status="PASS" starttime="20210503 11:08:54.323" endtime="20210503 11:08:56.270"/>
</kw>
<status status="PASS" starttime="20210503 11:08:52.602" endtime="20210503 11:08:56.271"/>
</kw>
<status status="PASS" starttime="20210503 11:08:18.941" endtime="20210503 11:08:56.271"/>
</kw>
<kw name="Click on Start/Complete KYC Button" library="A_KYC">
<kw name="Click On Element If Visibile" library="A_Common">
<arg>${vf_A_startKYCBtn}</arg>
<kw name="Run Keyword And Return Status" library="BuiltIn">
<var>${isElementVisible}</var>
<arg>Verify Element Visibility</arg>
<arg>${element}</arg>
<doc>Runs the given keyword with given arguments and returns the status as a Boolean value.</doc>
<kw name="Verify Element Visibility" library="A_Common">
<arg>${element}</arg>
<kw name="Wait For Element Visibility On Android" library="A_Common">
<arg>${element}</arg>
<kw name="Wait Until Element Is Visible" library="AppiumLibrary">
<arg>${element}</arg>
<arg>timeout=20</arg>
<doc>Waits until element specified with `locator` is visible.</doc>
<status status="PASS" starttime="20210503 11:08:56.274" endtime="20210503 11:08:58.565"/>
</kw>
<status status="PASS" starttime="20210503 11:08:56.274" endtime="20210503 11:08:58.565"/>
</kw>
<kw name="Element Should Be Visible" library="AppiumLibrary">
<arg>${element}</arg>
<doc>Verifies that element identified with locator is visible.</doc>
<status status="PASS" starttime="20210503 11:08:58.565" endtime="20210503 11:09:00.350"/>
</kw>
<status status="PASS" starttime="20210503 11:08:56.273" endtime="20210503 11:09:00.350"/>
</kw>
<msg timestamp="20210503 11:09:00.350" level="INFO">${isElementVisible} = True</msg>
<status status="PASS" starttime="20210503 11:08:56.273" endtime="20210503 11:09:00.350"/>
</kw>
<if>
<branch type="IF" condition="${isElementVisible}">
<kw name="Wait And Click Element On Android" library="A_Common">
<arg>${element}</arg>
<kw name="Wait For Element Visibility On Android" library="A_Common">
<arg>${element}</arg>
<kw name="Wait Until Element Is Visible" library="AppiumLibrary">
<arg>${element}</arg>
<arg>timeout=20</arg>
<doc>Waits until element specified with `locator` is visible.</doc>
<status status="PASS" starttime="20210503 11:09:00.352" endtime="20210503 11:09:02.603"/>
</kw>
<status status="PASS" starttime="20210503 11:09:00.352" endtime="20210503 11:09:02.603"/>
</kw>
<kw name="Click Element" library="AppiumLibrary">
<arg>${element}</arg>
<doc>Click element identified by `locator`.</doc>
<msg timestamp="20210503 11:09:02.624" level="INFO">Clicking element 'xpath=//*[@text='Start KYC']'.</msg>
<status status="PASS" starttime="20210503 11:09:02.604" endtime="20210503 11:09:04.410"/>
</kw>
<status status="PASS" starttime="20210503 11:09:00.351" endtime="20210503 11:09:04.410"/>
</kw>
<status status="PASS" starttime="20210503 11:09:00.351" endtime="20210503 11:09:04.410"/>
</branch>
<branch type="ELSE">
<kw name="Log To Console" library="BuiltIn">
<arg>Continuing without element click</arg>
<doc>Logs the given message to the console.</doc>
<status status="NOT RUN" starttime="20210503 11:09:04.410" endtime="20210503 11:09:04.411"/>
</kw>
<status status="NOT RUN" starttime="20210503 11:09:04.410" endtime="20210503 11:09:04.411"/>
</branch>
<status status="PASS" starttime="20210503 11:09:00.350" endtime="20210503 11:09:04.411"/>
</if>
<status status="PASS" starttime="20210503 11:08:56.272" endtime="20210503 11:09:04.411"/>
</kw>
<kw name="Click On Element If Visibile" library="A_Common">
<arg>${vf_A_CmpltKYCBtn}</arg>
<kw name="Run Keyword And Return Status" library="BuiltIn">
<var>${isElementVisible}</var>
<arg>Verify Element Visibility</arg>
<arg>${element}</arg>
<doc>Runs the given keyword with given arguments and returns the status as a Boolean value.</doc>
<kw name="Verify Element Visibility" library="A_Common">
<arg>${element}</arg>
<kw name="Wait For Element Visibility On Android" library="A_Common">
<arg>${element}</arg>
<kw name="Wait Until Element Is Visible" library="AppiumLibrary">
<arg>${element}</arg>
<arg>timeout=20</arg>
<doc>Waits until element specified with `locator` is visible.</doc>
<kw name="Capture Page Screenshot" library="AppiumLibrary">
<doc>Takes a screenshot of the current page and embeds it into the log.</doc>
<msg timestamp="20210503 11:09:29.582" level="INFO" html="true">&lt;/td&gt;&lt;/tr&gt;&lt;tr&gt;&lt;td colspan="3"&gt;&lt;a href="appium-screenshot-6.png"&gt;&lt;img src="appium-screenshot-6.png" width="800px"&gt;&lt;/a&gt;</msg>
<status status="PASS" starttime="20210503 11:09:24.933" endtime="20210503 11:09:29.582"/>
</kw>
<msg timestamp="20210503 11:09:29.583" level="FAIL">Element locator 'xpath=//*[@text='Complete KYC']' did not match any elements after 20 seconds</msg>
<status status="FAIL" starttime="20210503 11:09:04.414" endtime="20210503 11:09:29.583"/>
</kw>
<status status="FAIL" starttime="20210503 11:09:04.413" endtime="20210503 11:09:29.583"/>
</kw>
<kw name="Element Should Be Visible" library="AppiumLibrary">
<arg>${element}</arg>
<doc>Verifies that element identified with locator is visible.</doc>
<status status="NOT RUN" starttime="20210503 11:09:29.583" endtime="20210503 11:09:29.583"/>
</kw>
<status status="FAIL" starttime="20210503 11:09:04.412" endtime="20210503 11:09:29.583"/>
</kw>
<msg timestamp="20210503 11:09:29.583" level="INFO">${isElementVisible} = False</msg>
<status status="PASS" starttime="20210503 11:09:04.412" endtime="20210503 11:09:29.583"/>
</kw>
<if>
<branch type="IF" condition="${isElementVisible}">
<kw name="Wait And Click Element On Android" library="A_Common">
<arg>${element}</arg>
<status status="NOT RUN" starttime="20210503 11:09:29.584" endtime="20210503 11:09:29.584"/>
</kw>
<status status="NOT RUN" starttime="20210503 11:09:29.584" endtime="20210503 11:09:29.584"/>
</branch>
<branch type="ELSE">
<kw name="Log To Console" library="BuiltIn">
<arg>Continuing without element click</arg>
<doc>Logs the given message to the console.</doc>
<status status="PASS" starttime="20210503 11:09:29.584" endtime="20210503 11:09:29.584"/>
</kw>
<status status="PASS" starttime="20210503 11:09:29.584" endtime="20210503 11:09:29.585"/>
</branch>
<status status="PASS" starttime="20210503 11:09:29.584" endtime="20210503 11:09:29.585"/>
</if>
<status status="PASS" starttime="20210503 11:09:04.411" endtime="20210503 11:09:29.585"/>
</kw>
<kw name="Log To Console" library="BuiltIn">
<arg>Clicked on Start/Complete KYC Button</arg>
<doc>Logs the given message to the console.</doc>
<status status="PASS" starttime="20210503 11:09:29.585" endtime="20210503 11:09:29.585"/>
</kw>
<status status="PASS" starttime="20210503 11:08:56.271" endtime="20210503 11:09:29.586"/>
</kw>
<kw name="Verify All Sections And Navigations Under KYC Introduction Screen" library="A_KYC">
<kw name="Wait For Page Conatin Element" library="A_Common">
<arg>${e_headingKYC}</arg>
<arg>3s</arg>
<kw name="Wait Until Page Contains" library="AppiumLibrary">
<arg>${element}</arg>
<arg>${timeout}</arg>
<doc>Waits until `text` appears on current page.</doc>
<status status="PASS" starttime="20210503 11:09:29.587" endtime="20210503 11:09:30.241"/>
</kw>
<status status="PASS" starttime="20210503 11:09:29.587" endtime="20210503 11:09:30.241"/>
</kw>
<kw name="Verify Page Conatin Text" library="A_Common">
<arg>${e_headingKYC}</arg>
<kw name="Sleep" library="BuiltIn">
<arg>2s</arg>
<doc>Pauses the test executed for the given time.</doc>
<msg timestamp="20210503 11:09:32.243" level="INFO">Slept 2 seconds</msg>
<status status="PASS" starttime="20210503 11:09:30.243" endtime="20210503 11:09:32.244"/>
</kw>
<kw name="Page Should Contain Text" library="AppiumLibrary">
<arg>${text}</arg>
<doc>Verifies that current page contains `text`.</doc>
<msg timestamp="20210503 11:09:33.295" level="INFO">Current page contains text 'KYC'.</msg>
<status status="PASS" starttime="20210503 11:09:32.244" endtime="20210503 11:09:33.295"/>
</kw>
<status status="PASS" starttime="20210503 11:09:30.242" endtime="20210503 11:09:33.295"/>
</kw>
<kw name="Verify Page Conatin Text" library="A_Common">
<arg>${e_headingKYCTxt}</arg>
<kw name="Sleep" library="BuiltIn">
<arg>2s</arg>
<doc>Pauses the test executed for the given time.</doc>
<msg timestamp="20210503 11:09:35.298" level="INFO">Slept 2 seconds</msg>
<status status="PASS" starttime="20210503 11:09:33.296" endtime="20210503 11:09:35.299"/>
</kw>
<kw name="Page Should Contain Text" library="AppiumLibrary">
<arg>${text}</arg>
<doc>Verifies that current page contains `text`.</doc>
<msg timestamp="20210503 11:09:36.210" level="INFO">Current page contains text 'Complete the process in less than 5 minutes'.</msg>
<status status="PASS" starttime="20210503 11:09:35.299" endtime="20210503 11:09:36.211"/>
</kw>
<status status="PASS" starttime="20210503 11:09:33.295" endtime="20210503 11:09:36.211"/>
</kw>
<kw name="Verify Page Conatin Text" library="A_Common">
<arg>${e_whatDoYouNeed}</arg>
<kw name="Sleep" library="BuiltIn">
<arg>2s</arg>
<doc>Pauses the test executed for the given time.</doc>
<msg timestamp="20210503 11:09:38.214" level="INFO">Slept 2 seconds</msg>
<status status="PASS" starttime="20210503 11:09:36.211" endtime="20210503 11:09:38.214"/>
</kw>
<kw name="Page Should Contain Text" library="AppiumLibrary">
<arg>${text}</arg>
<doc>Verifies that current page contains `text`.</doc>
<msg timestamp="20210503 11:09:39.298" level="INFO">Current page contains text 'What do you need for KYC?'.</msg>
<status status="PASS" starttime="20210503 11:09:38.214" endtime="20210503 11:09:39.298"/>
</kw>
<status status="PASS" starttime="20210503 11:09:36.211" endtime="20210503 11:09:39.299"/>
</kw>
<kw name="Verify Page Conatin Text" library="A_Common">
<arg>${e_whatDoYouNeedP1}</arg>
<kw name="Sleep" library="BuiltIn">
<arg>2s</arg>
<doc>Pauses the test executed for the given time.</doc>
<msg timestamp="20210503 11:09:41.300" level="INFO">Slept 2 seconds</msg>
<status status="PASS" starttime="20210503 11:09:39.300" endtime="20210503 11:09:41.301"/>
</kw>
<kw name="Page Should Contain Text" library="AppiumLibrary">
<arg>${text}</arg>
<doc>Verifies that current page contains `text`.</doc>
<msg timestamp="20210503 11:09:42.280" level="INFO">Current page contains text 'Background information (name, address, date of birth, etc.)'.</msg>
<status status="PASS" starttime="20210503 11:09:41.301" endtime="20210503 11:09:42.280"/>
</kw>
<status status="PASS" starttime="20210503 11:09:39.299" endtime="20210503 11:09:42.280"/>
</kw>
<kw name="Verify Page Conatin Text" library="A_Common">
<arg>${e_whatDoYouNeedP2}</arg>
<kw name="Sleep" library="BuiltIn">
<arg>2s</arg>
<doc>Pauses the test executed for the given time.</doc>
<msg timestamp="20210503 11:09:44.282" level="INFO">Slept 2 seconds</msg>
<status status="PASS" starttime="20210503 11:09:42.281" endtime="20210503 11:09:44.283"/>
</kw>
<kw name="Page Should Contain Text" library="AppiumLibrary">
<arg>${text}</arg>
<doc>Verifies that current page contains `text`.</doc>
<msg timestamp="20210503 11:09:45.416" level="INFO">Current page contains text 'Proof of ID'.</msg>
<status status="PASS" starttime="20210503 11:09:44.283" endtime="20210503 11:09:45.416"/>
</kw>
<status status="PASS" starttime="20210503 11:09:42.281" endtime="20210503 11:09:45.416"/>
</kw>
<kw name="Verify Page Conatin Text" library="A_Common">
<arg>${e_whatDoYouNeedP3}</arg>
<kw name="Sleep" library="BuiltIn">
<arg>2s</arg>
<doc>Pauses the test executed for the given time.</doc>
<msg timestamp="20210503 11:09:47.420" level="INFO">Slept 2 seconds</msg>
<status status="PASS" starttime="20210503 11:09:45.417" endtime="20210503 11:09:47.420"/>
</kw>
<kw name="Page Should Contain Text" library="AppiumLibrary">
<arg>${text}</arg>
<doc>Verifies that current page contains `text`.</doc>
<msg timestamp="20210503 11:09:48.411" level="INFO">Current page contains text 'Proof of Address'.</msg>
<status status="PASS" starttime="20210503 11:09:47.420" endtime="20210503 11:09:48.411"/>
</kw>
<status status="PASS" starttime="20210503 11:09:45.416" endtime="20210503 11:09:48.411"/>
</kw>
<kw name="Verify Page Conatin Text" library="A_Common">
<arg>${e_howWeUseInfo}</arg>
<kw name="Sleep" library="BuiltIn">
<arg>2s</arg>
<doc>Pauses the test executed for the given time.</doc>
<msg timestamp="20210503 11:09:50.414" level="INFO">Slept 2 seconds</msg>
<status status="PASS" starttime="20210503 11:09:48.412" endtime="20210503 11:09:50.414"/>
</kw>
<kw name="Page Should Contain Text" library="AppiumLibrary">
<arg>${text}</arg>
<doc>Verifies that current page contains `text`.</doc>
<msg timestamp="20210503 11:09:51.762" level="INFO">Current page contains text 'How do we use your information?'.</msg>
<status status="PASS" starttime="20210503 11:09:50.414" endtime="20210503 11:09:51.763"/>
</kw>
<status status="PASS" starttime="20210503 11:09:48.411" endtime="20210503 11:09:51.763"/>
</kw>
<kw name="Verify Page Conatin Text" library="A_Common">
<arg>${e_howWeUseInfoP1}</arg>
<kw name="Sleep" library="BuiltIn">
<arg>2s</arg>
<doc>Pauses the test executed for the given time.</doc>
<msg timestamp="20210503 11:09:53.764" level="INFO">Slept 2 seconds</msg>
<status status="PASS" starttime="20210503 11:09:51.763" endtime="20210503 11:09:53.764"/>
</kw>
<kw name="Page Should Contain Text" library="AppiumLibrary">
<arg>${text}</arg>
<doc>Verifies that current page contains `text`.</doc>
<msg timestamp="20210503 11:09:54.396" level="INFO">Current page contains text 'Perform KYC checks that meet US regulatory requirements'.</msg>
<status status="PASS" starttime="20210503 11:09:53.765" endtime="20210503 11:09:54.396"/>
</kw>
<status status="PASS" starttime="20210503 11:09:51.763" endtime="20210503 11:09:54.396"/>
</kw>
<kw name="Verify Page Conatin Text" library="A_Common">
<arg>${e_howWeUseInfoP2}</arg>
<kw name="Sleep" library="BuiltIn">
<arg>2s</arg>
<doc>Pauses the test executed for the given time.</doc>
<msg timestamp="20210503 11:09:56.397" level="INFO">Slept 2 seconds</msg>
<status status="PASS" starttime="20210503 11:09:54.397" endtime="20210503 11:09:56.398"/>
</kw>
<kw name="Page Should Contain Text" library="AppiumLibrary">
<arg>${text}</arg>
<doc>Verifies that current page contains `text`.</doc>
<msg timestamp="20210503 11:09:57.441" level="INFO">Current page contains text 'Verify and protect your identity'.</msg>
<status status="PASS" starttime="20210503 11:09:56.398" endtime="20210503 11:09:57.441"/>
</kw>
<status status="PASS" starttime="20210503 11:09:54.396" endtime="20210503 11:09:57.442"/>
</kw>
<kw name="Verify Page Conatin Text" library="A_Common">
<arg>${e_howWeUseInfoP3}</arg>
<kw name="Sleep" library="BuiltIn">
<arg>2s</arg>
<doc>Pauses the test executed for the given time.</doc>
<msg timestamp="20210503 11:09:59.445" level="INFO">Slept 2 seconds</msg>
<status status="PASS" starttime="20210503 11:09:57.442" endtime="20210503 11:09:59.445"/>
</kw>
<kw name="Page Should Contain Text" library="AppiumLibrary">
<arg>${text}</arg>
<doc>Verifies that current page contains `text`.</doc>
<msg timestamp="20210503 11:10:00.580" level="INFO">Current page contains text 'File tax forms to prevent double taxation'.</msg>
<status status="PASS" starttime="20210503 11:09:59.445" endtime="20210503 11:10:00.580"/>
</kw>
<status status="PASS" starttime="20210503 11:09:57.442" endtime="20210503 11:10:00.580"/>
</kw>
<kw name="Verify Page Conatin Text" library="A_Common">
<arg>${e_whatElseNeedInfo}</arg>
<kw name="Sleep" library="BuiltIn">
<arg>2s</arg>
<doc>Pauses the test executed for the given time.</doc>
<msg timestamp="20210503 11:10:02.582" level="INFO">Slept 2 seconds</msg>
<status status="PASS" starttime="20210503 11:10:00.581" endtime="20210503 11:10:02.582"/>
</kw>
<kw name="Page Should Contain Text" library="AppiumLibrary">
<arg>${text}</arg>
<doc>Verifies that current page contains `text`.</doc>
<msg timestamp="20210503 11:10:03.485" level="INFO">Current page contains text 'What else do we need your information for?'.</msg>
<status status="PASS" starttime="20210503 11:10:02.583" endtime="20210503 11:10:03.485"/>
</kw>
<status status="PASS" starttime="20210503 11:10:00.580" endtime="20210503 11:10:03.486"/>
</kw>
<kw name="Verify Page Conatin Text" library="A_Common">
<arg>${e_whatElseNeedInfoTxt}</arg>
<kw name="Sleep" library="BuiltIn">
<arg>2s</arg>
<doc>Pauses the test executed for the given time.</doc>
<msg timestamp="20210503 11:10:05.489" level="INFO">Slept 2 seconds</msg>
<status status="PASS" starttime="20210503 11:10:03.486" endtime="20210503 11:10:05.489"/>
</kw>
<kw name="Page Should Contain Text" library="AppiumLibrary">
<arg>${text}</arg>
<doc>Verifies that current page contains `text`.</doc>
<msg timestamp="20210503 11:10:06.570" level="INFO">Current page contains text 'The information you provide allows us to comply with US federal laws to obtain, verify, and record information that identifies each person who opens an account. Doing so will help the US government in their fight against global terrorism and money laundering.'.</msg>
<status status="PASS" starttime="20210503 11:10:05.489" endtime="20210503 11:10:06.570"/>
</kw>
<status status="PASS" starttime="20210503 11:10:03.486" endtime="20210503 11:10:06.571"/>
</kw>
<kw name="Log To Console" library="BuiltIn">
<arg>Verified all sections under KYC Introduction screen!</arg>
<doc>Logs the given message to the console.</doc>
<status status="PASS" starttime="20210503 11:10:06.571" endtime="20210503 11:10:06.571"/>
</kw>
<kw name="Verify Navigations Under KYC Introduction Screen" library="A_KYC">
<kw name="Click On Back Arrow And Verify Dashboard Screen" library="A_KYC">
<kw name="Click On Back Arrow" library="A_KYC">
<kw name="Verify Element Visibility" library="A_Common">
<arg>${vf_A_backArrow}</arg>
<kw name="Wait For Element Visibility On Android" library="A_Common">
<arg>${element}</arg>
<kw name="Wait Until Element Is Visible" library="AppiumLibrary">
<arg>${element}</arg>
<arg>timeout=20</arg>
<doc>Waits until element specified with `locator` is visible.</doc>
<status status="PASS" starttime="20210503 11:10:06.573" endtime="20210503 11:10:07.932"/>
</kw>
<status status="PASS" starttime="20210503 11:10:06.573" endtime="20210503 11:10:07.932"/>
</kw>
<kw name="Element Should Be Visible" library="AppiumLibrary">
<arg>${element}</arg>
<doc>Verifies that element identified with locator is visible.</doc>
<status status="PASS" starttime="20210503 11:10:07.933" endtime="20210503 11:10:08.558"/>
</kw>
<status status="PASS" starttime="20210503 11:10:06.573" endtime="20210503 11:10:08.559"/>
</kw>
<kw name="Wait And Click Element On Android" library="A_Common">
<arg>${vf_A_backArrow}</arg>
<kw name="Wait For Element Visibility On Android" library="A_Common">
<arg>${element}</arg>
<kw name="Wait Until Element Is Visible" library="AppiumLibrary">
<arg>${element}</arg>
<arg>timeout=20</arg>
<doc>Waits until element specified with `locator` is visible.</doc>
<status status="PASS" starttime="20210503 11:10:08.561" endtime="20210503 11:10:09.569"/>
</kw>
<status status="PASS" starttime="20210503 11:10:08.560" endtime="20210503 11:10:09.569"/>
</kw>
<kw name="Click Element" library="AppiumLibrary">
<arg>${element}</arg>
<doc>Click element identified by `locator`.</doc>
<msg timestamp="20210503 11:10:09.590" level="INFO">Clicking element 'xpath=//*[@text='chevron_left']'.</msg>
<status status="PASS" starttime="20210503 11:10:09.570" endtime="20210503 11:10:10.466"/>
</kw>
<status status="PASS" starttime="20210503 11:10:08.559" endtime="20210503 11:10:10.466"/>
</kw>
<kw name="Log To Console" library="BuiltIn">
<arg>Clicked on Back arrow</arg>
<doc>Logs the given message to the console.</doc>
<status status="PASS" starttime="20210503 11:10:10.466" endtime="20210503 11:10:10.467"/>
</kw>
<status status="PASS" starttime="20210503 11:10:06.572" endtime="20210503 11:10:10.467"/>
</kw>
<kw name="Verify Dashboard Screen" library="A_SignIn">
<kw name="Wait For Element Visibility On Android" library="A_Common">
<arg>${vf_A_home}</arg>
<kw name="Wait Until Element Is Visible" library="AppiumLibrary">
<arg>${element}</arg>
<arg>timeout=20</arg>
<doc>Waits until element specified with `locator` is visible.</doc>
<status status="PASS" starttime="20210503 11:10:10.469" endtime="20210503 11:10:13.053"/>
</kw>
<status status="PASS" starttime="20210503 11:10:10.468" endtime="20210503 11:10:13.054"/>
</kw>
<kw name="Verify Page Contains Element On Android" library="A_Common">
<arg>${vf_A_home}</arg>
<kw name="Wait For Element Visibility On Android" library="A_Common">
<arg>${element}</arg>
<kw name="Wait Until Element Is Visible" library="AppiumLibrary">
<arg>${element}</arg>
<arg>timeout=20</arg>
<doc>Waits until element specified with `locator` is visible.</doc>
<status status="PASS" starttime="20210503 11:10:13.056" endtime="20210503 11:10:14.281"/>
</kw>
<status status="PASS" starttime="20210503 11:10:13.055" endtime="20210503 11:10:14.281"/>
</kw>
<kw name="Run Keyword And Continue On Failure" library="BuiltIn">
<arg>Page Should Contain Element</arg>
<arg>${element}</arg>
<doc>Runs the keyword and continues execution even if a failure occurs.</doc>
<kw name="Page Should Contain Element" library="AppiumLibrary">
<arg>${element}</arg>
<doc>Verifies that current page contains `locator` element.</doc>
<msg timestamp="20210503 11:10:15.116" level="INFO">Current page contains element 'xpath=//*[@text='Home']'.</msg>
<status status="PASS" starttime="20210503 11:10:14.282" endtime="20210503 11:10:15.116"/>
</kw>
<status status="PASS" starttime="20210503 11:10:14.281" endtime="20210503 11:10:15.116"/>
</kw>
<status status="PASS" starttime="20210503 11:10:13.054" endtime="20210503 11:10:15.117"/>
</kw>
<kw name="Log To Console" library="BuiltIn">
<arg>User is directed to Dashboard screen</arg>
<doc>Logs the given message to the console.</doc>
<status status="PASS" starttime="20210503 11:10:15.117" endtime="20210503 11:10:15.117"/>
</kw>
<status status="PASS" starttime="20210503 11:10:10.467" endtime="20210503 11:10:15.117"/>
</kw>
<status status="PASS" starttime="20210503 11:10:06.572" endtime="20210503 11:10:15.118"/>
</kw>
<kw name="Click On Accept And Continue Button And Verify Basic Details Screen" library="A_KYC">
<kw name="Wait And Click Element On Android" library="A_Common">
<arg>${vf_A_startKYCProcessBtn}</arg>
<kw name="Wait For Element Visibility On Android" library="A_Common">
<arg>${element}</arg>
<kw name="Wait Until Element Is Visible" library="AppiumLibrary">
<arg>${element}</arg>
<arg>timeout=20</arg>
<doc>Waits until element specified with `locator` is visible.</doc>
<status status="PASS" starttime="20210503 11:10:15.119" endtime="20210503 11:10:16.145"/>
</kw>
<status status="PASS" starttime="20210503 11:10:15.119" endtime="20210503 11:10:16.145"/>
</kw>
<kw name="Click Element" library="AppiumLibrary">
<arg>${element}</arg>
<doc>Click element identified by `locator`.</doc>
<msg timestamp="20210503 11:10:16.171" level="INFO">Clicking element 'xpath=//*[@text='Start KYC process']'.</msg>
<status status="PASS" starttime="20210503 11:10:16.146" endtime="20210503 11:10:17.004"/>
</kw>
<status status="PASS" starttime="20210503 11:10:15.118" endtime="20210503 11:10:17.004"/>
</kw>
<kw name="Log To Console" library="BuiltIn">
<arg>Clicked on Start KYC Process Button</arg>
<doc>Logs the given message to the console.</doc>
<status status="PASS" starttime="20210503 11:10:17.005" endtime="20210503 11:10:17.005"/>
</kw>
<kw name="Verify KYC Introduction Screen" library="A_KYC">
<kw name="Sleep" library="BuiltIn">
<arg>3s</arg>
<doc>Pauses the test executed for the given time.</doc>
<status status="FAIL" starttime="20210503 11:10:17.006" endtime="20210503 11:10:17.757"/>
</kw>
<kw name="Wait For Page Conatin Element" library="A_Common">
<arg>${e_headingKYC}</arg>
<arg>15s</arg>
<status status="NOT RUN" starttime="20210503 11:10:17.757" endtime="20210503 11:10:17.757"/>
</kw>
<kw name="Verify Page Conatin Text" library="A_Common">
<arg>${e_headingKYC}</arg>
<status status="NOT RUN" starttime="20210503 11:10:17.758" endtime="20210503 11:10:17.758"/>
</kw>
<kw name="Wait For Page Conatin Element" library="A_Common">
<arg>${e_headingKYC}</arg>
<arg>15s</arg>
<status status="NOT RUN" starttime="20210503 11:10:17.758" endtime="20210503 11:10:17.758"/>
</kw>
<kw name="Verify Page Conatin Text" library="A_Common">
<arg>${e_headingKYCTxt}</arg>
<status status="NOT RUN" starttime="20210503 11:10:17.758" endtime="20210503 11:10:17.758"/>
</kw>
<kw name="Log To Console" library="BuiltIn">
<arg>Verified KYC Introduction Screen!</arg>
<doc>Logs the given message to the console.</doc>
<status status="NOT RUN" starttime="20210503 11:10:17.758" endtime="20210503 11:10:17.758"/>
</kw>
<status status="FAIL" starttime="20210503 11:10:17.005" endtime="20210503 11:10:17.759"/>
</kw>
<kw name="Wait And Click Element On Android" library="A_Common">
<arg>${vf_A_acceptAndContinueBtn}</arg>
<status status="NOT RUN" starttime="20210503 11:10:17.759" endtime="20210503 11:10:17.759"/>
</kw>
<kw name="Log To Console" library="BuiltIn">
<arg>Clicked on Accept and Continue Button</arg>
<doc>Logs the given message to the console.</doc>
<status status="NOT RUN" starttime="20210503 11:10:17.759" endtime="20210503 11:10:17.759"/>
</kw>
<kw name="Verify KYC Basic Details Screen" library="A_KYC">
<status status="NOT RUN" starttime="20210503 11:10:17.759" endtime="20210503 11:10:17.759"/>
</kw>
<status status="FAIL" starttime="20210503 11:10:15.118" endtime="20210503 11:10:17.760"/>
</kw>
<status status="FAIL" starttime="20210503 11:10:06.571" endtime="20210503 11:10:17.760"/>
</kw>
<status status="FAIL" starttime="20210503 11:09:29.586" endtime="20210503 11:10:17.760"/>
</kw>
<kw name="User Fill All The Fields Under KYC Basic Details Screen And Verify" library="A_KYC">
<status status="NOT RUN" starttime="20210503 11:10:17.760" endtime="20210503 11:10:17.760"/>
</kw>
<kw name="User Fill All The Fields Under KYC Investment Profile Screen And Verify" library="A_KYC">
<status status="NOT RUN" starttime="20210503 11:10:17.761" endtime="20210503 11:10:17.761"/>
</kw>
<kw name="User Fill All the Fields under KYC Identity Screen And Verify" library="A_KYC">
<status status="NOT RUN" starttime="20210503 11:10:17.761" endtime="20210503 11:10:17.761"/>
</kw>
<kw name="Upload Front And Back Side Of Aadhaar As POI" library="A_KYC">
<status status="NOT RUN" starttime="20210503 11:10:17.761" endtime="20210503 11:10:17.761"/>
</kw>
<kw name="Verify Sections And Navigations Under KYC Plan Payment Screen" library="A_KYC">
<status status="NOT RUN" starttime="20210503 11:10:17.762" endtime="20210503 11:10:17.762"/>
</kw>
<kw name="Verify All Sections And Navigations Under KYC Signature Screen" library="A_KYC">
<status status="NOT RUN" starttime="20210503 11:10:17.762" endtime="20210503 11:10:17.762"/>
</kw>
<kw name="Verify Steps Under Account Status Screen After KYC Completion" library="A_KYC">
<status status="NOT RUN" starttime="20210503 11:10:17.762" endtime="20210503 11:10:17.762"/>
</kw>
<kw name="Rest Android Application" library="A_Common" type="TEARDOWN">
<kw name="Reset Application" library="AppiumLibrary">
<doc>Reset application. Open Application can be reset while Appium session is kept alive.</doc>
<status status="PASS" starttime="20210503 11:10:17.763" endtime="20210503 11:10:19.555"/>
</kw>
<status status="PASS" starttime="20210503 11:10:17.763" endtime="20210503 11:10:19.555"/>
</kw>
<tag>E2E1</tag>
<tag>KYC</tag>
<status status="FAIL" starttime="20210503 11:05:04.655" endtime="20210503 11:10:19.556">Execution terminated by signal</status>
</test>
<kw name="Quit Android Application" library="A_Common" type="TEARDOWN">
<kw name="Quit Application" library="AppiumLibrary">
<doc>Quit application. Application can be quit while Appium session is kept alive.
This keyword can be used to close application during test case or between test cases.</doc>
<status status="PASS" starttime="20210503 11:10:19.560" endtime="20210503 11:10:19.937"/>
</kw>
<status status="PASS" starttime="20210503 11:10:19.559" endtime="20210503 11:10:19.938"/>
</kw>
<status status="FAIL" starttime="20210503 11:04:28.508" endtime="20210503 11:10:19.938"/>
</suite>
<statistics>
<total>
<stat pass="0" fail="1" skip="0">All Tests</stat>
</total>
<tag>
<stat pass="0" fail="1" skip="0">E2E1</stat>
<stat pass="0" fail="1" skip="0">KYC</stat>
</tag>
<suite>
<stat pass="0" fail="1" skip="0" id="s1" name="A Tests">A Tests</stat>
</suite>
</statistics>
<errors>
<msg timestamp="20210503 11:04:28.781" level="ERROR">Error in file '/Users/apple/workspace/VestedFinanceAutomation/VestedFinance/Resources/Utils/Android/A_Common.robot' on line 3: Importing library 'JSONLibrary' failed: ModuleNotFoundError: No module named 'JSONLibrary'
Traceback (most recent call last):
  None
PYTHONPATH:
  /usr/local/bin
  /usr/local/Cellar/python@3.9/3.9.4/Frameworks/Python.framework/Versions/3.9/lib/python39.zip
  /usr/local/Cellar/python@3.9/3.9.4/Frameworks/Python.framework/Versions/3.9/lib/python3.9
  /usr/local/Cellar/python@3.9/3.9.4/Frameworks/Python.framework/Versions/3.9/lib/python3.9/lib-dynload
  /usr/local/lib/python3.9/site-packages</msg>
</errors>
</robot>
