<?xml version="1.0" encoding="UTF-8"?>
<robot generator="Robot 4.0 (Python 3.9.2 on darwin)" generated="20210405 19:10:08.514" rpa="false" schemaversion="2">
<suite id="s1" name="CurrentTest" source="/Users/apple/Tools/Git/GitRepo/Tests/Android/CurrentTest.robot">
<kw name="Open App On Real Device" library="A_Common" type="SETUP">
<kw name="Open Application" library="AppiumLibrary">
<arg>${server}</arg>
<arg>platformName=${platform}</arg>
<arg>platformVersion=${platform_version}</arg>
<arg>deviceName=${device}</arg>
<arg>automationName=${appium}</arg>
<arg>appActivity=${app_activity}</arg>
<arg>appPackage=${app_package}</arg>
<doc>Opens a new application to given Appium server.
Capabilities of appium server, Android and iOS,
Please check https://github.com/appium/appium/blob/master/docs/en/writing-running-appium/server-args.md
| *Option*            | *Man.* | *Description*     |
| remote_url          | Yes    | Appium server url |
| alias               | no     | alias             |</doc>
<status status="PASS" starttime="20210405 19:10:09.002" endtime="20210405 19:10:18.836"/>
</kw>
<kw name="Landing Page Is Loaded Completely" library="A_LandingPage">
<kw name="Wait For Element Visibility On Android" library="A_Common">
<arg>${vf_A_startInvestingBtn}</arg>
<kw name="Wait Until Element Is Visible" library="AppiumLibrary">
<arg>${element}</arg>
<arg>timeout=20</arg>
<doc>Waits until element specified with `locator` is visible.</doc>
<status status="PASS" starttime="20210405 19:10:18.836" endtime="20210405 19:10:22.978"/>
</kw>
<status status="PASS" starttime="20210405 19:10:18.836" endtime="20210405 19:10:22.978"/>
</kw>
<kw name="Log Source" library="AppiumLibrary">
<doc>Logs and returns the entire html source of the current page or frame.</doc>
<msg timestamp="20210405 19:10:23.315" level="INFO">&lt;?xml version='1.0' encoding='UTF-8' standalone='yes' ?&gt;
&lt;hierarchy index="0" class="hierarchy" rotation="0" width="1080" height="2132"&gt;
  &lt;android.widget.FrameLayout index="0" package="com.vested.investing.android.staging" class="android.widget.FrameLayout" text="" checkable="false" checked="false" clickable="false" enabled="true" focusable="false" focused="false" long-clickable="false" password="false" scrollable="false" selected="false" bounds="[0,0][1080,2132]" displayed="true"&gt;
    &lt;android.widget.LinearLayout index="0" package="com.vested.investing.android.staging" class="android.widget.LinearLayout" text="" checkable="false" checked="false" clickable="false" enabled="true" focusable="false" focused="false" long-clickable="false" password="false" scrollable="false" selected="false" bounds="[0,0][1080,2132]" displayed="true"&gt;
      &lt;android.widget.FrameLayout index="0" package="com.vested.investing.android.staging" class="android.widget.FrameLayout" text="" checkable="false" checked="false" clickable="false" enabled="true" focusable="false" focused="false" long-clickable="false" password="false" scrollable="false" selected="false" bounds="[0,96][1080,2132]" displayed="true"&gt;
        &lt;android.widget.LinearLayout index="0" package="com.vested.investing.android.staging" class="android.widget.LinearLayout" text="" resource-id="com.vested.investing.android.staging:id/action_bar_root" checkable="false" checked="false" clickable="false" enabled="true" focusable="false" focused="false" long-clickable="false" password="false" scrollable="false" selected="false" bounds="[0,96][1080,2132]" displayed="true"&gt;
          &lt;android.widget.FrameLayout index="0" package="com.vested.investing.android.staging" class="android.widget.FrameLayout" text="" resource-id="android:id/content" checkable="false" checked="false" clickable="false" enabled="true" focusable="false" focused="false" long-clickable="false" password="false" scrollable="false" selected="false" bounds="[0,96][1080,2132]" displayed="true"&gt;
            &lt;android.widget.FrameLayout index="0" package="com.vested.investing.android.staging" class="android.widget.FrameLayout" text="" checkable="false" checked="false" clickable="false" enabled="true" focusable="false" focused="false" long-clickable="false" password="false" scrollable="false" selected="false" bounds="[0,96][1080,2132]" displayed="true"&gt;
              &lt;android.view.ViewGroup index="0" package="com.vested.investing.android.staging" class="android.view.ViewGroup" text="" checkable="false" checked="false" clickable="false" enabled="true" focusable="false" focused="false" long-clickable="false" password="false" scrollable="false" selected="false" bounds="[0,96][1080,2132]" displayed="true" /&gt;
              &lt;android.view.ViewGroup index="1" package="com.vested.investing.android.staging" class="android.view.ViewGroup" text="" checkable="false" checked="false" clickable="false" enabled="true" focusable="false" focused="false" long-clickable="false" password="false" scrollable="false" selected="false" bounds="[0,96][1080,2132]" displayed="true" /&gt;
              &lt;android.view.ViewGroup index="2" package="com.vested.investing.android.staging" class="android.view.ViewGroup" text="" checkable="false" checked="false" clickable="false" enabled="true" focusable="false" focused="false" long-clickable="false" password="false" scrollable="false" selected="false" bounds="[0,96][1080,2132]" displayed="true"&gt;
                &lt;android.view.ViewGroup index="0" package="com.vested.investing.android.staging" class="android.view.ViewGroup" text="" checkable="false" checked="false" clickable="false" enabled="true" focusable="false" focused="false" long-clickable="false" password="false" scrollable="false" selected="false" bounds="[0,96][1080,2132]" displayed="true"&gt;
                  &lt;android.view.ViewGroup index="0" package="com.vested.investing.android.staging" class="android.view.ViewGroup" text="" checkable="false" checked="false" clickable="false" enabled="true" focusable="false" focused="false" long-clickable="false" password="false" scrollable="false" selected="false" bounds="[0,96][1080,2132]" displayed="true"&gt;
                    &lt;android.view.ViewGroup index="0" package="com.vested.investing.android.staging" class="android.view.ViewGroup" text="" checkable="false" checked="false" clickable="false" enabled="true" focusable="false" focused="false" long-clickable="false" password="false" scrollable="false" selected="false" bounds="[0,96][1080,2132]" displayed="true"&gt;
                      &lt;android.view.ViewGroup index="0" package="com.vested.investing.android.staging" class="android.view.ViewGroup" text="" checkable="false" checked="false" clickable="false" enabled="true" focusable="false" focused="false" long-clickable="false" password="false" scrollable="false" selected="false" bounds="[0,96][1080,2132]" displayed="true"&gt;
                        &lt;android.view.ViewGroup index="0" package="com.vested.investing.android.staging" class="android.view.ViewGroup" text="" checkable="false" checked="false" clickable="false" enabled="true" focusable="false" focused="false" long-clickable="false" password="false" scrollable="false" selected="false" bounds="[0,96][1080,2132]" displayed="true"&gt;
                          &lt;android.view.ViewGroup index="0" package="com.vested.investing.android.staging" class="android.view.ViewGroup" text="" checkable="false" checked="false" clickable="false" enabled="true" focusable="false" focused="false" long-clickable="false" password="false" scrollable="false" selected="false" bounds="[0,96][1080,2132]" displayed="true"&gt;
                            &lt;android.widget.ScrollView index="0" package="com.vested.investing.android.staging" class="android.widget.ScrollView" text="" checkable="false" checked="false" clickable="false" enabled="true" focusable="true" focused="false" long-clickable="false" password="false" scrollable="true" selected="false" bounds="[0,96][1080,2132]" displayed="true"&gt;
                              &lt;android.view.ViewGroup index="0" package="com.vested.investing.android.staging" class="android.view.ViewGroup" text="" checkable="false" checked="false" clickable="false" enabled="true" focusable="false" focused="false" long-clickable="false" password="false" scrollable="false" selected="false" bounds="[0,96][1080,2132]" displayed="true"&gt;
                                &lt;android.view.ViewGroup index="0" package="com.vested.investing.android.staging" class="android.view.ViewGroup" text="" checkable="false" checked="false" clickable="false" enabled="true" focusable="false" focused="false" long-clickable="false" password="false" scrollable="false" selected="false" bounds="[432,186][648,402]" displayed="true" /&gt;
                                &lt;android.widget.TextView index="1" package="com.vested.investing.android.staging" class="android.widget.TextView" text="Welcome to Vested!" checkable="false" checked="false" clickable="false" enabled="true" focusable="false" focused="false" long-clickable="false" password="false" scrollable="false" selected="false" bounds="[235,432][846,522]" displayed="true" /&gt;
                                &lt;android.widget.TextView index="2" package="com.vested.investing.android.staging" class="android.widget.TextView" text="Invest in US companies and diversify globally with fractional share investing" checkable="false" checked="false" clickable="false" enabled="true" focusable="false" focused="false" long-clickable="false" password="false" scrollable="false" selected="false" bounds="[90,552][990,671]" displayed="true" /&gt;
                                &lt;android.view.ViewGroup index="3" package="com.vested.investing.android.staging" class="android.view.ViewGroup" text="" checkable="false" checked="false" clickable="false" enabled="true" focusable="false" focused="false" long-clickable="false" password="false" scrollable="false" selected="false" bounds="[90,761][186,857]" displayed="true" /&gt;
                                &lt;android.widget.TextView index="4" package="com.vested.investing.android.staging" class="android.widget.TextView" text="Security" checkable="false" checked="false" clickable="false" enabled="true" focusable="false" focused="false" long-clickable="false" password="false" scrollable="false" selected="false" bounds="[246,746][990,809]" displayed="true" /&gt;
                                &lt;android.widget.TextView index="5" package="com.vested.investing.android.staging" class="android.widget.TextView" text="We partner with SEC-regulated and SIPC-member firms that insure your account up to $500,000." checkable="false" checked="false" clickable="false" enabled="true" focusable="false" focused="false" long-clickable="false" password="false" scrollable="false" selected="false" bounds="[246,809][990,994]" displayed="true" /&gt;
                                &lt;android.view.ViewGroup index="6" package="com.vested.investing.android.staging" class="android.view.ViewGroup" text="" checkable="false" checked="false" clickable="false" enabled="true" focusable="false" focused="false" long-clickable="false" password="false" scrollable="false" selected="false" bounds="[90,1069][186,1165]" displayed="true" /&gt;
                                &lt;android.widget.TextView index="7" package="com.vested.investing.android.staging" class="android.widget.TextView" text="Compliance" checkable="false" checked="false" clickable="false" enabled="true" focusable="false" focused="false" long-clickable="false" password="false" scrollable="false" selected="false" bounds="[246,1054][990,1117]" displayed="true" /&gt;
                                &lt;android.widget.TextView index="8" package="com.vested.investing.android.staging" class="android.widget.TextView" text="Vested seeks to comply with government regulations. We provide tax documents for your filings." checkable="false" checked="false" clickable="false" enabled="true" focusable="false" focused="false" long-clickable="false" password="false" scrollable="false" selected="false" bounds="[246,1117][990,1302]" displayed="true" /&gt;
                                &lt;android.view.ViewGroup index="9" package="com.vested.investing.android.staging" class="android.view.ViewGroup" text="" checkable="false" checked="false" clickable="false" enabled="true" focusable="false" focused="false" long-clickable="false" password="false" scrollable="false" selected="false" bounds="[90,1377][186,1473]" displayed="true" /&gt;
                                &lt;android.widget.TextView index="10" package="com.vested.investing.android.staging" class="android.widget.TextView" text="Recommendations" checkable="false" checked="false" clickable="false" enabled="true" focusable="false" focused="false" long-clickable="false" password="false" scrollable="false" selected="false" bounds="[246,1362][990,1425]" displayed="true" /&gt;
                                &lt;android.widget.TextView index="11" package="com.vested.investing.android.staging" class="android.widget.TextView" text="We offer Vests, curated portfolios that comprise of stocks and/or ETFs. Vests enable you to invest in diversified core assets or focus on specific industries and core themes." checkable="false" checked="false" clickable="false" enabled="true" focusable="false" focused="false" long-clickable="false" password="false" scrollable="false" selected="false" bounds="[246,1425][990,1799]" displayed="true" /&gt;
                                &lt;android.view.ViewGroup index="12" package="com.vested.investing.android.staging" class="android.view.ViewGroup" text="" checkable="false" checked="false" clickable="false" enabled="true" focusable="true" focused="false" long-clickable="false" password="false" scrollable="false" selected="false" bounds="[205,1874][876,2009]" displayed="true"&gt;
                                  &lt;android.widget.TextView index="0" package="com.vested.investing.android.staging" class="android.widget.TextView" text="Start Investing" checkable="false" checked="false" clickable="false" enabled="true" focusable="false" focused="false" long-clickable="false" password="false" scrollable="false" selected="false" bounds="[385,1910][696,1973]" displayed="true" /&gt;
                                &lt;/android.view.ViewGroup&gt;
                                &lt;android.widget.TextView index="13" package="com.vested.investing.android.staging" class="android.widget.TextView" text='By selecting "Start Investing", you agree to our terms and policy. You also acknowledge you have read our disclosure and brochure.' checkable="false" checked="false" clickable="false" enabled="true" focusable="false" focused="false" long-clickable="false" password="false" scrollable="false" selected="false" bounds="[90,2084][990,2132]" displayed="true" /&gt;
                              &lt;/android.view.ViewGroup&gt;
                            &lt;/android.widget.ScrollView&gt;
                          &lt;/android.view.ViewGroup&gt;
                        &lt;/android.view.ViewGroup&gt;
                      &lt;/android.view.ViewGroup&gt;
                    &lt;/android.view.ViewGroup&gt;
                  &lt;/android.view.ViewGroup&gt;
                &lt;/android.view.ViewGroup&gt;
              &lt;/android.view.ViewGroup&gt;
            &lt;/android.widget.FrameLayout&gt;
          &lt;/android.widget.FrameLayout&gt;
        &lt;/android.widget.LinearLayout&gt;
      &lt;/android.widget.FrameLayout&gt;
    &lt;/android.widget.LinearLayout&gt;
  &lt;/android.widget.FrameLayout&gt;
&lt;/hierarchy&gt;</msg>
<status status="PASS" starttime="20210405 19:10:22.978" endtime="20210405 19:10:23.315"/>
</kw>
<status status="PASS" starttime="20210405 19:10:18.836" endtime="20210405 19:10:23.316"/>
</kw>
<status status="PASS" starttime="20210405 19:10:09.001" endtime="20210405 19:10:23.316"/>
</kw>
<test id="s1-t1" name="Error Message On Empty Email Entered">
<kw name="User Navigates To Signin Screen" library="A_SignIn">
<kw name="Click On Start Investing Button" library="A_LandingPage">
<kw name="Click On Element If Visibile" library="A_Common">
<arg>${vf_A_startInvestingBtn}</arg>
<kw name="Run Keyword And Return Status" library="BuiltIn">
<var>${isElementVisible}</var>
<arg>Verify Element Visibility</arg>
<arg>${element}</arg>
<doc>Runs the given keyword with given arguments and returns the status as a Boolean value.</doc>
<kw name="Verify Element Visibility" library="A_Common">
<arg>${element}</arg>
<kw name="Wait For Element Visibility On Android" library="A_Common">
<arg>${element}</arg>
<kw name="Wait Until Element Is Visible" library="AppiumLibrary">
<arg>${element}</arg>
<arg>timeout=20</arg>
<doc>Waits until element specified with `locator` is visible.</doc>
<status status="PASS" starttime="20210405 19:10:23.320" endtime="20210405 19:10:23.460"/>
</kw>
<status status="PASS" starttime="20210405 19:10:23.319" endtime="20210405 19:10:23.460"/>
</kw>
<kw name="Element Should Be Visible" library="AppiumLibrary">
<arg>${element}</arg>
<doc>Verifies that element identified with locator is visible.</doc>
<status status="PASS" starttime="20210405 19:10:23.461" endtime="20210405 19:10:23.568"/>
</kw>
<status status="PASS" starttime="20210405 19:10:23.319" endtime="20210405 19:10:23.569"/>
</kw>
<msg timestamp="20210405 19:10:23.569" level="INFO">${isElementVisible} = True</msg>
<status status="PASS" starttime="20210405 19:10:23.318" endtime="20210405 19:10:23.569"/>
</kw>
<if>
<branch type="IF" condition="${isElementVisible}">
<kw name="Wait And Click Element On Android" library="A_Common">
<arg>${element}</arg>
<kw name="Wait For Element Visibility On Android" library="A_Common">
<arg>${element}</arg>
<kw name="Wait Until Element Is Visible" library="AppiumLibrary">
<arg>${element}</arg>
<arg>timeout=20</arg>
<doc>Waits until element specified with `locator` is visible.</doc>
<status status="PASS" starttime="20210405 19:10:23.570" endtime="20210405 19:10:23.688"/>
</kw>
<status status="PASS" starttime="20210405 19:10:23.570" endtime="20210405 19:10:23.689"/>
</kw>
<kw name="Click Element" library="AppiumLibrary">
<arg>${element}</arg>
<doc>Click element identified by `locator`.</doc>
<msg timestamp="20210405 19:10:23.697" level="INFO">Clicking element 'xpath=//*[@text='Start Investing']'.</msg>
<status status="PASS" starttime="20210405 19:10:23.689" endtime="20210405 19:10:23.879"/>
</kw>
<status status="PASS" starttime="20210405 19:10:23.569" endtime="20210405 19:10:23.879"/>
</kw>
<kw name="Log To Console" library="BuiltIn">
<arg>Clicked on Element - ${element}</arg>
<doc>Logs the given message to the console.</doc>
<status status="PASS" starttime="20210405 19:10:23.880" endtime="20210405 19:10:23.880"/>
</kw>
<status status="PASS" starttime="20210405 19:10:23.569" endtime="20210405 19:10:23.880"/>
</branch>
<branch type="ELSE">
<kw name="Log To Console" library="BuiltIn">
<arg>Continuing without element click</arg>
<doc>Logs the given message to the console.</doc>
<status status="NOT RUN" starttime="20210405 19:10:23.880" endtime="20210405 19:10:23.880"/>
</kw>
<status status="NOT RUN" starttime="20210405 19:10:23.880" endtime="20210405 19:10:23.880"/>
</branch>
<status status="PASS" starttime="20210405 19:10:23.569" endtime="20210405 19:10:23.880"/>
</if>
<status status="PASS" starttime="20210405 19:10:23.318" endtime="20210405 19:10:23.881"/>
</kw>
<status status="PASS" starttime="20210405 19:10:23.317" endtime="20210405 19:10:23.881"/>
</kw>
<kw name="Verify Signin Screen" library="A_SignIn">
<kw name="Click On Element If Visibile" library="A_Common">
<arg>${vf_A_signInAsDiffUser}</arg>
<kw name="Run Keyword And Return Status" library="BuiltIn">
<var>${isElementVisible}</var>
<arg>Verify Element Visibility</arg>
<arg>${element}</arg>
<doc>Runs the given keyword with given arguments and returns the status as a Boolean value.</doc>
<kw name="Verify Element Visibility" library="A_Common">
<arg>${element}</arg>
<kw name="Wait For Element Visibility On Android" library="A_Common">
<arg>${element}</arg>
<kw name="Wait Until Element Is Visible" library="AppiumLibrary">
<arg>${element}</arg>
<arg>timeout=20</arg>
<doc>Waits until element specified with `locator` is visible.</doc>
<kw name="Capture Page Screenshot" library="AppiumLibrary">
<doc>Takes a screenshot of the current page and embeds it into the log.</doc>
<msg timestamp="20210405 19:10:44.998" level="INFO" html="true">&lt;/td&gt;&lt;/tr&gt;&lt;tr&gt;&lt;td colspan="3"&gt;&lt;a href="appium-screenshot-1.png"&gt;&lt;img src="appium-screenshot-1.png" width="800px"&gt;&lt;/a&gt;</msg>
<status status="PASS" starttime="20210405 19:10:43.954" endtime="20210405 19:10:44.998"/>
</kw>
<msg timestamp="20210405 19:10:44.998" level="FAIL">Element locator 'xpath=//*[@text='Sign in as a different user?']' did not match any elements after 20 seconds</msg>
<status status="FAIL" starttime="20210405 19:10:23.883" endtime="20210405 19:10:44.999"/>
</kw>
<status status="FAIL" starttime="20210405 19:10:23.883" endtime="20210405 19:10:44.999"/>
</kw>
<kw name="Element Should Be Visible" library="AppiumLibrary">
<arg>${element}</arg>
<doc>Verifies that element identified with locator is visible.</doc>
<status status="NOT RUN" starttime="20210405 19:10:45.000" endtime="20210405 19:10:45.000"/>
</kw>
<status status="FAIL" starttime="20210405 19:10:23.882" endtime="20210405 19:10:45.000"/>
</kw>
<msg timestamp="20210405 19:10:45.000" level="INFO">${isElementVisible} = False</msg>
<status status="PASS" starttime="20210405 19:10:23.882" endtime="20210405 19:10:45.001"/>
</kw>
<if>
<branch type="IF" condition="${isElementVisible}">
<kw name="Wait And Click Element On Android" library="A_Common">
<arg>${element}</arg>
<status status="NOT RUN" starttime="20210405 19:10:45.001" endtime="20210405 19:10:45.001"/>
</kw>
<kw name="Log To Console" library="BuiltIn">
<arg>Clicked on Element - ${element}</arg>
<doc>Logs the given message to the console.</doc>
<status status="NOT RUN" starttime="20210405 19:10:45.001" endtime="20210405 19:10:45.001"/>
</kw>
<status status="NOT RUN" starttime="20210405 19:10:45.001" endtime="20210405 19:10:45.001"/>
</branch>
<branch type="ELSE">
<kw name="Log To Console" library="BuiltIn">
<arg>Continuing without element click</arg>
<doc>Logs the given message to the console.</doc>
<status status="PASS" starttime="20210405 19:10:45.001" endtime="20210405 19:10:45.002"/>
</kw>
<status status="PASS" starttime="20210405 19:10:45.001" endtime="20210405 19:10:45.002"/>
</branch>
<status status="PASS" starttime="20210405 19:10:45.001" endtime="20210405 19:10:45.002"/>
</if>
<status status="PASS" starttime="20210405 19:10:23.881" endtime="20210405 19:10:45.002"/>
</kw>
<kw name="Wait For Page Conatin Element" library="A_Common">
<arg>${e_signinTitle}</arg>
<arg>timeout=20s</arg>
<kw name="Wait Until Page Contains" library="AppiumLibrary">
<arg>${element}</arg>
<arg>${timeout}</arg>
<doc>Waits until `text` appears on current page.</doc>
<status status="PASS" starttime="20210405 19:10:45.003" endtime="20210405 19:10:45.276"/>
</kw>
<status status="PASS" starttime="20210405 19:10:45.002" endtime="20210405 19:10:45.276"/>
</kw>
<kw name="Log To Console" library="BuiltIn">
<arg>Signin screen Verified!</arg>
<doc>Logs the given message to the console.</doc>
<status status="PASS" starttime="20210405 19:10:45.276" endtime="20210405 19:10:45.277"/>
</kw>
<status status="PASS" starttime="20210405 19:10:23.881" endtime="20210405 19:10:45.277"/>
</kw>
<status status="PASS" starttime="20210405 19:10:23.317" endtime="20210405 19:10:45.278"/>
</kw>
<kw name="User Enters Only Password" library="A_SignIn">
<kw name="Wait For Element Visibility On Android" library="A_Common">
<arg>${vf_A_userName}</arg>
<kw name="Wait Until Element Is Visible" library="AppiumLibrary">
<arg>${element}</arg>
<arg>timeout=20</arg>
<doc>Waits until element specified with `locator` is visible.</doc>
<status status="PASS" starttime="20210405 19:10:45.282" endtime="20210405 19:10:45.452"/>
</kw>
<status status="PASS" starttime="20210405 19:10:45.281" endtime="20210405 19:10:45.453"/>
</kw>
<kw name="Input Text" library="AppiumLibrary">
<arg>${vf_A_userName}</arg>
<arg>${e_invalidUserName}</arg>
<doc>Types the given `text` into text field identified by `locator`.</doc>
<msg timestamp="20210405 19:10:45.460" level="INFO">Typing text 'abcd@gmail.com' into text field 'xpath=//*[@class='android.widget.EditText']'</msg>
<status status="PASS" starttime="20210405 19:10:45.453" endtime="20210405 19:10:45.658"/>
</kw>
<kw name="Log To Console" library="BuiltIn">
<arg>Entered only password</arg>
<doc>Logs the given message to the console.</doc>
<status status="PASS" starttime="20210405 19:10:45.658" endtime="20210405 19:10:45.659"/>
</kw>
<status status="PASS" starttime="20210405 19:10:45.280" endtime="20210405 19:10:45.660"/>
</kw>
<kw name="Click On Signin Button" library="A_SignIn">
<kw name="Swipe By Percent" library="AppiumLibrary">
<arg>70</arg>
<arg>70</arg>
<arg>20</arg>
<arg>20</arg>
<arg>5000</arg>
<doc>Swipe from one percent of the screen to another percent, for an optional duration.
Normal swipe fails to scale for different screen resolutions, this can be avoided using percent.</doc>
<status status="PASS" starttime="20210405 19:10:45.660" endtime="20210405 19:10:48.097"/>
</kw>
<kw name="Verify Element Visibility" library="A_Common">
<arg>${vf_A_submitBtn}</arg>
<kw name="Wait For Element Visibility On Android" library="A_Common">
<arg>${element}</arg>
<kw name="Wait Until Element Is Visible" library="AppiumLibrary">
<arg>${element}</arg>
<arg>timeout=20</arg>
<doc>Waits until element specified with `locator` is visible.</doc>
<status status="PASS" starttime="20210405 19:10:48.098" endtime="20210405 19:10:48.225"/>
</kw>
<status status="PASS" starttime="20210405 19:10:48.098" endtime="20210405 19:10:48.225"/>
</kw>
<kw name="Element Should Be Visible" library="AppiumLibrary">
<arg>${element}</arg>
<doc>Verifies that element identified with locator is visible.</doc>
<status status="PASS" starttime="20210405 19:10:48.225" endtime="20210405 19:10:48.326"/>
</kw>
<status status="PASS" starttime="20210405 19:10:48.097" endtime="20210405 19:10:48.326"/>
</kw>
<kw name="Wait And Click Element On Android" library="A_Common">
<arg>${vf_A_submitBtn}</arg>
<kw name="Wait For Element Visibility On Android" library="A_Common">
<arg>${element}</arg>
<kw name="Wait Until Element Is Visible" library="AppiumLibrary">
<arg>${element}</arg>
<arg>timeout=20</arg>
<doc>Waits until element specified with `locator` is visible.</doc>
<status status="PASS" starttime="20210405 19:10:48.327" endtime="20210405 19:10:48.435"/>
</kw>
<status status="PASS" starttime="20210405 19:10:48.327" endtime="20210405 19:10:48.435"/>
</kw>
<kw name="Click Element" library="AppiumLibrary">
<arg>${element}</arg>
<doc>Click element identified by `locator`.</doc>
<msg timestamp="20210405 19:10:48.441" level="INFO">Clicking element 'xpath=//*[@text='submit']'.</msg>
<status status="PASS" starttime="20210405 19:10:48.435" endtime="20210405 19:10:48.616"/>
</kw>
<status status="PASS" starttime="20210405 19:10:48.326" endtime="20210405 19:10:48.616"/>
</kw>
<kw name="Log To Console" library="BuiltIn">
<arg>Clicked Signin Button</arg>
<doc>Logs the given message to the console.</doc>
<status status="PASS" starttime="20210405 19:10:48.616" endtime="20210405 19:10:48.617"/>
</kw>
<status status="PASS" starttime="20210405 19:10:45.660" endtime="20210405 19:10:48.617"/>
</kw>
<tag>Signin</tag>
<tag>SL09</tag>
<status status="PASS" starttime="20210405 19:10:23.316" endtime="20210405 19:10:48.617"/>
</test>
<test id="s1-t2" name="Signin With Social Account- Google With Valid Login Credentials">
<kw name="User Navigates To Signin Screen" library="A_SignIn">
<kw name="Click On Start Investing Button" library="A_LandingPage">
<kw name="Click On Element If Visibile" library="A_Common">
<arg>${vf_A_startInvestingBtn}</arg>
<kw name="Run Keyword And Return Status" library="BuiltIn">
<var>${isElementVisible}</var>
<arg>Verify Element Visibility</arg>
<arg>${element}</arg>
<doc>Runs the given keyword with given arguments and returns the status as a Boolean value.</doc>
<kw name="Verify Element Visibility" library="A_Common">
<arg>${element}</arg>
<kw name="Wait For Element Visibility On Android" library="A_Common">
<arg>${element}</arg>
<kw name="Wait Until Element Is Visible" library="AppiumLibrary">
<arg>${element}</arg>
<arg>timeout=20</arg>
<doc>Waits until element specified with `locator` is visible.</doc>
<kw name="Capture Page Screenshot" library="AppiumLibrary">
<doc>Takes a screenshot of the current page and embeds it into the log.</doc>
<msg timestamp="20210405 19:11:09.340" level="INFO" html="true">&lt;/td&gt;&lt;/tr&gt;&lt;tr&gt;&lt;td colspan="3"&gt;&lt;a href="appium-screenshot-2.png"&gt;&lt;img src="appium-screenshot-2.png" width="800px"&gt;&lt;/a&gt;</msg>
<status status="PASS" starttime="20210405 19:11:08.692" endtime="20210405 19:11:09.340"/>
</kw>
<msg timestamp="20210405 19:11:09.340" level="FAIL">Element locator 'xpath=//*[@text='Start Investing']' did not match any elements after 20 seconds</msg>
<status status="FAIL" starttime="20210405 19:10:48.622" endtime="20210405 19:11:09.340"/>
</kw>
<status status="FAIL" starttime="20210405 19:10:48.622" endtime="20210405 19:11:09.340"/>
</kw>
<kw name="Element Should Be Visible" library="AppiumLibrary">
<arg>${element}</arg>
<doc>Verifies that element identified with locator is visible.</doc>
<status status="NOT RUN" starttime="20210405 19:11:09.340" endtime="20210405 19:11:09.340"/>
</kw>
<status status="FAIL" starttime="20210405 19:10:48.621" endtime="20210405 19:11:09.341"/>
</kw>
<msg timestamp="20210405 19:11:09.341" level="INFO">${isElementVisible} = False</msg>
<status status="PASS" starttime="20210405 19:10:48.621" endtime="20210405 19:11:09.341"/>
</kw>
<if>
<branch type="IF" condition="${isElementVisible}">
<kw name="Wait And Click Element On Android" library="A_Common">
<arg>${element}</arg>
<status status="NOT RUN" starttime="20210405 19:11:09.341" endtime="20210405 19:11:09.341"/>
</kw>
<kw name="Log To Console" library="BuiltIn">
<arg>Clicked on Element - ${element}</arg>
<doc>Logs the given message to the console.</doc>
<status status="NOT RUN" starttime="20210405 19:11:09.341" endtime="20210405 19:11:09.341"/>
</kw>
<status status="NOT RUN" starttime="20210405 19:11:09.341" endtime="20210405 19:11:09.341"/>
</branch>
<branch type="ELSE">
<kw name="Log To Console" library="BuiltIn">
<arg>Continuing without element click</arg>
<doc>Logs the given message to the console.</doc>
<status status="PASS" starttime="20210405 19:11:09.341" endtime="20210405 19:11:09.342"/>
</kw>
<status status="PASS" starttime="20210405 19:11:09.341" endtime="20210405 19:11:09.342"/>
</branch>
<status status="PASS" starttime="20210405 19:11:09.341" endtime="20210405 19:11:09.342"/>
</if>
<status status="PASS" starttime="20210405 19:10:48.620" endtime="20210405 19:11:09.342"/>
</kw>
<status status="PASS" starttime="20210405 19:10:48.619" endtime="20210405 19:11:09.342"/>
</kw>
<kw name="Verify Signin Screen" library="A_SignIn">
<kw name="Click On Element If Visibile" library="A_Common">
<arg>${vf_A_signInAsDiffUser}</arg>
<kw name="Run Keyword And Return Status" library="BuiltIn">
<var>${isElementVisible}</var>
<arg>Verify Element Visibility</arg>
<arg>${element}</arg>
<doc>Runs the given keyword with given arguments and returns the status as a Boolean value.</doc>
<kw name="Verify Element Visibility" library="A_Common">
<arg>${element}</arg>
<kw name="Wait For Element Visibility On Android" library="A_Common">
<arg>${element}</arg>
<kw name="Wait Until Element Is Visible" library="AppiumLibrary">
<arg>${element}</arg>
<arg>timeout=20</arg>
<doc>Waits until element specified with `locator` is visible.</doc>
<kw name="Capture Page Screenshot" library="AppiumLibrary">
<doc>Takes a screenshot of the current page and embeds it into the log.</doc>
<msg timestamp="20210405 19:11:30.129" level="INFO" html="true">&lt;/td&gt;&lt;/tr&gt;&lt;tr&gt;&lt;td colspan="3"&gt;&lt;a href="appium-screenshot-3.png"&gt;&lt;img src="appium-screenshot-3.png" width="800px"&gt;&lt;/a&gt;</msg>
<status status="PASS" starttime="20210405 19:11:29.458" endtime="20210405 19:11:30.129"/>
</kw>
<msg timestamp="20210405 19:11:30.129" level="FAIL">Element locator 'xpath=//*[@text='Sign in as a different user?']' did not match any elements after 20 seconds</msg>
<status status="FAIL" starttime="20210405 19:11:09.361" endtime="20210405 19:11:30.130"/>
</kw>
<status status="FAIL" starttime="20210405 19:11:09.344" endtime="20210405 19:11:30.130"/>
</kw>
<kw name="Element Should Be Visible" library="AppiumLibrary">
<arg>${element}</arg>
<doc>Verifies that element identified with locator is visible.</doc>
<status status="NOT RUN" starttime="20210405 19:11:30.131" endtime="20210405 19:11:30.131"/>
</kw>
<status status="FAIL" starttime="20210405 19:11:09.343" endtime="20210405 19:11:30.132"/>
</kw>
<msg timestamp="20210405 19:11:30.136" level="INFO">${isElementVisible} = False</msg>
<status status="PASS" starttime="20210405 19:11:09.343" endtime="20210405 19:11:30.136"/>
</kw>
<if>
<branch type="IF" condition="${isElementVisible}">
<kw name="Wait And Click Element On Android" library="A_Common">
<arg>${element}</arg>
<status status="NOT RUN" starttime="20210405 19:11:30.137" endtime="20210405 19:11:30.137"/>
</kw>
<kw name="Log To Console" library="BuiltIn">
<arg>Clicked on Element - ${element}</arg>
<doc>Logs the given message to the console.</doc>
<status status="NOT RUN" starttime="20210405 19:11:30.138" endtime="20210405 19:11:30.138"/>
</kw>
<status status="NOT RUN" starttime="20210405 19:11:30.137" endtime="20210405 19:11:30.138"/>
</branch>
<branch type="ELSE">
<kw name="Log To Console" library="BuiltIn">
<arg>Continuing without element click</arg>
<doc>Logs the given message to the console.</doc>
<status status="PASS" starttime="20210405 19:11:30.138" endtime="20210405 19:11:30.139"/>
</kw>
<status status="PASS" starttime="20210405 19:11:30.138" endtime="20210405 19:11:30.139"/>
</branch>
<status status="PASS" starttime="20210405 19:11:30.136" endtime="20210405 19:11:30.139"/>
</if>
<status status="PASS" starttime="20210405 19:11:09.343" endtime="20210405 19:11:30.139"/>
</kw>
<kw name="Wait For Page Conatin Element" library="A_Common">
<arg>${e_signinTitle}</arg>
<arg>timeout=20s</arg>
<kw name="Wait Until Page Contains" library="AppiumLibrary">
<arg>${element}</arg>
<arg>${timeout}</arg>
<doc>Waits until `text` appears on current page.</doc>
<status status="PASS" starttime="20210405 19:11:30.141" endtime="20210405 19:11:30.396"/>
</kw>
<status status="PASS" starttime="20210405 19:11:30.139" endtime="20210405 19:11:30.396"/>
</kw>
<kw name="Log To Console" library="BuiltIn">
<arg>Signin screen Verified!</arg>
<doc>Logs the given message to the console.</doc>
<status status="PASS" starttime="20210405 19:11:30.396" endtime="20210405 19:11:30.397"/>
</kw>
<status status="PASS" starttime="20210405 19:11:09.342" endtime="20210405 19:11:30.397"/>
</kw>
<status status="PASS" starttime="20210405 19:10:48.618" endtime="20210405 19:11:30.397"/>
</kw>
<kw name="Click On Continue With Google Button" library="A_SignIn">
<kw name="Sleep" library="BuiltIn">
<arg>2s</arg>
<doc>Pauses the test executed for the given time.</doc>
<msg timestamp="20210405 19:11:32.400" level="INFO">Slept 2 seconds</msg>
<status status="PASS" starttime="20210405 19:11:30.398" endtime="20210405 19:11:32.400"/>
</kw>
<kw name="Scroll Down On Android" library="A_Common">
<arg>${vf_A_continueWithGoogleBtn}</arg>
<kw name="Scroll Down" library="AppiumLibrary">
<arg>${element}</arg>
<doc>Scrolls down to element</doc>
<kw name="Capture Page Screenshot" library="AppiumLibrary">
<doc>Takes a screenshot of the current page and embeds it into the log.</doc>
<msg timestamp="20210405 19:11:33.216" level="INFO" html="true">&lt;/td&gt;&lt;/tr&gt;&lt;tr&gt;&lt;td colspan="3"&gt;&lt;a href="appium-screenshot-4.png"&gt;&lt;img src="appium-screenshot-4.png" width="800px"&gt;&lt;/a&gt;</msg>
<status status="PASS" starttime="20210405 19:11:32.540" endtime="20210405 19:11:33.216"/>
</kw>
<msg timestamp="20210405 19:11:33.218" level="FAIL">ValueError: Element locator 'xpath=//*[@text='Continue with Google']' did not match any elements.</msg>
<status status="FAIL" starttime="20210405 19:11:32.402" endtime="20210405 19:11:33.219"/>
</kw>
<status status="FAIL" starttime="20210405 19:11:32.401" endtime="20210405 19:11:33.219"/>
</kw>
<kw name="Click On Element If Visibile" library="A_Common">
<arg>${vf_A_backBtn}</arg>
<status status="NOT RUN" starttime="20210405 19:11:33.219" endtime="20210405 19:11:33.219"/>
</kw>
<kw name="Wait And Click Element On Android" library="A_Common">
<arg>${vf_A_continueWithGoogleBtn}</arg>
<status status="NOT RUN" starttime="20210405 19:11:33.219" endtime="20210405 19:11:33.219"/>
</kw>
<kw name="Log To Console" library="BuiltIn">
<arg>Clicked On Continue with Google button</arg>
<doc>Logs the given message to the console.</doc>
<status status="NOT RUN" starttime="20210405 19:11:33.219" endtime="20210405 19:11:33.219"/>
</kw>
<status status="FAIL" starttime="20210405 19:11:30.397" endtime="20210405 19:11:33.220"/>
</kw>
<kw name="Signin With Valid Credentials - Google" library="A_SignIn">
<status status="NOT RUN" starttime="20210405 19:11:33.220" endtime="20210405 19:11:33.220"/>
</kw>
<kw name="Rest Android Application" library="A_Common" type="TEARDOWN">
<kw name="Reset Application" library="AppiumLibrary">
<doc>Reset application. Open Application can be reset while Appium session is kept alive.</doc>
<status status="PASS" starttime="20210405 19:11:33.221" endtime="20210405 19:11:34.902"/>
</kw>
<status status="PASS" starttime="20210405 19:11:33.220" endtime="20210405 19:11:34.902"/>
</kw>
<tag>Signin</tag>
<tag>SL14</tag>
<status status="FAIL" starttime="20210405 19:10:48.618" endtime="20210405 19:11:34.903">ValueError: Element locator 'xpath=//*[@text='Continue with Google']' did not match any elements.</status>
</test>
<kw name="Quit Android Application" library="A_Common" type="TEARDOWN">
<kw name="Quit Application" library="AppiumLibrary">
<doc>Quit application. Application can be quit while Appium session is kept alive.
This keyword can be used to close application during test case or between test cases.</doc>
<status status="PASS" starttime="20210405 19:11:34.905" endtime="20210405 19:11:35.126"/>
</kw>
<status status="PASS" starttime="20210405 19:11:34.905" endtime="20210405 19:11:35.127"/>
</kw>
<status status="FAIL" starttime="20210405 19:10:08.515" endtime="20210405 19:11:35.127"/>
</suite>
<statistics>
<total>
<stat pass="1" fail="1" skip="0">All Tests</stat>
</total>
<tag>
<stat pass="1" fail="1" skip="0">Signin</stat>
<stat pass="1" fail="0" skip="0">SL09</stat>
<stat pass="0" fail="1" skip="0">SL14</stat>
</tag>
<suite>
<stat pass="1" fail="1" skip="0" id="s1" name="CurrentTest">CurrentTest</stat>
</suite>
</statistics>
<errors>
<msg timestamp="20210405 19:10:08.790" level="ERROR">Error in file '/Users/apple/Tools/Git/GitRepo/Resources/Utils/Android/A_Common.robot' on line 3: Importing library 'JSONLibrary' failed: ModuleNotFoundError: No module named 'JSONLibrary'
Traceback (most recent call last):
  None
PYTHONPATH:
  /usr/local/bin
  /usr/local/Cellar/python@3.9/3.9.2_1/Frameworks/Python.framework/Versions/3.9/lib/python39.zip
  /usr/local/Cellar/python@3.9/3.9.2_1/Frameworks/Python.framework/Versions/3.9/lib/python3.9
  /usr/local/Cellar/python@3.9/3.9.2_1/Frameworks/Python.framework/Versions/3.9/lib/python3.9/lib-dynload
  /usr/local/lib/python3.9/site-packages</msg>
</errors>
</robot>
