<?xml version="1.0" encoding="UTF-8"?>
<robot generator="Robot 4.0 (Python 3.9.2 on darwin)" generated="20210406 17:09:55.243" rpa="false" schemaversion="2">
<suite id="s1" name="CurrentTest" source="/Users/apple/Tools/Git/GitRepo/Tests/Android/CurrentTest.robot">
<kw name="Open App On Real Device" library="A_Common" type="SETUP">
<kw name="Open Application" library="AppiumLibrary">
<arg>${server}</arg>
<arg>platformName=${platform}</arg>
<arg>platformVersion=${platform_version}</arg>
<arg>deviceName=${device}</arg>
<arg>automationName=${appium}</arg>
<arg>appActivity=${app_activity}</arg>
<arg>appPackage=${app_package}</arg>
<doc>Opens a new application to given Appium server.
Capabilities of appium server, Android and iOS,
Please check https://github.com/appium/appium/blob/master/docs/en/writing-running-appium/server-args.md
| *Option*            | *Man.* | *Description*     |
| remote_url          | Yes    | Appium server url |
| alias               | no     | alias             |</doc>
<status status="PASS" starttime="20210406 17:09:56.343" endtime="20210406 17:10:06.478"/>
</kw>
<kw name="Landing Page Is Loaded Completely" library="A_LandingPage">
<kw name="Wait For Element Visibility On Android" library="A_Common">
<arg>${vf_A_startInvestingBtn}</arg>
<kw name="Wait Until Element Is Visible" library="AppiumLibrary">
<arg>${element}</arg>
<arg>timeout=20</arg>
<doc>Waits until element specified with `locator` is visible.</doc>
<status status="PASS" starttime="20210406 17:10:06.481" endtime="20210406 17:10:10.606"/>
</kw>
<status status="PASS" starttime="20210406 17:10:06.479" endtime="20210406 17:10:10.607"/>
</kw>
<kw name="Log Source" library="AppiumLibrary">
<doc>Logs and returns the entire html source of the current page or frame.</doc>
<msg timestamp="20210406 17:10:11.090" level="INFO">&lt;?xml version='1.0' encoding='UTF-8' standalone='yes' ?&gt;
&lt;hierarchy index="0" class="hierarchy" rotation="0" width="1080" height="2132"&gt;
  &lt;android.widget.FrameLayout index="0" package="com.vested.investing.android.staging" class="android.widget.FrameLayout" text="" checkable="false" checked="false" clickable="false" enabled="true" focusable="false" focused="false" long-clickable="false" password="false" scrollable="false" selected="false" bounds="[0,0][1080,2132]" displayed="true"&gt;
    &lt;android.widget.LinearLayout index="0" package="com.vested.investing.android.staging" class="android.widget.LinearLayout" text="" checkable="false" checked="false" clickable="false" enabled="true" focusable="false" focused="false" long-clickable="false" password="false" scrollable="false" selected="false" bounds="[0,0][1080,2132]" displayed="true"&gt;
      &lt;android.widget.FrameLayout index="0" package="com.vested.investing.android.staging" class="android.widget.FrameLayout" text="" checkable="false" checked="false" clickable="false" enabled="true" focusable="false" focused="false" long-clickable="false" password="false" scrollable="false" selected="false" bounds="[0,96][1080,2132]" displayed="true"&gt;
        &lt;android.widget.LinearLayout index="0" package="com.vested.investing.android.staging" class="android.widget.LinearLayout" text="" resource-id="com.vested.investing.android.staging:id/action_bar_root" checkable="false" checked="false" clickable="false" enabled="true" focusable="false" focused="false" long-clickable="false" password="false" scrollable="false" selected="false" bounds="[0,96][1080,2132]" displayed="true"&gt;
          &lt;android.widget.FrameLayout index="0" package="com.vested.investing.android.staging" class="android.widget.FrameLayout" text="" resource-id="android:id/content" checkable="false" checked="false" clickable="false" enabled="true" focusable="false" focused="false" long-clickable="false" password="false" scrollable="false" selected="false" bounds="[0,96][1080,2132]" displayed="true"&gt;
            &lt;android.widget.FrameLayout index="0" package="com.vested.investing.android.staging" class="android.widget.FrameLayout" text="" checkable="false" checked="false" clickable="false" enabled="true" focusable="false" focused="false" long-clickable="false" password="false" scrollable="false" selected="false" bounds="[0,96][1080,2132]" displayed="true"&gt;
              &lt;android.view.ViewGroup index="0" package="com.vested.investing.android.staging" class="android.view.ViewGroup" text="" checkable="false" checked="false" clickable="false" enabled="true" focusable="false" focused="false" long-clickable="false" password="false" scrollable="false" selected="false" bounds="[0,96][1080,2132]" displayed="true" /&gt;
              &lt;android.view.ViewGroup index="1" package="com.vested.investing.android.staging" class="android.view.ViewGroup" text="" checkable="false" checked="false" clickable="false" enabled="true" focusable="false" focused="false" long-clickable="false" password="false" scrollable="false" selected="false" bounds="[0,96][1080,2132]" displayed="true" /&gt;
              &lt;android.view.ViewGroup index="2" package="com.vested.investing.android.staging" class="android.view.ViewGroup" text="" checkable="false" checked="false" clickable="false" enabled="true" focusable="false" focused="false" long-clickable="false" password="false" scrollable="false" selected="false" bounds="[0,96][1080,2132]" displayed="true"&gt;
                &lt;android.view.ViewGroup index="0" package="com.vested.investing.android.staging" class="android.view.ViewGroup" text="" checkable="false" checked="false" clickable="false" enabled="true" focusable="false" focused="false" long-clickable="false" password="false" scrollable="false" selected="false" bounds="[0,96][1080,2132]" displayed="true"&gt;
                  &lt;android.view.ViewGroup index="0" package="com.vested.investing.android.staging" class="android.view.ViewGroup" text="" checkable="false" checked="false" clickable="false" enabled="true" focusable="false" focused="false" long-clickable="false" password="false" scrollable="false" selected="false" bounds="[0,96][1080,2132]" displayed="true"&gt;
                    &lt;android.view.ViewGroup index="0" package="com.vested.investing.android.staging" class="android.view.ViewGroup" text="" checkable="false" checked="false" clickable="false" enabled="true" focusable="false" focused="false" long-clickable="false" password="false" scrollable="false" selected="false" bounds="[0,96][1080,2132]" displayed="true"&gt;
                      &lt;android.view.ViewGroup index="0" package="com.vested.investing.android.staging" class="android.view.ViewGroup" text="" checkable="false" checked="false" clickable="false" enabled="true" focusable="false" focused="false" long-clickable="false" password="false" scrollable="false" selected="false" bounds="[0,96][1080,2132]" displayed="true"&gt;
                        &lt;android.view.ViewGroup index="0" package="com.vested.investing.android.staging" class="android.view.ViewGroup" text="" checkable="false" checked="false" clickable="false" enabled="true" focusable="false" focused="false" long-clickable="false" password="false" scrollable="false" selected="false" bounds="[0,96][1080,2132]" displayed="true"&gt;
                          &lt;android.view.ViewGroup index="0" package="com.vested.investing.android.staging" class="android.view.ViewGroup" text="" checkable="false" checked="false" clickable="false" enabled="true" focusable="false" focused="false" long-clickable="false" password="false" scrollable="false" selected="false" bounds="[0,96][1080,2132]" displayed="true"&gt;
                            &lt;android.widget.ScrollView index="0" package="com.vested.investing.android.staging" class="android.widget.ScrollView" text="" checkable="false" checked="false" clickable="false" enabled="true" focusable="true" focused="false" long-clickable="false" password="false" scrollable="true" selected="false" bounds="[0,96][1080,2132]" displayed="true"&gt;
                              &lt;android.view.ViewGroup index="0" package="com.vested.investing.android.staging" class="android.view.ViewGroup" text="" checkable="false" checked="false" clickable="false" enabled="true" focusable="false" focused="false" long-clickable="false" password="false" scrollable="false" selected="false" bounds="[0,96][1080,2132]" displayed="true"&gt;
                                &lt;android.view.ViewGroup index="0" package="com.vested.investing.android.staging" class="android.view.ViewGroup" text="" checkable="false" checked="false" clickable="false" enabled="true" focusable="false" focused="false" long-clickable="false" password="false" scrollable="false" selected="false" bounds="[432,186][648,402]" displayed="true" /&gt;
                                &lt;android.widget.TextView index="1" package="com.vested.investing.android.staging" class="android.widget.TextView" text="Welcome to Vested!" checkable="false" checked="false" clickable="false" enabled="true" focusable="false" focused="false" long-clickable="false" password="false" scrollable="false" selected="false" bounds="[235,432][846,522]" displayed="true" /&gt;
                                &lt;android.widget.TextView index="2" package="com.vested.investing.android.staging" class="android.widget.TextView" text="Invest in US companies and diversify globally with fractional share investing" checkable="false" checked="false" clickable="false" enabled="true" focusable="false" focused="false" long-clickable="false" password="false" scrollable="false" selected="false" bounds="[90,552][990,671]" displayed="true" /&gt;
                                &lt;android.view.ViewGroup index="3" package="com.vested.investing.android.staging" class="android.view.ViewGroup" text="" checkable="false" checked="false" clickable="false" enabled="true" focusable="false" focused="false" long-clickable="false" password="false" scrollable="false" selected="false" bounds="[90,761][186,857]" displayed="true" /&gt;
                                &lt;android.widget.TextView index="4" package="com.vested.investing.android.staging" class="android.widget.TextView" text="Security" checkable="false" checked="false" clickable="false" enabled="true" focusable="false" focused="false" long-clickable="false" password="false" scrollable="false" selected="false" bounds="[246,746][990,809]" displayed="true" /&gt;
                                &lt;android.widget.TextView index="5" package="com.vested.investing.android.staging" class="android.widget.TextView" text="We partner with SEC-regulated and SIPC-member firms that insure your account up to $500,000." checkable="false" checked="false" clickable="false" enabled="true" focusable="false" focused="false" long-clickable="false" password="false" scrollable="false" selected="false" bounds="[246,809][990,994]" displayed="true" /&gt;
                                &lt;android.view.ViewGroup index="6" package="com.vested.investing.android.staging" class="android.view.ViewGroup" text="" checkable="false" checked="false" clickable="false" enabled="true" focusable="false" focused="false" long-clickable="false" password="false" scrollable="false" selected="false" bounds="[90,1069][186,1165]" displayed="true" /&gt;
                                &lt;android.widget.TextView index="7" package="com.vested.investing.android.staging" class="android.widget.TextView" text="Compliance" checkable="false" checked="false" clickable="false" enabled="true" focusable="false" focused="false" long-clickable="false" password="false" scrollable="false" selected="false" bounds="[246,1054][990,1117]" displayed="true" /&gt;
                                &lt;android.widget.TextView index="8" package="com.vested.investing.android.staging" class="android.widget.TextView" text="Vested seeks to comply with government regulations. We provide tax documents for your filings." checkable="false" checked="false" clickable="false" enabled="true" focusable="false" focused="false" long-clickable="false" password="false" scrollable="false" selected="false" bounds="[246,1117][990,1302]" displayed="true" /&gt;
                                &lt;android.view.ViewGroup index="9" package="com.vested.investing.android.staging" class="android.view.ViewGroup" text="" checkable="false" checked="false" clickable="false" enabled="true" focusable="false" focused="false" long-clickable="false" password="false" scrollable="false" selected="false" bounds="[90,1377][186,1473]" displayed="true" /&gt;
                                &lt;android.widget.TextView index="10" package="com.vested.investing.android.staging" class="android.widget.TextView" text="Recommendations" checkable="false" checked="false" clickable="false" enabled="true" focusable="false" focused="false" long-clickable="false" password="false" scrollable="false" selected="false" bounds="[246,1362][990,1425]" displayed="true" /&gt;
                                &lt;android.widget.TextView index="11" package="com.vested.investing.android.staging" class="android.widget.TextView" text="We offer Vests, curated portfolios that comprise of stocks and/or ETFs. Vests enable you to invest in diversified core assets or focus on specific industries and core themes." checkable="false" checked="false" clickable="false" enabled="true" focusable="false" focused="false" long-clickable="false" password="false" scrollable="false" selected="false" bounds="[246,1425][990,1799]" displayed="true" /&gt;
                                &lt;android.view.ViewGroup index="12" package="com.vested.investing.android.staging" class="android.view.ViewGroup" text="" checkable="false" checked="false" clickable="false" enabled="true" focusable="true" focused="false" long-clickable="false" password="false" scrollable="false" selected="false" bounds="[205,1874][876,2009]" displayed="true"&gt;
                                  &lt;android.widget.TextView index="0" package="com.vested.investing.android.staging" class="android.widget.TextView" text="Start Investing" checkable="false" checked="false" clickable="false" enabled="true" focusable="false" focused="false" long-clickable="false" password="false" scrollable="false" selected="false" bounds="[385,1910][696,1973]" displayed="true" /&gt;
                                &lt;/android.view.ViewGroup&gt;
                                &lt;android.widget.TextView index="13" package="com.vested.investing.android.staging" class="android.widget.TextView" text='By selecting "Start Investing", you agree to our terms and policy. You also acknowledge you have read our disclosure and brochure.' checkable="false" checked="false" clickable="false" enabled="true" focusable="false" focused="false" long-clickable="false" password="false" scrollable="false" selected="false" bounds="[90,2084][990,2132]" displayed="true" /&gt;
                              &lt;/android.view.ViewGroup&gt;
                            &lt;/android.widget.ScrollView&gt;
                          &lt;/android.view.ViewGroup&gt;
                        &lt;/android.view.ViewGroup&gt;
                      &lt;/android.view.ViewGroup&gt;
                    &lt;/android.view.ViewGroup&gt;
                  &lt;/android.view.ViewGroup&gt;
                &lt;/android.view.ViewGroup&gt;
              &lt;/android.view.ViewGroup&gt;
            &lt;/android.widget.FrameLayout&gt;
          &lt;/android.widget.FrameLayout&gt;
        &lt;/android.widget.LinearLayout&gt;
      &lt;/android.widget.FrameLayout&gt;
    &lt;/android.widget.LinearLayout&gt;
  &lt;/android.widget.FrameLayout&gt;
&lt;/hierarchy&gt;</msg>
<status status="PASS" starttime="20210406 17:10:10.607" endtime="20210406 17:10:11.091"/>
</kw>
<status status="PASS" starttime="20210406 17:10:06.478" endtime="20210406 17:10:11.091"/>
</kw>
<status status="PASS" starttime="20210406 17:09:56.343" endtime="20210406 17:10:11.092"/>
</kw>
<test id="s1-t1" name="Signin With Social Account- Apple With Invalid Login Credentials">
<kw name="User Navigates To Signin Screen" library="A_SignIn">
<kw name="Click On Start Investing Button" library="A_LandingPage">
<kw name="Click On Element If Visibile" library="A_Common">
<arg>${vf_A_startInvestingBtn}</arg>
<kw name="Run Keyword And Return Status" library="BuiltIn">
<var>${isElementVisible}</var>
<arg>Verify Element Visibility</arg>
<arg>${element}</arg>
<doc>Runs the given keyword with given arguments and returns the status as a Boolean value.</doc>
<kw name="Verify Element Visibility" library="A_Common">
<arg>${element}</arg>
<kw name="Wait For Element Visibility On Android" library="A_Common">
<arg>${element}</arg>
<kw name="Wait Until Element Is Visible" library="AppiumLibrary">
<arg>${element}</arg>
<arg>timeout=20</arg>
<doc>Waits until element specified with `locator` is visible.</doc>
<status status="PASS" starttime="20210406 17:10:11.104" endtime="20210406 17:10:11.248"/>
</kw>
<status status="PASS" starttime="20210406 17:10:11.102" endtime="20210406 17:10:11.249"/>
</kw>
<kw name="Element Should Be Visible" library="AppiumLibrary">
<arg>${element}</arg>
<doc>Verifies that element identified with locator is visible.</doc>
<status status="PASS" starttime="20210406 17:10:11.249" endtime="20210406 17:10:11.390"/>
</kw>
<status status="PASS" starttime="20210406 17:10:11.102" endtime="20210406 17:10:11.390"/>
</kw>
<msg timestamp="20210406 17:10:11.390" level="INFO">${isElementVisible} = True</msg>
<status status="PASS" starttime="20210406 17:10:11.101" endtime="20210406 17:10:11.390"/>
</kw>
<if>
<branch type="IF" condition="${isElementVisible}">
<kw name="Wait And Click Element On Android" library="A_Common">
<arg>${element}</arg>
<kw name="Wait For Element Visibility On Android" library="A_Common">
<arg>${element}</arg>
<kw name="Wait Until Element Is Visible" library="AppiumLibrary">
<arg>${element}</arg>
<arg>timeout=20</arg>
<doc>Waits until element specified with `locator` is visible.</doc>
<status status="PASS" starttime="20210406 17:10:11.393" endtime="20210406 17:10:11.590"/>
</kw>
<status status="PASS" starttime="20210406 17:10:11.392" endtime="20210406 17:10:11.590"/>
</kw>
<kw name="Click Element" library="AppiumLibrary">
<arg>${element}</arg>
<doc>Click element identified by `locator`.</doc>
<msg timestamp="20210406 17:10:11.608" level="INFO">Clicking element 'xpath=//*[@text='Start Investing']'.</msg>
<status status="PASS" starttime="20210406 17:10:11.590" endtime="20210406 17:10:11.801"/>
</kw>
<status status="PASS" starttime="20210406 17:10:11.391" endtime="20210406 17:10:11.801"/>
</kw>
<kw name="Log To Console" library="BuiltIn">
<arg>Clicked on Element - ${element}</arg>
<doc>Logs the given message to the console.</doc>
<status status="PASS" starttime="20210406 17:10:11.801" endtime="20210406 17:10:11.802"/>
</kw>
<status status="PASS" starttime="20210406 17:10:11.391" endtime="20210406 17:10:11.802"/>
</branch>
<branch type="ELSE">
<kw name="Log To Console" library="BuiltIn">
<arg>Continuing without element click</arg>
<doc>Logs the given message to the console.</doc>
<status status="NOT RUN" starttime="20210406 17:10:11.802" endtime="20210406 17:10:11.803"/>
</kw>
<status status="NOT RUN" starttime="20210406 17:10:11.802" endtime="20210406 17:10:11.803"/>
</branch>
<status status="PASS" starttime="20210406 17:10:11.390" endtime="20210406 17:10:11.803"/>
</if>
<status status="PASS" starttime="20210406 17:10:11.100" endtime="20210406 17:10:11.803"/>
</kw>
<status status="PASS" starttime="20210406 17:10:11.097" endtime="20210406 17:10:11.804"/>
</kw>
<kw name="Verify Signin Screen" library="A_SignIn">
<kw name="Click On Element If Visibile" library="A_Common">
<arg>${vf_A_signInAsDiffUser}</arg>
<kw name="Run Keyword And Return Status" library="BuiltIn">
<var>${isElementVisible}</var>
<arg>Verify Element Visibility</arg>
<arg>${element}</arg>
<doc>Runs the given keyword with given arguments and returns the status as a Boolean value.</doc>
<kw name="Verify Element Visibility" library="A_Common">
<arg>${element}</arg>
<kw name="Wait For Element Visibility On Android" library="A_Common">
<arg>${element}</arg>
<kw name="Wait Until Element Is Visible" library="AppiumLibrary">
<arg>${element}</arg>
<arg>timeout=20</arg>
<doc>Waits until element specified with `locator` is visible.</doc>
<kw name="Capture Page Screenshot" library="AppiumLibrary">
<doc>Takes a screenshot of the current page and embeds it into the log.</doc>
<msg timestamp="20210406 17:10:32.908" level="INFO" html="true">&lt;/td&gt;&lt;/tr&gt;&lt;tr&gt;&lt;td colspan="3"&gt;&lt;a href="appium-screenshot-1.png"&gt;&lt;img src="appium-screenshot-1.png" width="800px"&gt;&lt;/a&gt;</msg>
<status status="PASS" starttime="20210406 17:10:31.871" endtime="20210406 17:10:32.908"/>
</kw>
<msg timestamp="20210406 17:10:32.910" level="FAIL">Element locator 'xpath=//*[@text='Sign in as a different user?']' did not match any elements after 20 seconds</msg>
<status status="FAIL" starttime="20210406 17:10:11.808" endtime="20210406 17:10:32.910"/>
</kw>
<status status="FAIL" starttime="20210406 17:10:11.807" endtime="20210406 17:10:32.911"/>
</kw>
<kw name="Element Should Be Visible" library="AppiumLibrary">
<arg>${element}</arg>
<doc>Verifies that element identified with locator is visible.</doc>
<status status="NOT RUN" starttime="20210406 17:10:32.912" endtime="20210406 17:10:32.912"/>
</kw>
<status status="FAIL" starttime="20210406 17:10:11.807" endtime="20210406 17:10:32.913"/>
</kw>
<msg timestamp="20210406 17:10:32.913" level="INFO">${isElementVisible} = False</msg>
<status status="PASS" starttime="20210406 17:10:11.806" endtime="20210406 17:10:32.913"/>
</kw>
<if>
<branch type="IF" condition="${isElementVisible}">
<kw name="Wait And Click Element On Android" library="A_Common">
<arg>${element}</arg>
<status status="NOT RUN" starttime="20210406 17:10:32.914" endtime="20210406 17:10:32.915"/>
</kw>
<kw name="Log To Console" library="BuiltIn">
<arg>Clicked on Element - ${element}</arg>
<doc>Logs the given message to the console.</doc>
<status status="NOT RUN" starttime="20210406 17:10:32.916" endtime="20210406 17:10:32.916"/>
</kw>
<status status="NOT RUN" starttime="20210406 17:10:32.913" endtime="20210406 17:10:32.916"/>
</branch>
<branch type="ELSE">
<kw name="Log To Console" library="BuiltIn">
<arg>Continuing without element click</arg>
<doc>Logs the given message to the console.</doc>
<status status="PASS" starttime="20210406 17:10:32.917" endtime="20210406 17:10:32.932"/>
</kw>
<status status="PASS" starttime="20210406 17:10:32.916" endtime="20210406 17:10:32.932"/>
</branch>
<status status="PASS" starttime="20210406 17:10:32.913" endtime="20210406 17:10:32.933"/>
</if>
<status status="PASS" starttime="20210406 17:10:11.805" endtime="20210406 17:10:32.933"/>
</kw>
<kw name="Wait For Page Conatin Element" library="A_Common">
<arg>${e_signinTitle}</arg>
<arg>timeout=20s</arg>
<kw name="Wait Until Page Contains" library="AppiumLibrary">
<arg>${element}</arg>
<arg>${timeout}</arg>
<doc>Waits until `text` appears on current page.</doc>
<status status="PASS" starttime="20210406 17:10:32.940" endtime="20210406 17:10:33.269"/>
</kw>
<status status="PASS" starttime="20210406 17:10:32.938" endtime="20210406 17:10:33.269"/>
</kw>
<kw name="Log To Console" library="BuiltIn">
<arg>Signin screen Verified!</arg>
<doc>Logs the given message to the console.</doc>
<status status="PASS" starttime="20210406 17:10:33.270" endtime="20210406 17:10:33.271"/>
</kw>
<status status="PASS" starttime="20210406 17:10:11.804" endtime="20210406 17:10:33.271"/>
</kw>
<status status="PASS" starttime="20210406 17:10:11.095" endtime="20210406 17:10:33.272"/>
</kw>
<kw name="Click On Continue With Apple Button" library="A_SignIn">
<kw name="Sleep" library="BuiltIn">
<arg>2s</arg>
<doc>Pauses the test executed for the given time.</doc>
<msg timestamp="20210406 17:10:35.275" level="INFO">Slept 2 seconds</msg>
<status status="PASS" starttime="20210406 17:10:33.273" endtime="20210406 17:10:35.278"/>
</kw>
<kw name="Wait And Click Element On Android" library="A_Common">
<arg>${vf_A_continueWithAppleBtn}</arg>
<kw name="Wait For Element Visibility On Android" library="A_Common">
<arg>${element}</arg>
<kw name="Wait Until Element Is Visible" library="AppiumLibrary">
<arg>${element}</arg>
<arg>timeout=20</arg>
<doc>Waits until element specified with `locator` is visible.</doc>
<status status="PASS" starttime="20210406 17:10:35.281" endtime="20210406 17:10:35.464"/>
</kw>
<status status="PASS" starttime="20210406 17:10:35.280" endtime="20210406 17:10:35.465"/>
</kw>
<kw name="Click Element" library="AppiumLibrary">
<arg>${element}</arg>
<doc>Click element identified by `locator`.</doc>
<msg timestamp="20210406 17:10:35.492" level="INFO">Clicking element 'xpath=//*[@text='Continue with Apple']'.</msg>
<status status="PASS" starttime="20210406 17:10:35.465" endtime="20210406 17:10:35.703"/>
</kw>
<status status="PASS" starttime="20210406 17:10:35.279" endtime="20210406 17:10:35.703"/>
</kw>
<kw name="Log To Console" library="BuiltIn">
<arg>Clicked On Continue with Apple button</arg>
<doc>Logs the given message to the console.</doc>
<status status="PASS" starttime="20210406 17:10:35.704" endtime="20210406 17:10:35.705"/>
</kw>
<status status="PASS" starttime="20210406 17:10:33.272" endtime="20210406 17:10:35.706"/>
</kw>
<kw name="Signin With Invalid Credentials - Apple" library="A_SignIn">
<kw name="Navigate Back To Signin Screen If Element Visible" library="A_Common">
<arg>${vf_A_appleContWithAccPage}</arg>
<kw name="Run Keyword And Return Status" library="BuiltIn">
<var>${isElementVisible}</var>
<arg>Verify Element Visibility</arg>
<arg>${element}</arg>
<doc>Runs the given keyword with given arguments and returns the status as a Boolean value.</doc>
<kw name="Verify Element Visibility" library="A_Common">
<arg>${element}</arg>
<kw name="Wait For Element Visibility On Android" library="A_Common">
<arg>${element}</arg>
<kw name="Wait Until Element Is Visible" library="AppiumLibrary">
<arg>${element}</arg>
<arg>timeout=20</arg>
<doc>Waits until element specified with `locator` is visible.</doc>
<kw name="Capture Page Screenshot" library="AppiumLibrary">
<doc>Takes a screenshot of the current page and embeds it into the log.</doc>
<msg timestamp="20210406 17:10:56.458" level="INFO" html="true">&lt;/td&gt;&lt;/tr&gt;&lt;tr&gt;&lt;td colspan="3"&gt;&lt;a href="appium-screenshot-2.png"&gt;&lt;img src="appium-screenshot-2.png" width="800px"&gt;&lt;/a&gt;</msg>
<status status="PASS" starttime="20210406 17:10:55.809" endtime="20210406 17:10:56.458"/>
</kw>
<msg timestamp="20210406 17:10:56.459" level="FAIL">Element locator 'xpath=//*[@text='Continue with account']' did not match any elements after 20 seconds</msg>
<status status="FAIL" starttime="20210406 17:10:35.713" endtime="20210406 17:10:56.459"/>
</kw>
<status status="FAIL" starttime="20210406 17:10:35.712" endtime="20210406 17:10:56.460"/>
</kw>
<kw name="Element Should Be Visible" library="AppiumLibrary">
<arg>${element}</arg>
<doc>Verifies that element identified with locator is visible.</doc>
<status status="NOT RUN" starttime="20210406 17:10:56.460" endtime="20210406 17:10:56.460"/>
</kw>
<status status="FAIL" starttime="20210406 17:10:35.710" endtime="20210406 17:10:56.460"/>
</kw>
<msg timestamp="20210406 17:10:56.460" level="INFO">${isElementVisible} = False</msg>
<status status="PASS" starttime="20210406 17:10:35.710" endtime="20210406 17:10:56.460"/>
</kw>
<if>
<branch type="IF" condition="${isElementVisible}">
<kw name="Go Back" library="AppiumLibrary">
<doc>Goes one step backward in the browser history.</doc>
<status status="NOT RUN" starttime="20210406 17:10:56.461" endtime="20210406 17:10:56.461"/>
</kw>
<kw name="Log To Console" library="BuiltIn">
<arg>Came back to previous screen</arg>
<doc>Logs the given message to the console.</doc>
<status status="NOT RUN" starttime="20210406 17:10:56.461" endtime="20210406 17:10:56.461"/>
</kw>
<status status="NOT RUN" starttime="20210406 17:10:56.461" endtime="20210406 17:10:56.461"/>
</branch>
<branch type="ELSE">
<kw name="Log To Console" library="BuiltIn">
<arg>Continuing without any action</arg>
<doc>Logs the given message to the console.</doc>
<status status="PASS" starttime="20210406 17:10:56.461" endtime="20210406 17:10:56.461"/>
</kw>
<status status="PASS" starttime="20210406 17:10:56.461" endtime="20210406 17:10:56.461"/>
</branch>
<status status="PASS" starttime="20210406 17:10:56.460" endtime="20210406 17:10:56.462"/>
</if>
<status status="PASS" starttime="20210406 17:10:35.708" endtime="20210406 17:10:56.462"/>
</kw>
<kw name="Wait For Element Visibility On Android" library="A_Common">
<arg>${vf_A_userName}</arg>
<kw name="Wait Until Element Is Visible" library="AppiumLibrary">
<arg>${element}</arg>
<arg>timeout=20</arg>
<doc>Waits until element specified with `locator` is visible.</doc>
<status status="PASS" starttime="20210406 17:10:56.462" endtime="20210406 17:10:56.674"/>
</kw>
<status status="PASS" starttime="20210406 17:10:56.462" endtime="20210406 17:10:56.675"/>
</kw>
<kw name="Input Text" library="AppiumLibrary">
<arg>${vf_A_userName}</arg>
<arg>${e_appleUserId}</arg>
<doc>Types the given `text` into text field identified by `locator`.</doc>
<msg timestamp="20210406 17:10:56.683" level="INFO">Typing text 'abcd@dot.com' into text field 'xpath=//*[@class='android.widget.EditText']'</msg>
<status status="PASS" starttime="20210406 17:10:56.675" endtime="20210406 17:10:56.874"/>
</kw>
<kw name="Log To Console" library="BuiltIn">
<arg>Username Entered!</arg>
<doc>Logs the given message to the console.</doc>
<status status="PASS" starttime="20210406 17:10:56.874" endtime="20210406 17:10:56.875"/>
</kw>
<kw name="Wait And Click Element On Android" library="A_Common">
<arg>${vf_A_appleEnterBtn}</arg>
<kw name="Wait For Element Visibility On Android" library="A_Common">
<arg>${element}</arg>
<kw name="Wait Until Element Is Visible" library="AppiumLibrary">
<arg>${element}</arg>
<arg>timeout=20</arg>
<doc>Waits until element specified with `locator` is visible.</doc>
<status status="PASS" starttime="20210406 17:10:56.876" endtime="20210406 17:10:57.674"/>
</kw>
<status status="PASS" starttime="20210406 17:10:56.876" endtime="20210406 17:10:57.675"/>
</kw>
<kw name="Click Element" library="AppiumLibrary">
<arg>${element}</arg>
<doc>Click element identified by `locator`.</doc>
<msg timestamp="20210406 17:10:57.684" level="INFO">Clicking element 'xpath=//*[@resource-id='sign-in']'.</msg>
<status status="PASS" starttime="20210406 17:10:57.675" endtime="20210406 17:10:57.885"/>
</kw>
<status status="PASS" starttime="20210406 17:10:56.875" endtime="20210406 17:10:57.885"/>
</kw>
<kw name="Wait For Element Visibility On Android" library="A_Common">
<arg>${vf_A_applePwd}</arg>
<kw name="Wait Until Element Is Visible" library="AppiumLibrary">
<arg>${element}</arg>
<arg>timeout=20</arg>
<doc>Waits until element specified with `locator` is visible.</doc>
<status status="PASS" starttime="20210406 17:10:57.886" endtime="20210406 17:10:58.855"/>
</kw>
<status status="PASS" starttime="20210406 17:10:57.885" endtime="20210406 17:10:58.855"/>
</kw>
<kw name="Input Text" library="AppiumLibrary">
<arg>${vf_A_applePwd}</arg>
<arg>${e_applePwd}</arg>
<doc>Types the given `text` into text field identified by `locator`.</doc>
<msg timestamp="20210406 17:10:58.864" level="INFO">Typing text 'Moolya@123' into text field 'xpath=//*[@class='android.widget.EditText']'</msg>
<status status="PASS" starttime="20210406 17:10:58.856" endtime="20210406 17:10:59.037"/>
</kw>
<kw name="Log To Console" library="BuiltIn">
<arg>Password Entered</arg>
<doc>Logs the given message to the console.</doc>
<status status="PASS" starttime="20210406 17:10:59.037" endtime="20210406 17:10:59.038"/>
</kw>
<kw name="Navigate Back To Signin Screen If Element Visible" library="A_Common">
<arg>${vf_A_appleContWithAccPage}</arg>
<kw name="Run Keyword And Return Status" library="BuiltIn">
<var>${isElementVisible}</var>
<arg>Verify Element Visibility</arg>
<arg>${element}</arg>
<doc>Runs the given keyword with given arguments and returns the status as a Boolean value.</doc>
<kw name="Verify Element Visibility" library="A_Common">
<arg>${element}</arg>
<kw name="Wait For Element Visibility On Android" library="A_Common">
<arg>${element}</arg>
<kw name="Wait Until Element Is Visible" library="AppiumLibrary">
<arg>${element}</arg>
<arg>timeout=20</arg>
<doc>Waits until element specified with `locator` is visible.</doc>
<status status="PASS" starttime="20210406 17:10:59.046" endtime="20210406 17:11:00.450"/>
</kw>
<status status="PASS" starttime="20210406 17:10:59.042" endtime="20210406 17:11:00.451"/>
</kw>
<kw name="Element Should Be Visible" library="AppiumLibrary">
<arg>${element}</arg>
<doc>Verifies that element identified with locator is visible.</doc>
<status status="PASS" starttime="20210406 17:11:00.451" endtime="20210406 17:11:00.551"/>
</kw>
<status status="PASS" starttime="20210406 17:10:59.040" endtime="20210406 17:11:00.551"/>
</kw>
<msg timestamp="20210406 17:11:00.551" level="INFO">${isElementVisible} = True</msg>
<status status="PASS" starttime="20210406 17:10:59.039" endtime="20210406 17:11:00.551"/>
</kw>
<if>
<branch type="IF" condition="${isElementVisible}">
<kw name="Go Back" library="AppiumLibrary">
<doc>Goes one step backward in the browser history.</doc>
<status status="PASS" starttime="20210406 17:11:00.552" endtime="20210406 17:11:00.606"/>
</kw>
<kw name="Log To Console" library="BuiltIn">
<arg>Came back to previous screen</arg>
<doc>Logs the given message to the console.</doc>
<status status="PASS" starttime="20210406 17:11:00.607" endtime="20210406 17:11:00.607"/>
</kw>
<status status="PASS" starttime="20210406 17:11:00.552" endtime="20210406 17:11:00.607"/>
</branch>
<branch type="ELSE">
<kw name="Log To Console" library="BuiltIn">
<arg>Continuing without any action</arg>
<doc>Logs the given message to the console.</doc>
<status status="NOT RUN" starttime="20210406 17:11:00.607" endtime="20210406 17:11:00.607"/>
</kw>
<status status="NOT RUN" starttime="20210406 17:11:00.607" endtime="20210406 17:11:00.607"/>
</branch>
<status status="PASS" starttime="20210406 17:11:00.551" endtime="20210406 17:11:00.608"/>
</if>
<status status="PASS" starttime="20210406 17:10:59.038" endtime="20210406 17:11:00.608"/>
</kw>
<kw name="Close Android Keyboard" library="A_Common">
<kw name="Hide Keyboard" library="AppiumLibrary">
<doc>Hides the software keyboard on the device. (optional) In iOS, use `key_name` to press
a particular key, ex. `Done`. In Android, no parameters are used.</doc>
<status status="PASS" starttime="20210406 17:11:00.610" endtime="20210406 17:11:05.296"/>
</kw>
<status status="PASS" starttime="20210406 17:11:00.608" endtime="20210406 17:11:05.296"/>
</kw>
<kw name="Wait And Click Element On Android" library="A_Common">
<arg>${vf_A_appleSigninBtn}</arg>
<kw name="Wait For Element Visibility On Android" library="A_Common">
<arg>${element}</arg>
<kw name="Wait Until Element Is Visible" library="AppiumLibrary">
<arg>${element}</arg>
<arg>timeout=20</arg>
<doc>Waits until element specified with `locator` is visible.</doc>
<status status="PASS" starttime="20210406 17:11:05.298" endtime="20210406 17:11:05.478"/>
</kw>
<status status="PASS" starttime="20210406 17:11:05.297" endtime="20210406 17:11:05.479"/>
</kw>
<kw name="Click Element" library="AppiumLibrary">
<arg>${element}</arg>
<doc>Click element identified by `locator`.</doc>
<msg timestamp="20210406 17:11:05.485" level="INFO">Clicking element 'xpath=//*[@text=' Continue ']'.</msg>
<status status="PASS" starttime="20210406 17:11:05.479" endtime="20210406 17:11:06.545"/>
</kw>
<status status="PASS" starttime="20210406 17:11:05.297" endtime="20210406 17:11:06.546"/>
</kw>
<kw name="Log To Console" library="BuiltIn">
<arg>Logging in with Apple</arg>
<doc>Logs the given message to the console.</doc>
<status status="PASS" starttime="20210406 17:11:06.546" endtime="20210406 17:11:06.546"/>
</kw>
<kw name="Verify Error Message Displayed" library="A_Common">
<arg>${e_invalidFacebookLoginErrorTxt}</arg>
<kw name="Wait For Page Conatin Element" library="A_Common">
<arg>${errorMsg}</arg>
<arg>30s</arg>
<kw name="Wait Until Page Contains" library="AppiumLibrary">
<arg>${element}</arg>
<arg>${timeout}</arg>
<doc>Waits until `text` appears on current page.</doc>
<msg timestamp="20210406 17:11:37.053" level="INFO">&lt;?xml version='1.0' encoding='UTF-8' standalone='yes' ?&gt;
&lt;hierarchy index="0" class="hierarchy" rotation="0" width="1080" height="2132"&gt;
  &lt;android.widget.FrameLayout index="0" package="com.android.chrome" class="android.widget.FrameLayout" text="" checkable="false" checked="false" clickable="false" enabled="true" focusable="false" focused="false" long-clickable="false" password="false" scrollable="false" selected="false" bounds="[0,0][1080,2132]" displayed="true"&gt;
    &lt;android.widget.LinearLayout index="0" package="com.android.chrome" class="android.widget.LinearLayout" text="" checkable="false" checked="false" clickable="false" enabled="true" focusable="false" focused="false" long-clickable="false" password="false" scrollable="false" selected="false" bounds="[0,0][1080,2132]" displayed="true"&gt;
      &lt;android.widget.FrameLayout index="0" package="com.android.chrome" class="android.widget.FrameLayout" text="" checkable="false" checked="false" clickable="false" enabled="true" focusable="false" focused="false" long-clickable="false" password="false" scrollable="false" selected="false" bounds="[0,96][1080,2132]" displayed="true"&gt;
        &lt;android.view.ViewGroup index="0" package="com.android.chrome" class="android.view.ViewGroup" text="" resource-id="com.android.chrome:id/decor_content_parent" checkable="false" checked="false" clickable="false" enabled="true" focusable="false" focused="false" long-clickable="false" password="false" scrollable="false" selected="false" bounds="[0,96][1080,2132]" displayed="true"&gt;
          &lt;android.widget.FrameLayout index="0" package="com.android.chrome" class="android.widget.FrameLayout" text="" resource-id="com.android.chrome:id/action_bar_container" checkable="false" checked="false" clickable="false" enabled="true" focusable="false" focused="false" long-clickable="false" password="false" scrollable="false" selected="false" bounds="[0,96][1080,264]" displayed="true"&gt;
            &lt;android.view.ViewGroup index="0" package="com.android.chrome" class="android.view.ViewGroup" text="" resource-id="com.android.chrome:id/action_bar" checkable="false" checked="false" clickable="false" enabled="true" focusable="false" focused="false" long-clickable="false" password="false" scrollable="false" selected="false" bounds="[0,96][1080,264]" displayed="true"&gt;
              &lt;android.widget.ImageButton index="0" package="com.android.chrome" class="android.widget.ImageButton" text="" content-desc="Navigate up" checkable="false" checked="false" clickable="true" enabled="true" focusable="true" focused="false" long-clickable="false" password="false" scrollable="false" selected="false" bounds="[0,96][168,264]" displayed="true" /&gt;
              &lt;android.widget.TextView index="1" package="com.android.chrome" class="android.widget.TextView" text="Passwords" checkable="false" checked="false" clickable="false" enabled="true" focusable="false" focused="false" long-clickable="false" password="false" scrollable="false" selected="false" bounds="[216,139][532,220]" displayed="true" /&gt;
              &lt;androidx.appcompat.widget.LinearLayoutCompat index="2" package="com.android.chrome" class="androidx.appcompat.widget.LinearLayoutCompat" text="" checkable="false" checked="false" clickable="false" enabled="true" focusable="false" focused="false" long-clickable="false" password="false" scrollable="false" selected="false" bounds="[672,96][1080,264]" displayed="true"&gt;
                &lt;androidx.appcompat.widget.LinearLayoutCompat index="0" package="com.android.chrome" class="androidx.appcompat.widget.LinearLayoutCompat" text="" resource-id="com.android.chrome:id/menu_id_search" checkable="false" checked="false" clickable="false" enabled="true" focusable="true" focused="false" long-clickable="false" password="false" scrollable="false" selected="false" bounds="[672,108][816,252]" displayed="true"&gt;
                  &lt;android.widget.LinearLayout index="0" package="com.android.chrome" class="android.widget.LinearLayout" text="" resource-id="com.android.chrome:id/search_bar" checkable="false" checked="false" clickable="false" enabled="true" focusable="false" focused="false" long-clickable="false" password="false" scrollable="false" selected="false" bounds="[672,108][816,252]" displayed="true"&gt;
                    &lt;android.widget.ImageView index="0" package="com.android.chrome" class="android.widget.ImageView" text="" content-desc="Search" resource-id="com.android.chrome:id/search_button" checkable="false" checked="false" clickable="true" enabled="true" focusable="true" focused="false" long-clickable="false" password="false" scrollable="false" selected="false" bounds="[672,108][816,252]" displayed="true" /&gt;
                  &lt;/android.widget.LinearLayout&gt;
                &lt;/androidx.appcompat.widget.LinearLayoutCompat&gt;
                &lt;android.widget.TextView index="1" package="com.android.chrome" class="android.widget.TextView" text="" content-desc="Help &amp;amp; feedback" resource-id="com.android.chrome:id/menu_id_targeted_help" checkable="false" checked="false" clickable="true" enabled="true" focusable="true" focused="false" long-clickable="false" password="false" scrollable="false" selected="false" bounds="[816,108][960,252]" displayed="true" /&gt;
                &lt;android.widget.ImageView index="2" package="com.android.chrome" class="android.widget.ImageView" text="" content-desc="More options" checkable="false" checked="false" clickable="true" enabled="true" focusable="true" focused="false" long-clickable="true" password="false" scrollable="false" selected="false" bounds="[960,108][1080,252]" displayed="true" /&gt;
              &lt;/androidx.appcompat.widget.LinearLayoutCompat&gt;
            &lt;/android.view.ViewGroup&gt;
          &lt;/android.widget.FrameLayout&gt;
          &lt;android.widget.FrameLayout index="1" package="com.android.chrome" class="android.widget.FrameLayout" text="" resource-id="android:id/content" checkable="false" checked="false" clickable="false" enabled="true" focusable="false" focused="false" long-clickable="false" password="false" scrollable="false" selected="false" bounds="[0,264][1080,2132]" displayed="true"&gt;
            &lt;android.widget.LinearLayout index="0" package="com.android.chrome" class="android.widget.LinearLayout" text="" checkable="false" checked="false" clickable="false" enabled="true" focusable="false" focused="false" long-clickable="false" password="false" scrollable="false" selected="false" bounds="[0,264][1080,2132]" displayed="true"&gt;
              &lt;android.widget.FrameLayout index="0" package="com.android.chrome" class="android.widget.FrameLayout" text="" resource-id="android:id/list_container" checkable="false" checked="false" clickable="false" enabled="true" focusable="false" focused="false" long-clickable="false" password="false" scrollable="false" selected="false" bounds="[0,264][1080,2132]" displayed="true"&gt;
                &lt;androidx.recyclerview.widget.RecyclerView index="0" package="com.android.chrome" class="androidx.recyclerview.widget.RecyclerView" text="" resource-id="com.android.chrome:id/recycler_view" checkable="false" checked="false" clickable="false" enabled="true" focusable="true" focused="true" long-clickable="false" password="false" scrollable="true" selected="false" bounds="[0,264][1080,2132]" displayed="true"&gt;
                  &lt;android.widget.LinearLayout index="0" package="com.android.chrome" class="android.widget.LinearLayout" text="" checkable="false" checked="false" clickable="true" enabled="true" focusable="true" focused="false" long-clickable="false" password="false" scrollable="false" selected="false" bounds="[0,264][1080,482]" displayed="true"&gt;
                    &lt;android.widget.RelativeLayout index="0" package="com.android.chrome" class="android.widget.RelativeLayout" text="" checkable="false" checked="false" clickable="false" enabled="true" focusable="false" focused="false" long-clickable="false" password="false" scrollable="false" selected="false" bounds="[48,264][844,482]" displayed="true"&gt;
                      &lt;android.widget.TextView index="0" package="com.android.chrome" class="android.widget.TextView" text="Save passwords" resource-id="android:id/title" checkable="false" checked="false" clickable="false" enabled="true" focusable="false" focused="false" long-clickable="false" password="false" scrollable="false" selected="false" bounds="[48,312][397,377]" displayed="true" /&gt;
                      &lt;android.widget.TextView index="1" package="com.android.chrome" class="android.widget.TextView" text="On" resource-id="android:id/summary" checkable="false" checked="false" clickable="false" enabled="true" focusable="false" focused="false" long-clickable="false" password="false" scrollable="false" selected="false" bounds="[48,377][100,434]" displayed="true" /&gt;
                    &lt;/android.widget.RelativeLayout&gt;
                    &lt;android.widget.LinearLayout index="1" package="com.android.chrome" class="android.widget.LinearLayout" text="" resource-id="android:id/widget_frame" checkable="false" checked="false" clickable="false" enabled="true" focusable="false" focused="false" long-clickable="false" password="false" scrollable="false" selected="false" bounds="[844,264][1032,482]" displayed="true"&gt;
                      &lt;android.widget.Switch index="0" package="com.android.chrome" class="android.widget.Switch" text="ON" resource-id="com.android.chrome:id/switchWidget" checkable="true" checked="true" clickable="false" enabled="true" focusable="false" focused="false" long-clickable="false" password="false" scrollable="false" selected="false" bounds="[892,332][1032,413]" displayed="true" /&gt;
                    &lt;/android.widget.LinearLayout&gt;
                  &lt;/android.widget.LinearLayout&gt;
                  &lt;android.widget.LinearLayout index="1" package="com.android.chrome" class="android.widget.LinearLayout" text="" checkable="false" checked="false" clickable="true" enabled="true" focusable="true" focused="false" long-clickable="false" password="false" scrollable="false" selected="false" bounds="[0,485][1080,850]" displayed="true"&gt;
                    &lt;android.widget.RelativeLayout index="0" package="com.android.chrome" class="android.widget.RelativeLayout" text="" checkable="false" checked="false" clickable="false" enabled="true" focusable="false" focused="false" long-clickable="false" password="false" scrollable="false" selected="false" bounds="[48,485][844,850]" displayed="true"&gt;
                      &lt;android.widget.TextView index="0" package="com.android.chrome" class="android.widget.TextView" text="Auto Sign-in" resource-id="android:id/title" checkable="false" checked="false" clickable="false" enabled="true" focusable="false" focused="false" long-clickable="false" password="false" scrollable="false" selected="false" bounds="[48,533][307,598]" displayed="true" /&gt;
                      &lt;android.widget.TextView index="1" package="com.android.chrome" class="android.widget.TextView" text="Automatically sign in to websites using stored credentials. When the feature is off, you’ll be asked for verification every time before signing in to a website." resource-id="android:id/summary" checkable="false" checked="false" clickable="false" enabled="true" focusable="false" focused="false" long-clickable="false" password="false" scrollable="false" selected="false" bounds="[48,598][844,802]" displayed="true" /&gt;
                    &lt;/android.widget.RelativeLayout&gt;
                    &lt;android.widget.LinearLayout index="1" package="com.android.chrome" class="android.widget.LinearLayout" text="" resource-id="android:id/widget_frame" checkable="false" checked="false" clickable="false" enabled="true" focusable="false" focused="false" long-clickable="false" password="false" scrollable="false" selected="false" bounds="[844,485][1032,850]" displayed="true"&gt;
                      &lt;android.widget.Switch index="0" package="com.android.chrome" class="android.widget.Switch" text="ON" resource-id="com.android.chrome:id/switchWidget" checkable="true" checked="true" clickable="false" enabled="true" focusable="false" focused="false" long-clickable="false" password="false" scrollable="false" selected="false" bounds="[892,627][1032,708]" displayed="true" /&gt;
                    &lt;/android.widget.LinearLayout&gt;
                  &lt;/android.widget.LinearLayout&gt;
                  &lt;android.widget.LinearLayout index="2" package="com.android.chrome" class="android.widget.LinearLayout" text="" checkable="false" checked="false" clickable="true" enabled="true" focusable="true" focused="false" long-clickable="false" password="false" scrollable="false" selected="false" bounds="[0,853][1080,1120]" displayed="true"&gt;
                    &lt;android.widget.RelativeLayout index="0" package="com.android.chrome" class="android.widget.RelativeLayout" text="" checkable="false" checked="false" clickable="false" enabled="true" focusable="false" focused="false" long-clickable="false" password="false" scrollable="false" selected="false" bounds="[48,853][1032,1120]" displayed="true"&gt;
                      &lt;android.widget.TextView index="0" package="com.android.chrome" class="android.widget.TextView" text="Check passwords" resource-id="android:id/title" checkable="false" checked="false" clickable="false" enabled="true" focusable="false" focused="false" long-clickable="false" password="false" scrollable="false" selected="false" bounds="[48,901][425,966]" displayed="true" /&gt;
                      &lt;android.widget.TextView index="1" package="com.android.chrome" class="android.widget.TextView" text="Keep your passwords safe from data breaches and other security issues" resource-id="android:id/summary" checkable="false" checked="false" clickable="false" enabled="true" focusable="false" focused="false" long-clickable="false" password="false" scrollable="false" selected="false" bounds="[48,966][1032,1072]" displayed="true" /&gt;
                    &lt;/android.widget.RelativeLayout&gt;
                  &lt;/android.widget.LinearLayout&gt;
                  &lt;android.widget.TextView index="3" package="com.android.chrome" class="android.widget.TextView" text="Passwords" checkable="false" checked="false" clickable="false" enabled="true" focusable="false" focused="false" long-clickable="false" password="false" scrollable="false" selected="false" bounds="[0,1123][1080,1228]" displayed="true" /&gt;
                  &lt;android.widget.LinearLayout index="4" package="com.android.chrome" class="android.widget.LinearLayout" text="" checkable="false" checked="false" clickable="true" enabled="true" focusable="true" focused="false" long-clickable="false" password="false" scrollable="false" selected="false" bounds="[0,1276][1080,1494]" displayed="true"&gt;
                    &lt;android.widget.RelativeLayout index="0" package="com.android.chrome" class="android.widget.RelativeLayout" text="" checkable="false" checked="false" clickable="false" enabled="true" focusable="false" focused="false" long-clickable="false" password="false" scrollable="false" selected="false" bounds="[48,1276][1032,1494]" displayed="true"&gt;
                      &lt;android.widget.TextView index="0" package="com.android.chrome" class="android.widget.TextView" text="allengineerjob.com" resource-id="android:id/title" checkable="false" checked="false" clickable="false" enabled="true" focusable="false" focused="false" long-clickable="false" password="false" scrollable="false" selected="false" bounds="[48,1324][454,1389]" displayed="true" /&gt;
                      &lt;android.widget.TextView index="1" package="com.android.chrome" class="android.widget.TextView" text="ashackharat@gmail.com" resource-id="android:id/summary" checkable="false" checked="false" clickable="false" enabled="true" focusable="false" focused="false" long-clickable="false" password="false" scrollable="false" selected="false" bounds="[48,1389][514,1446]" displayed="true" /&gt;
                    &lt;/android.widget.RelativeLayout&gt;
                  &lt;/android.widget.LinearLayout&gt;
                  &lt;android.widget.LinearLayout index="5" package="com.android.chrome" class="android.widget.LinearLayout" text="" checkable="false" checked="false" clickable="true" enabled="true" focusable="true" focused="false" long-clickable="false" password="false" scrollable="false" selected="false" bounds="[0,1497][1080,1658]" displayed="true"&gt;
                    &lt;android.widget.RelativeLayout index="0" package="com.android.chrome" class="android.widget.RelativeLayout" text="" checkable="false" checked="false" clickable="false" enabled="true" focusable="false" focused="false" long-clickable="false" password="false" scrollable="false" selected="false" bounds="[48,1497][1032,1658]" displayed="true"&gt;
                      &lt;android.widget.TextView index="0" package="com.android.chrome" class="android.widget.TextView" text="amazon.in" resource-id="android:id/title" checkable="false" checked="false" clickable="false" enabled="true" focusable="false" focused="false" long-clickable="false" password="false" scrollable="false" selected="false" bounds="[48,1545][272,1610]" displayed="true" /&gt;
                    &lt;/android.widget.RelativeLayout&gt;
                  &lt;/android.widget.LinearLayout&gt;
                  &lt;android.widget.LinearLayout index="6" package="com.android.chrome" class="android.widget.LinearLayout" text="" checkable="false" checked="false" clickable="true" enabled="true" focusable="true" focused="false" long-clickable="false" password="false" scrollable="false" selected="false" bounds="[0,1661][1080,1879]" displayed="true"&gt;
                    &lt;android.widget.RelativeLayout index="0" package="com.android.chrome" class="android.widget.RelativeLayout" text="" checkable="false" checked="false" clickable="false" enabled="true" focusable="false" focused="false" long-clickable="false" password="false" scrollable="false" selected="false" bounds="[48,1661][1032,1879]" displayed="true"&gt;
                      &lt;android.widget.TextView index="0" package="com.android.chrome" class="android.widget.TextView" text="appleid.apple.com" resource-id="android:id/title" checkable="false" checked="false" clickable="false" enabled="true" focusable="false" focused="false" long-clickable="false" password="false" scrollable="false" selected="false" bounds="[48,1709][441,1774]" displayed="true" /&gt;
                      &lt;android.widget.TextView index="1" package="com.android.chrome" class="android.widget.TextView" text="asha.kharat@moolya.com" resource-id="android:id/summary" checkable="false" checked="false" clickable="false" enabled="true" focusable="false" focused="false" long-clickable="false" password="false" scrollable="false" selected="false" bounds="[48,1774][537,1831]" displayed="true" /&gt;
                    &lt;/android.widget.RelativeLayout&gt;
                  &lt;/android.widget.LinearLayout&gt;
                  &lt;android.widget.LinearLayout index="7" package="com.android.chrome" class="android.widget.LinearLayout" text="" checkable="false" checked="false" clickable="true" enabled="true" focusable="true" focused="false" long-clickable="false" password="false" scrollable="false" selected="false" bounds="[0,1882][1080,2043]" displayed="true"&gt;
                    &lt;android.widget.RelativeLayout index="0" package="com.android.chrome" class="android.widget.RelativeLayout" text="" checkable="false" checked="false" clickable="false" enabled="true" focusable="false" focused="false" long-clickable="false" password="false" scrollable="false" selected="false" bounds="[48,1882][1032,2043]" displayed="true"&gt;
                      &lt;android.widget.TextView index="0" package="com.android.chrome" class="android.widget.TextView" text="bayt.com" resource-id="android:id/title" checkable="false" checked="false" clickable="false" enabled="true" focusable="false" focused="false" long-clickable="false" password="false" scrollable="false" selected="false" bounds="[48,1930][247,1995]" displayed="true" /&gt;
                    &lt;/android.widget.RelativeLayout&gt;
                  &lt;/android.widget.LinearLayout&gt;
                  &lt;android.widget.LinearLayout index="8" package="com.android.chrome" class="android.widget.LinearLayout" text="" checkable="false" checked="false" clickable="true" enabled="true" focusable="true" focused="false" long-clickable="false" password="false" scrollable="false" selected="false" bounds="[0,2046][1080,2132]" displayed="true"&gt;
                    &lt;android.widget.RelativeLayout index="0" package="com.android.chrome" class="android.widget.RelativeLayout" text="" checkable="false" checked="false" clickable="false" enabled="true" focusable="false" focused="false" long-clickable="false" password="false" scrollable="false" selected="false" bounds="[48,2046][1032,2132]" displayed="true"&gt;
                      &lt;android.widget.TextView index="0" package="com.android.chrome" class="android.widget.TextView" text="sjobs.brassring.com" resource-id="android:id/title" checkable="false" checked="false" clickable="false" enabled="true" focusable="false" focused="false" long-clickable="false" password="false" scrollable="false" selected="false" bounds="[48,2094][483,2132]" displayed="true" /&gt;
                      &lt;android.widget.TextView index="1" package="com.android.chrome" class="android.widget.TextView" text="ashackharat@gmail.com" resource-id="android:id/summary" checkable="false" checked="false" clickable="false" enabled="true" focusable="false" focused="false" long-clickable="false" password="false" scrollable="false" selected="false" bounds="[48,2159][514,2208]" displayed="true" /&gt;
                    &lt;/android.widget.RelativeLayout&gt;
                  &lt;/android.widget.LinearLayout&gt;
                &lt;/androidx.recyclerview.widget.RecyclerView&gt;
              &lt;/android.widget.FrameLayout&gt;
            &lt;/android.widget.LinearLayout&gt;
          &lt;/android.widget.FrameLayout&gt;
        &lt;/android.view.ViewGroup&gt;
      &lt;/android.widget.FrameLayout&gt;
    &lt;/android.widget.LinearLayout&gt;
  &lt;/android.widget.FrameLayout&gt;
&lt;/hierarchy&gt;</msg>
<kw name="Capture Page Screenshot" library="AppiumLibrary">
<doc>Takes a screenshot of the current page and embeds it into the log.</doc>
<msg timestamp="20210406 17:11:37.660" level="INFO" html="true">&lt;/td&gt;&lt;/tr&gt;&lt;tr&gt;&lt;td colspan="3"&gt;&lt;a href="appium-screenshot-3.png"&gt;&lt;img src="appium-screenshot-3.png" width="800px"&gt;&lt;/a&gt;</msg>
<status status="PASS" starttime="20210406 17:11:37.054" endtime="20210406 17:11:37.660"/>
</kw>
<msg timestamp="20210406 17:11:37.661" level="FAIL">Text 'Your Apple ID or password was incorrect' did not appear in 30 seconds</msg>
<status status="FAIL" starttime="20210406 17:11:06.548" endtime="20210406 17:11:37.661"/>
</kw>
<status status="FAIL" starttime="20210406 17:11:06.547" endtime="20210406 17:11:37.661"/>
</kw>
<kw name="Verify Page Conatin Text" library="A_Common">
<arg>${errorMsg}</arg>
<status status="NOT RUN" starttime="20210406 17:11:37.661" endtime="20210406 17:11:37.661"/>
</kw>
<kw name="Log To Console" library="BuiltIn">
<arg>Verified Error Message</arg>
<doc>Logs the given message to the console.</doc>
<status status="NOT RUN" starttime="20210406 17:11:37.662" endtime="20210406 17:11:37.662"/>
</kw>
<status status="FAIL" starttime="20210406 17:11:06.547" endtime="20210406 17:11:37.662"/>
</kw>
<status status="FAIL" starttime="20210406 17:10:35.707" endtime="20210406 17:11:37.662"/>
</kw>
<tag>Signin</tag>
<tag>SL13</tag>
<status status="FAIL" starttime="20210406 17:10:11.092" endtime="20210406 17:11:37.662">Text 'Your Apple ID or password was incorrect' did not appear in 30 seconds</status>
</test>
<kw name="Quit Android Application" library="A_Common" type="TEARDOWN">
<kw name="Quit Application" library="AppiumLibrary">
<doc>Quit application. Application can be quit while Appium session is kept alive.
This keyword can be used to close application during test case or between test cases.</doc>
<status status="PASS" starttime="20210406 17:11:37.665" endtime="20210406 17:11:37.895"/>
</kw>
<status status="PASS" starttime="20210406 17:11:37.664" endtime="20210406 17:11:37.896"/>
</kw>
<status status="FAIL" starttime="20210406 17:09:55.245" endtime="20210406 17:11:37.896"/>
</suite>
<statistics>
<total>
<stat pass="0" fail="1" skip="0">All Tests</stat>
</total>
<tag>
<stat pass="0" fail="1" skip="0">Signin</stat>
<stat pass="0" fail="1" skip="0">SL13</stat>
</tag>
<suite>
<stat pass="0" fail="1" skip="0" id="s1" name="CurrentTest">CurrentTest</stat>
</suite>
</statistics>
<errors>
<msg timestamp="20210406 17:09:55.758" level="ERROR">Error in file '/Users/apple/Tools/Git/GitRepo/Resources/Utils/Android/A_Common.robot' on line 3: Importing library 'JSONLibrary' failed: ModuleNotFoundError: No module named 'JSONLibrary'
Traceback (most recent call last):
  None
PYTHONPATH:
  /usr/local/bin
  /usr/local/Cellar/python@3.9/3.9.2_1/Frameworks/Python.framework/Versions/3.9/lib/python39.zip
  /usr/local/Cellar/python@3.9/3.9.2_1/Frameworks/Python.framework/Versions/3.9/lib/python3.9
  /usr/local/Cellar/python@3.9/3.9.2_1/Frameworks/Python.framework/Versions/3.9/lib/python3.9/lib-dynload
  /usr/local/lib/python3.9/site-packages</msg>
</errors>
</robot>
