<?xml version="1.0" encoding="UTF-8"?>
<robot generator="Robot 4.0 (Python 3.9.2 on darwin)" generated="20210415 16:12:01.628" rpa="false" schemaversion="2">
<suite id="s1" name="A Tests" source="/Users/apple/workspace/VestedFinanceAutomation/VestedFinance/Tests/Android/A_Tests.robot">
<kw name="Open App On Emulator" library="A_Common" type="SETUP">
<kw name="Open Application" library="AppiumLibrary">
<arg>${server}</arg>
<arg>platformName=${platform}</arg>
<arg>deviceName=${emulator}</arg>
<arg>appPackage=${app_package}</arg>
<arg>appActivity=${app_activity}</arg>
<arg>automationName=Uiautomator2</arg>
<doc>Opens a new application to given Appium server.
Capabilities of appium server, Android and iOS,
Please check https://github.com/appium/appium/blob/master/docs/en/writing-running-appium/server-args.md
| *Option*            | *Man.* | *Description*     |
| remote_url          | Yes    | Appium server url |
| alias               | no     | alias             |</doc>
<status status="PASS" starttime="20210415 16:12:02.204" endtime="20210415 16:12:12.994"/>
</kw>
<kw name="Landing Page Is Loaded Completely" library="A_LandingPage">
<kw name="Wait For Element Visibility On Android" library="A_Common">
<arg>${vf_A_startInvestingBtn}</arg>
<kw name="Wait Until Element Is Visible" library="AppiumLibrary">
<arg>${element}</arg>
<arg>timeout=20</arg>
<doc>Waits until element specified with `locator` is visible.</doc>
<status status="PASS" starttime="20210415 16:12:12.996" endtime="20210415 16:12:16.929"/>
</kw>
<status status="PASS" starttime="20210415 16:12:12.995" endtime="20210415 16:12:16.929"/>
</kw>
<status status="PASS" starttime="20210415 16:12:12.995" endtime="20210415 16:12:16.929"/>
</kw>
<status status="PASS" starttime="20210415 16:12:02.204" endtime="20210415 16:12:16.929"/>
</kw>
<test id="s1-t1" name="Switch between Sign In and Sign up by selecting provided links">
<kw name="User Navigates To Signin Screen" library="A_SignIn">
<kw name="Click On Start Investing Button" library="A_LandingPage">
<kw name="Sleep" library="BuiltIn">
<arg>5s</arg>
<doc>Pauses the test executed for the given time.</doc>
<msg timestamp="20210415 16:12:21.934" level="INFO">Slept 5 seconds</msg>
<status status="PASS" starttime="20210415 16:12:16.932" endtime="20210415 16:12:21.935"/>
</kw>
<kw name="Click On Element If Visibile" library="A_Common">
<arg>${vf_A_startInvestingBtn}</arg>
<kw name="Run Keyword And Return Status" library="BuiltIn">
<var>${isElementVisible}</var>
<arg>Verify Element Visibility</arg>
<arg>${element}</arg>
<doc>Runs the given keyword with given arguments and returns the status as a Boolean value.</doc>
<kw name="Verify Element Visibility" library="A_Common">
<arg>${element}</arg>
<kw name="Wait For Element Visibility On Android" library="A_Common">
<arg>${element}</arg>
<kw name="Wait Until Element Is Visible" library="AppiumLibrary">
<arg>${element}</arg>
<arg>timeout=20</arg>
<doc>Waits until element specified with `locator` is visible.</doc>
<status status="PASS" starttime="20210415 16:12:21.937" endtime="20210415 16:12:22.089"/>
</kw>
<status status="PASS" starttime="20210415 16:12:21.937" endtime="20210415 16:12:22.089"/>
</kw>
<kw name="Element Should Be Visible" library="AppiumLibrary">
<arg>${element}</arg>
<doc>Verifies that element identified with locator is visible.</doc>
<status status="PASS" starttime="20210415 16:12:22.090" endtime="20210415 16:12:22.231"/>
</kw>
<status status="PASS" starttime="20210415 16:12:21.936" endtime="20210415 16:12:22.231"/>
</kw>
<msg timestamp="20210415 16:12:22.232" level="INFO">${isElementVisible} = True</msg>
<status status="PASS" starttime="20210415 16:12:21.936" endtime="20210415 16:12:22.232"/>
</kw>
<if>
<branch type="IF" condition="${isElementVisible}">
<kw name="Wait And Click Element On Android" library="A_Common">
<arg>${element}</arg>
<kw name="Wait For Element Visibility On Android" library="A_Common">
<arg>${element}</arg>
<kw name="Wait Until Element Is Visible" library="AppiumLibrary">
<arg>${element}</arg>
<arg>timeout=20</arg>
<doc>Waits until element specified with `locator` is visible.</doc>
<status status="PASS" starttime="20210415 16:12:22.233" endtime="20210415 16:12:22.358"/>
</kw>
<status status="PASS" starttime="20210415 16:12:22.232" endtime="20210415 16:12:22.359"/>
</kw>
<kw name="Click Element" library="AppiumLibrary">
<arg>${element}</arg>
<doc>Click element identified by `locator`.</doc>
<msg timestamp="20210415 16:12:22.368" level="INFO">Clicking element 'xpath=//*[@text='Start Investing']'.</msg>
<status status="PASS" starttime="20210415 16:12:22.359" endtime="20210415 16:12:22.544"/>
</kw>
<status status="PASS" starttime="20210415 16:12:22.232" endtime="20210415 16:12:22.545"/>
</kw>
<status status="PASS" starttime="20210415 16:12:22.232" endtime="20210415 16:12:22.545"/>
</branch>
<branch type="ELSE">
<kw name="Log To Console" library="BuiltIn">
<arg>Continuing without element click</arg>
<doc>Logs the given message to the console.</doc>
<status status="NOT RUN" starttime="20210415 16:12:22.545" endtime="20210415 16:12:22.545"/>
</kw>
<status status="NOT RUN" starttime="20210415 16:12:22.545" endtime="20210415 16:12:22.545"/>
</branch>
<status status="PASS" starttime="20210415 16:12:22.232" endtime="20210415 16:12:22.545"/>
</if>
<status status="PASS" starttime="20210415 16:12:21.935" endtime="20210415 16:12:22.545"/>
</kw>
<kw name="Run Keyword And Return Status" library="BuiltIn">
<var>${isElementVisible}</var>
<arg>Verify Element Visibility</arg>
<arg>${vf_A_chromeOption}</arg>
<doc>Runs the given keyword with given arguments and returns the status as a Boolean value.</doc>
<kw name="Verify Element Visibility" library="A_Common">
<arg>${vf_A_chromeOption}</arg>
<kw name="Wait For Element Visibility On Android" library="A_Common">
<arg>${element}</arg>
<kw name="Wait Until Element Is Visible" library="AppiumLibrary">
<arg>${element}</arg>
<arg>timeout=20</arg>
<doc>Waits until element specified with `locator` is visible.</doc>
<kw name="Capture Page Screenshot" library="AppiumLibrary">
<doc>Takes a screenshot of the current page and embeds it into the log.</doc>
<msg timestamp="20210415 16:12:43.947" level="INFO" html="true">&lt;/td&gt;&lt;/tr&gt;&lt;tr&gt;&lt;td colspan="3"&gt;&lt;a href="appium-screenshot-1.png"&gt;&lt;img src="appium-screenshot-1.png" width="800px"&gt;&lt;/a&gt;</msg>
<status status="PASS" starttime="20210415 16:12:42.845" endtime="20210415 16:12:43.947"/>
</kw>
<msg timestamp="20210415 16:12:43.948" level="FAIL">Element locator 'xpath=//*[@text='Chrome']' did not match any elements after 20 seconds</msg>
<status status="FAIL" starttime="20210415 16:12:22.547" endtime="20210415 16:12:43.948"/>
</kw>
<status status="FAIL" starttime="20210415 16:12:22.546" endtime="20210415 16:12:43.948"/>
</kw>
<kw name="Element Should Be Visible" library="AppiumLibrary">
<arg>${element}</arg>
<doc>Verifies that element identified with locator is visible.</doc>
<status status="NOT RUN" starttime="20210415 16:12:43.948" endtime="20210415 16:12:43.948"/>
</kw>
<status status="FAIL" starttime="20210415 16:12:22.546" endtime="20210415 16:12:43.949"/>
</kw>
<msg timestamp="20210415 16:12:43.949" level="INFO">${isElementVisible} = False</msg>
<status status="PASS" starttime="20210415 16:12:22.545" endtime="20210415 16:12:43.949"/>
</kw>
<if>
<branch type="IF" condition="${isElementVisible}">
<kw name="Choose Chrome Browser" library="A_Common">
<status status="NOT RUN" starttime="20210415 16:12:43.950" endtime="20210415 16:12:43.950"/>
</kw>
<status status="NOT RUN" starttime="20210415 16:12:43.950" endtime="20210415 16:12:43.950"/>
</branch>
<branch type="ELSE">
<kw name="Log To Console" library="BuiltIn">
<arg>Running on Real/Emulator Device</arg>
<doc>Logs the given message to the console.</doc>
<status status="PASS" starttime="20210415 16:12:43.951" endtime="20210415 16:12:43.951"/>
</kw>
<status status="PASS" starttime="20210415 16:12:43.950" endtime="20210415 16:12:43.951"/>
</branch>
<status status="PASS" starttime="20210415 16:12:43.949" endtime="20210415 16:12:43.951"/>
</if>
<status status="PASS" starttime="20210415 16:12:16.931" endtime="20210415 16:12:43.951"/>
</kw>
<kw name="Click On Element If Visibile" library="A_Common">
<arg>${vf_A_signInAsDiffUser}</arg>
<kw name="Run Keyword And Return Status" library="BuiltIn">
<var>${isElementVisible}</var>
<arg>Verify Element Visibility</arg>
<arg>${element}</arg>
<doc>Runs the given keyword with given arguments and returns the status as a Boolean value.</doc>
<kw name="Verify Element Visibility" library="A_Common">
<arg>${element}</arg>
<kw name="Wait For Element Visibility On Android" library="A_Common">
<arg>${element}</arg>
<kw name="Wait Until Element Is Visible" library="AppiumLibrary">
<arg>${element}</arg>
<arg>timeout=20</arg>
<doc>Waits until element specified with `locator` is visible.</doc>
<kw name="Capture Page Screenshot" library="AppiumLibrary">
<doc>Takes a screenshot of the current page and embeds it into the log.</doc>
<msg timestamp="20210415 16:13:04.679" level="INFO" html="true">&lt;/td&gt;&lt;/tr&gt;&lt;tr&gt;&lt;td colspan="3"&gt;&lt;a href="appium-screenshot-2.png"&gt;&lt;img src="appium-screenshot-2.png" width="800px"&gt;&lt;/a&gt;</msg>
<status status="PASS" starttime="20210415 16:13:04.016" endtime="20210415 16:13:04.679"/>
</kw>
<msg timestamp="20210415 16:13:04.679" level="FAIL">Element locator 'xpath=//*[@text='Sign in as a different user?']' did not match any elements after 20 seconds</msg>
<status status="FAIL" starttime="20210415 16:12:43.955" endtime="20210415 16:13:04.679"/>
</kw>
<status status="FAIL" starttime="20210415 16:12:43.954" endtime="20210415 16:13:04.680"/>
</kw>
<kw name="Element Should Be Visible" library="AppiumLibrary">
<arg>${element}</arg>
<doc>Verifies that element identified with locator is visible.</doc>
<status status="NOT RUN" starttime="20210415 16:13:04.680" endtime="20210415 16:13:04.680"/>
</kw>
<status status="FAIL" starttime="20210415 16:12:43.953" endtime="20210415 16:13:04.680"/>
</kw>
<msg timestamp="20210415 16:13:04.680" level="INFO">${isElementVisible} = False</msg>
<status status="PASS" starttime="20210415 16:12:43.952" endtime="20210415 16:13:04.680"/>
</kw>
<if>
<branch type="IF" condition="${isElementVisible}">
<kw name="Wait And Click Element On Android" library="A_Common">
<arg>${element}</arg>
<status status="NOT RUN" starttime="20210415 16:13:04.681" endtime="20210415 16:13:04.681"/>
</kw>
<status status="NOT RUN" starttime="20210415 16:13:04.680" endtime="20210415 16:13:04.681"/>
</branch>
<branch type="ELSE">
<kw name="Log To Console" library="BuiltIn">
<arg>Continuing without element click</arg>
<doc>Logs the given message to the console.</doc>
<status status="PASS" starttime="20210415 16:13:04.681" endtime="20210415 16:13:04.681"/>
</kw>
<status status="PASS" starttime="20210415 16:13:04.681" endtime="20210415 16:13:04.681"/>
</branch>
<status status="PASS" starttime="20210415 16:13:04.680" endtime="20210415 16:13:04.681"/>
</if>
<status status="PASS" starttime="20210415 16:12:43.951" endtime="20210415 16:13:04.681"/>
</kw>
<status status="PASS" starttime="20210415 16:12:16.931" endtime="20210415 16:13:04.681"/>
</kw>
<kw name="User Clicks On Signup Link" library="A_SignIn">
<kw name="Swipe By Percent" library="AppiumLibrary">
<arg>70</arg>
<arg>70</arg>
<arg>20</arg>
<arg>20</arg>
<arg>5000</arg>
<doc>Swipe from one percent of the screen to another percent, for an optional duration.
Normal swipe fails to scale for different screen resolutions, this can be avoided using percent.</doc>
<status status="PASS" starttime="20210415 16:13:04.682" endtime="20210415 16:13:07.092"/>
</kw>
<kw name="Wait And Click Element On Android" library="A_Common">
<arg>${vf_A_signUpLink}</arg>
<kw name="Wait For Element Visibility On Android" library="A_Common">
<arg>${element}</arg>
<kw name="Wait Until Element Is Visible" library="AppiumLibrary">
<arg>${element}</arg>
<arg>timeout=20</arg>
<doc>Waits until element specified with `locator` is visible.</doc>
<status status="PASS" starttime="20210415 16:13:07.094" endtime="20210415 16:13:07.221"/>
</kw>
<status status="PASS" starttime="20210415 16:13:07.094" endtime="20210415 16:13:07.221"/>
</kw>
<kw name="Click Element" library="AppiumLibrary">
<arg>${element}</arg>
<doc>Click element identified by `locator`.</doc>
<msg timestamp="20210415 16:13:07.228" level="INFO">Clicking element 'xpath=//*[@text='Sign up']'.</msg>
<status status="PASS" starttime="20210415 16:13:07.221" endtime="20210415 16:13:07.385"/>
</kw>
<status status="PASS" starttime="20210415 16:13:07.093" endtime="20210415 16:13:07.385"/>
</kw>
<status status="PASS" starttime="20210415 16:13:04.682" endtime="20210415 16:13:07.385"/>
</kw>
<kw name="User Clicks On Signin Link" library="A_SignIn">
<kw name="Swipe By Percent" library="AppiumLibrary">
<arg>70</arg>
<arg>70</arg>
<arg>20</arg>
<arg>20</arg>
<arg>5000</arg>
<doc>Swipe from one percent of the screen to another percent, for an optional duration.
Normal swipe fails to scale for different screen resolutions, this can be avoided using percent.</doc>
<status status="PASS" starttime="20210415 16:13:07.387" endtime="20210415 16:13:09.828"/>
</kw>
<kw name="Wait And Click Element On Android" library="A_Common">
<arg>${vf_A_signInLink}</arg>
<kw name="Wait For Element Visibility On Android" library="A_Common">
<arg>${element}</arg>
<kw name="Wait Until Element Is Visible" library="AppiumLibrary">
<arg>${element}</arg>
<arg>timeout=20</arg>
<doc>Waits until element specified with `locator` is visible.</doc>
<status status="PASS" starttime="20210415 16:13:09.829" endtime="20210415 16:13:09.962"/>
</kw>
<status status="PASS" starttime="20210415 16:13:09.829" endtime="20210415 16:13:09.963"/>
</kw>
<kw name="Click Element" library="AppiumLibrary">
<arg>${element}</arg>
<doc>Click element identified by `locator`.</doc>
<msg timestamp="20210415 16:13:09.971" level="INFO">Clicking element 'xpath=//*[@text='Sign in']'.</msg>
<status status="PASS" starttime="20210415 16:13:09.963" endtime="20210415 16:13:10.135"/>
</kw>
<status status="PASS" starttime="20210415 16:13:09.828" endtime="20210415 16:13:10.135"/>
</kw>
<status status="PASS" starttime="20210415 16:13:07.386" endtime="20210415 16:13:10.135"/>
</kw>
<tag>Signin</tag>
<tag>SL05</tag>
<status status="PASS" starttime="20210415 16:12:16.930" endtime="20210415 16:13:10.135"/>
</test>
<kw name="Quit Android Application" library="A_Common" type="TEARDOWN">
<kw name="Quit Application" library="AppiumLibrary">
<doc>Quit application. Application can be quit while Appium session is kept alive.
This keyword can be used to close application during test case or between test cases.</doc>
<status status="PASS" starttime="20210415 16:13:10.137" endtime="20210415 16:13:10.288"/>
</kw>
<status status="PASS" starttime="20210415 16:13:10.137" endtime="20210415 16:13:10.288"/>
</kw>
<status status="PASS" starttime="20210415 16:12:01.629" endtime="20210415 16:13:10.288"/>
</suite>
<statistics>
<total>
<stat pass="1" fail="0" skip="0">All Tests</stat>
</total>
<tag>
<stat pass="1" fail="0" skip="0">Signin</stat>
<stat pass="1" fail="0" skip="0">SL05</stat>
</tag>
<suite>
<stat pass="1" fail="0" skip="0" id="s1" name="A Tests">A Tests</stat>
</suite>
</statistics>
<errors>
<msg timestamp="20210415 16:12:01.902" level="ERROR">Error in file '/Users/apple/workspace/VestedFinanceAutomation/VestedFinance/Resources/Utils/Android/A_Common.robot' on line 3: Importing library 'JSONLibrary' failed: ModuleNotFoundError: No module named 'JSONLibrary'
Traceback (most recent call last):
  None
PYTHONPATH:
  /usr/local/bin
  /usr/local/Cellar/python@3.9/3.9.2_1/Frameworks/Python.framework/Versions/3.9/lib/python39.zip
  /usr/local/Cellar/python@3.9/3.9.2_1/Frameworks/Python.framework/Versions/3.9/lib/python3.9
  /usr/local/Cellar/python@3.9/3.9.2_1/Frameworks/Python.framework/Versions/3.9/lib/python3.9/lib-dynload
  /usr/local/lib/python3.9/site-packages</msg>
</errors>
</robot>
